#
# There is insufficient memory for the Java Runtime Environment to continue.
# Native memory allocation (malloc) failed to allocate 2254096 bytes. Error detail: Chunk::new
# Possible reasons:
#   The system is out of physical RAM or swap space
#   This process is running with CompressedOops enabled, and the Java Heap may be blocking the growth of the native heap
# Possible solutions:
#   Reduce memory load on the system
#   Increase physical memory or swap space
#   Check if swap backing store is full
#   Decrease Java heap size (-Xmx/-Xms)
#   Decrease number of Java threads
#   Decrease Java thread stack sizes (-Xss)
#   Set larger code cache with -XX:ReservedCodeCacheSize=
#   JVM is running with Unscaled Compressed Oops mode in which the Java heap is
#     placed in the first 4GB address space. The Java Heap base address is the
#     maximum limit for the native heap growth. Please use -XX:HeapBaseMinAddress
#     to set the Java Heap base and to place the Java Heap above 4GB virtual address.
# This output file may be truncated or incomplete.
#
#  Out of Memory Error (arena.cpp:168), pid=20896, tid=19908
#
# JRE version: OpenJDK Runtime Environment Temurin-21.0.8+9 (21.0.8+9) (build 21.0.8+9-LTS)
# Java VM: OpenJDK 64-Bit Server VM Temurin-21.0.8+9 (21.0.8+9-LTS, mixed mode, sharing, tiered, compressed oops, compressed class ptrs, parallel gc, windows-amd64)
# No core dump will be written. Minidumps are not enabled by default on client versions of Windows
#

---------------  S U M M A R Y ------------

Command Line: --add-modules=ALL-SYSTEM --add-opens=java.base/java.util=ALL-UNNAMED --add-opens=java.base/java.lang=ALL-UNNAMED --add-opens=java.base/sun.nio.fs=ALL-UNNAMED -Declipse.application=org.eclipse.jdt.ls.core.id1 -Dosgi.bundles.defaultStartLevel=4 -Declipse.product=org.eclipse.jdt.ls.core.product -Djava.import.generatesMetadataFilesAtProjectRoot=false -DDetectVMInstallationsJob.disabled=true -Dfile.encoding=utf8 -XX:+UseParallelGC -XX:GCTimeRatio=4 -XX:AdaptiveSizePolicyWeight=90 -Dsun.zip.disableMemoryMapping=true -Xmx2G -Xms100m -Xlog:disable -javaagent:c:\Users\User\.vscode\extensions\redhat.java-1.46.0-win32-x64\lombok\lombok-1.18.39-4050.jar -XX:+HeapDumpOnOutOfMemoryError -XX:HeapDumpPath=c:\Users\User\AppData\Roaming\Code\User\workspaceStorage\89619f1c39d7b59df5f6aae22b052292\redhat.java -Daether.dependencyCollector.impl=bf c:\Users\User\.vscode\extensions\redhat.java-1.46.0-win32-x64\server\plugins\org.eclipse.equinox.launcher_1.7.0.v20250519-0528.jar -configuration c:\Users\User\AppData\Roaming\Code\User\globalStorage\redhat.java\1.46.0\config_win -data c:\Users\User\AppData\Roaming\Code\User\workspaceStorage\89619f1c39d7b59df5f6aae22b052292\redhat.java\jdt_ws --pipe=\\.\pipe\lsp-4d24d1f6ebbb750978d64e1695713cd1-sock

Host: Intel(R) Core(TM) i5-10500H CPU @ 2.50GHz, 12 cores, 7G,  Windows 11 , 64 bit Build 26100 (10.0.26100.6725)
Time: Wed Oct 22 17:41:42 2025 Egypt Summer Time elapsed time: 2748.993713 seconds (0d 0h 45m 48s)

---------------  T H R E A D  ---------------

Current thread (0x000001c6f2379850):  JavaThread "C2 CompilerThread1" daemon [_thread_in_native, id=19908, stack(0x0000004f5ec00000,0x0000004f5ed00000) (1024K)]


Current CompileTask:
C2:2748993 18895       4       org.eclipse.jdt.internal.compiler.lookup.Scope$Substitutor::substitute (850 bytes)

Stack: [0x0000004f5ec00000,0x0000004f5ed00000]
Native frames: (J=compiled Java code, j=interpreted, Vv=VM code, C=native code)
V  [jvm.dll+0x6d2449]
V  [jvm.dll+0x8ae341]
V  [jvm.dll+0x8b08be]
V  [jvm.dll+0x8b0fa3]
V  [jvm.dll+0x280c96]
V  [jvm.dll+0xc581d]
V  [jvm.dll+0xc5d53]
V  [jvm.dll+0x3b9162]
V  [jvm.dll+0x385315]
V  [jvm.dll+0x38477a]
V  [jvm.dll+0x248ed0]
V  [jvm.dll+0x2484af]
V  [jvm.dll+0x1c89ee]
V  [jvm.dll+0x257d4d]
V  [jvm.dll+0x2562ea]
V  [jvm.dll+0x3f2d16]
V  [jvm.dll+0x857e6b]
V  [jvm.dll+0x6d0b0d]
C  [ucrtbase.dll+0x37b0]
C  [KERNEL32.DLL+0x2e8d7]
C  [ntdll.dll+0x8c53c]


---------------  P R O C E S S  ---------------

Threads class SMR info:
_java_thread_list=0x000001c6eb41d6d0, length=64, elements={
0x000001c6d26afa40, 0x000001c6eb058750, 0x000001c6eb0594a0, 0x000001c6e914c5d0,
0x000001c6e914d220, 0x000001c6eb05a750, 0x000001c6eb0608d0, 0x000001c6eb074500,
0x000001c6eb0a1c20, 0x000001c6eb174d20, 0x000001c6eb3201e0, 0x000001c6f0102120,
0x000001c6f04b4a70, 0x000001c6f00e20e0, 0x000001c6ebc2a090, 0x000001c6f08d3890,
0x000001c6f02dbf70, 0x000001c6f0212310, 0x000001c6f01c51c0, 0x000001c6f0a00160,
0x000001c6f0a007f0, 0x000001c6f0a028c0, 0x000001c6f0a01510, 0x000001c6f0a01ba0,
0x000001c6f0a02230, 0x000001c6f09ffad0, 0x000001c6f142d700, 0x000001c6f142fe60,
0x000001c6f142d070, 0x000001c6f1430b80, 0x000001c6f14304f0, 0x000001c6f1431210,
0x000001c6f142dd90, 0x000001c6f14318a0, 0x000001c6f142f7d0, 0x000001c6f142e420,
0x000001c6f1431f30, 0x000001c6f142eab0, 0x000001c6f2f56980, 0x000001c6f142f140,
0x000001c6f1432c50, 0x000001c6f1433970, 0x000001c6f2f562f0, 0x000001c6f2f58a50,
0x000001c6f2f576a0, 0x000001c6f2f555d0, 0x000001c6f2f590e0, 0x000001c6f2f59770,
0x000001c6f2f57d30, 0x000001c6f09ff440, 0x000001c6f0a00e80, 0x000001c6eb4a4e90,
0x000001c6eb4a5520, 0x000001c6eb4a3ae0, 0x000001c6eb4a4800, 0x000001c6eb4a4170,
0x000001c6eb4a20a0, 0x000001c6eb4a5bb0, 0x000001c6eb4a2730, 0x000001c6eb4a89a0,
0x000001c6eb4a75f0, 0x000001c6eb4a9030, 0x000001c6f2379850, 0x000001c6f2379f20
}

Java Threads: ( => current thread )
  0x000001c6d26afa40 JavaThread "main"                              [_thread_blocked, id=12592, stack(0x0000004f5a500000,0x0000004f5a600000) (1024K)]
  0x000001c6eb058750 JavaThread "Reference Handler"          daemon [_thread_blocked, id=20732, stack(0x0000004f5a900000,0x0000004f5aa00000) (1024K)]
  0x000001c6eb0594a0 JavaThread "Finalizer"                  daemon [_thread_blocked, id=8992, stack(0x0000004f5aa00000,0x0000004f5ab00000) (1024K)]
  0x000001c6e914c5d0 JavaThread "Signal Dispatcher"          daemon [_thread_blocked, id=4932, stack(0x0000004f5ab00000,0x0000004f5ac00000) (1024K)]
  0x000001c6e914d220 JavaThread "Attach Listener"            daemon [_thread_blocked, id=20820, stack(0x0000004f5ac00000,0x0000004f5ad00000) (1024K)]
  0x000001c6eb05a750 JavaThread "Service Thread"             daemon [_thread_blocked, id=20984, stack(0x0000004f5ad00000,0x0000004f5ae00000) (1024K)]
  0x000001c6eb0608d0 JavaThread "Monitor Deflation Thread"   daemon [_thread_blocked, id=19808, stack(0x0000004f5ae00000,0x0000004f5af00000) (1024K)]
  0x000001c6eb074500 JavaThread "C2 CompilerThread0"         daemon [_thread_in_native, id=9780, stack(0x0000004f5af00000,0x0000004f5b000000) (1024K)]
  0x000001c6eb0a1c20 JavaThread "C1 CompilerThread0"         daemon [_thread_blocked, id=20960, stack(0x0000004f5b000000,0x0000004f5b100000) (1024K)]
  0x000001c6eb174d20 JavaThread "Common-Cleaner"             daemon [_thread_blocked, id=20632, stack(0x0000004f5b100000,0x0000004f5b200000) (1024K)]
  0x000001c6eb3201e0 JavaThread "Notification Thread"        daemon [_thread_blocked, id=4500, stack(0x0000004f5b200000,0x0000004f5b300000) (1024K)]
  0x000001c6f0102120 JavaThread "Active Thread: Equinox Container: 25cede5c-56a9-43e5-8acb-8b53efd20c81"        [_thread_blocked, id=5088, stack(0x0000004f5bb00000,0x0000004f5bc00000) (1024K)]
  0x000001c6f04b4a70 JavaThread "Refresh Thread: Equinox Container: 25cede5c-56a9-43e5-8acb-8b53efd20c81" daemon [_thread_blocked, id=12852, stack(0x0000004f5bc00000,0x0000004f5bd00000) (1024K)]
  0x000001c6f00e20e0 JavaThread "Framework Event Dispatcher: Equinox Container: 25cede5c-56a9-43e5-8acb-8b53efd20c81" daemon [_thread_blocked, id=18308, stack(0x0000004f5be00000,0x0000004f5bf00000) (1024K)]
  0x000001c6ebc2a090 JavaThread "Start Level: Equinox Container: 25cede5c-56a9-43e5-8acb-8b53efd20c81" daemon [_thread_blocked, id=3784, stack(0x0000004f5bf00000,0x0000004f5c000000) (1024K)]
  0x000001c6f08d3890 JavaThread "Bundle File Closer"         daemon [_thread_blocked, id=6352, stack(0x0000004f5c200000,0x0000004f5c300000) (1024K)]
  0x000001c6f02dbf70 JavaThread "SCR Component Actor"        daemon [_thread_blocked, id=4200, stack(0x0000004f5c300000,0x0000004f5c400000) (1024K)]
  0x000001c6f0212310 JavaThread "Worker-JM"                         [_thread_blocked, id=17476, stack(0x0000004f5c400000,0x0000004f5c500000) (1024K)]
  0x000001c6f01c51c0 JavaThread "JNA Cleaner"                daemon [_thread_blocked, id=21180, stack(0x0000004f5c500000,0x0000004f5c600000) (1024K)]
  0x000001c6f0a00160 JavaThread "Worker-1"                          [_thread_blocked, id=19572, stack(0x0000004f5c700000,0x0000004f5c800000) (1024K)]
  0x000001c6f0a007f0 JavaThread "Java indexing"              daemon [_thread_in_Java, id=17568, stack(0x0000004f5c800000,0x0000004f5c900000) (1024K)]
  0x000001c6f0a028c0 JavaThread "Worker-3: Building"                [_thread_in_native, id=14384, stack(0x0000004f5cd00000,0x0000004f5ce00000) (1024K)]
  0x000001c6f0a01510 JavaThread "Thread-1"                   daemon [_thread_in_native, id=12384, stack(0x0000004f5ce00000,0x0000004f5cf00000) (1024K)]
  0x000001c6f0a01ba0 JavaThread "Thread-2"                   daemon [_thread_in_native, id=5364, stack(0x0000004f5cf00000,0x0000004f5d000000) (1024K)]
  0x000001c6f0a02230 JavaThread "Thread-3"                   daemon [_thread_in_native, id=13436, stack(0x0000004f5d000000,0x0000004f5d100000) (1024K)]
  0x000001c6f09ffad0 JavaThread "Thread-4"                   daemon [_thread_in_native, id=5848, stack(0x0000004f5d100000,0x0000004f5d200000) (1024K)]
  0x000001c6f142d700 JavaThread "Thread-5"                   daemon [_thread_in_native, id=12972, stack(0x0000004f5d200000,0x0000004f5d300000) (1024K)]
  0x000001c6f142fe60 JavaThread "Thread-6"                   daemon [_thread_in_native, id=20816, stack(0x0000004f5d300000,0x0000004f5d400000) (1024K)]
  0x000001c6f142d070 JavaThread "Thread-7"                   daemon [_thread_in_native, id=2788, stack(0x0000004f5d400000,0x0000004f5d500000) (1024K)]
  0x000001c6f1430b80 JavaThread "Thread-8"                   daemon [_thread_in_native, id=15880, stack(0x0000004f5d500000,0x0000004f5d600000) (1024K)]
  0x000001c6f14304f0 JavaThread "Thread-9"                   daemon [_thread_in_native, id=8500, stack(0x0000004f5d600000,0x0000004f5d700000) (1024K)]
  0x000001c6f1431210 JavaThread "Thread-10"                  daemon [_thread_in_native, id=1772, stack(0x0000004f5d700000,0x0000004f5d800000) (1024K)]
  0x000001c6f142dd90 JavaThread "Thread-11"                  daemon [_thread_in_native, id=19408, stack(0x0000004f5d800000,0x0000004f5d900000) (1024K)]
  0x000001c6f14318a0 JavaThread "Thread-12"                  daemon [_thread_in_native, id=20604, stack(0x0000004f5d900000,0x0000004f5da00000) (1024K)]
  0x000001c6f142f7d0 JavaThread "Thread-13"                  daemon [_thread_in_native, id=20140, stack(0x0000004f5da00000,0x0000004f5db00000) (1024K)]
  0x000001c6f142e420 JavaThread "pool-2-thread-1"                   [_thread_blocked, id=14088, stack(0x0000004f5db00000,0x0000004f5dc00000) (1024K)]
  0x000001c6f1431f30 JavaThread "WorkspaceEventsHandler"            [_thread_blocked, id=10288, stack(0x0000004f5dc00000,0x0000004f5dd00000) (1024K)]
  0x000001c6f142eab0 JavaThread "pool-1-thread-1"                   [_thread_blocked, id=11120, stack(0x0000004f5dd00000,0x0000004f5de00000) (1024K)]
  0x000001c6f2f56980 JavaThread "Cleaner-0"                  daemon [_thread_blocked, id=18384, stack(0x0000004f5c900000,0x0000004f5ca00000) (1024K)]
  0x000001c6f142f140 JavaThread "ForkJoinPool.commonPool-worker-28" daemon [_thread_blocked, id=18236, stack(0x0000004f5cb00000,0x0000004f5cc00000) (1024K)]
  0x000001c6f1432c50 JavaThread "ForkJoinPool.commonPool-worker-29" daemon [_thread_blocked, id=15712, stack(0x0000004f5cc00000,0x0000004f5cd00000) (1024K)]
  0x000001c6f1433970 JavaThread "Compiler Source File Reader" daemon [_thread_blocked, id=18208, stack(0x0000004f5a200000,0x0000004f5a300000) (1024K)]
  0x000001c6f2f562f0 JavaThread "Compiler Processing Task"   daemon [_thread_blocked, id=21472, stack(0x0000004f5a400000,0x0000004f5a500000) (1024K)]
  0x000001c6f2f58a50 JavaThread "Compiler Source File Reader" daemon [_thread_blocked, id=12488, stack(0x0000004f5b300000,0x0000004f5b400000) (1024K)]
  0x000001c6f2f576a0 JavaThread "Compiler Source File Reader" daemon [_thread_blocked, id=13824, stack(0x0000004f5ba00000,0x0000004f5bb00000) (1024K)]
  0x000001c6f2f555d0 JavaThread "Compiler Source File Reader" daemon [_thread_blocked, id=14748, stack(0x0000004f5c600000,0x0000004f5c700000) (1024K)]
  0x000001c6f2f590e0 JavaThread "Compiler Source File Reader" daemon [_thread_blocked, id=17220, stack(0x0000004f5ca00000,0x0000004f5cb00000) (1024K)]
  0x000001c6f2f59770 JavaThread "Compiler Source File Reader" daemon [_thread_blocked, id=8696, stack(0x0000004f5de00000,0x0000004f5df00000) (1024K)]
  0x000001c6f2f57d30 JavaThread "Compiler Source File Reader" daemon [_thread_blocked, id=12100, stack(0x0000004f5df00000,0x0000004f5e000000) (1024K)]
  0x000001c6f09ff440 JavaThread "Compiler Source File Reader" daemon [_thread_blocked, id=14248, stack(0x0000004f5e000000,0x0000004f5e100000) (1024K)]
  0x000001c6f0a00e80 JavaThread "Compiler Source File Reader" daemon [_thread_blocked, id=21392, stack(0x0000004f5e100000,0x0000004f5e200000) (1024K)]
  0x000001c6eb4a4e90 JavaThread "Worker-6"                          [_thread_blocked, id=13784, stack(0x0000004f5e300000,0x0000004f5e400000) (1024K)]
  0x000001c6eb4a5520 JavaThread "ForkJoinPool.commonPool-worker-32" daemon [_thread_blocked, id=8900, stack(0x0000004f5a300000,0x0000004f5a400000) (1024K)]
  0x000001c6eb4a3ae0 JavaThread "Compiler Source File Reader" daemon [_thread_blocked, id=8324, stack(0x0000004f5e400000,0x0000004f5e500000) (1024K)]
  0x000001c6eb4a4800 JavaThread "ForkJoinPool.commonPool-worker-34" daemon [_thread_blocked, id=9576, stack(0x0000004f5e200000,0x0000004f5e300000) (1024K)]
  0x000001c6eb4a4170 JavaThread "ForkJoinPool.commonPool-worker-33" daemon [_thread_blocked, id=19924, stack(0x0000004f5e500000,0x0000004f5e600000) (1024K)]
  0x000001c6eb4a20a0 JavaThread "ForkJoinPool.commonPool-worker-35" daemon [_thread_blocked, id=1860, stack(0x0000004f5e600000,0x0000004f5e700000) (1024K)]
  0x000001c6eb4a5bb0 JavaThread "ForkJoinPool.commonPool-worker-36" daemon [_thread_blocked, id=17764, stack(0x0000004f5e700000,0x0000004f5e800000) (1024K)]
  0x000001c6eb4a2730 JavaThread "ForkJoinPool.commonPool-worker-37" daemon [_thread_blocked, id=18420, stack(0x0000004f5e800000,0x0000004f5e900000) (1024K)]
  0x000001c6eb4a89a0 JavaThread "ForkJoinPool.commonPool-worker-40" daemon [_thread_blocked, id=16848, stack(0x0000004f5e900000,0x0000004f5ea00000) (1024K)]
  0x000001c6eb4a75f0 JavaThread "ForkJoinPool.commonPool-worker-38" daemon [_thread_blocked, id=19236, stack(0x0000004f5ea00000,0x0000004f5eb00000) (1024K)]
  0x000001c6eb4a9030 JavaThread "ForkJoinPool.commonPool-worker-39" daemon [_thread_blocked, id=18132, stack(0x0000004f5eb00000,0x0000004f5ec00000) (1024K)]
=>0x000001c6f2379850 JavaThread "C2 CompilerThread1"         daemon [_thread_in_native, id=19908, stack(0x0000004f5ec00000,0x0000004f5ed00000) (1024K)]
  0x000001c6f2379f20 JavaThread "C2 CompilerThread2"         daemon [_thread_in_native, id=20992, stack(0x0000004f5ed00000,0x0000004f5ee00000) (1024K)]
Total: 64

Other Threads:
  0x000001c6d276e7f0 VMThread "VM Thread"                           [id=16408, stack(0x0000004f5a800000,0x0000004f5a900000) (1024K)]
  0x000001c6e902ca00 WatcherThread "VM Periodic Task Thread"        [id=9872, stack(0x0000004f5a700000,0x0000004f5a800000) (1024K)]
  0x000001c6d26cced0 WorkerThread "GC Thread#0"                     [id=1884, stack(0x0000004f5a600000,0x0000004f5a700000) (1024K)]
  0x000001c6eb979830 WorkerThread "GC Thread#1"                     [id=17876, stack(0x0000004f5b400000,0x0000004f5b500000) (1024K)]
  0x000001c6eb4f4a60 WorkerThread "GC Thread#2"                     [id=18000, stack(0x0000004f5b500000,0x0000004f5b600000) (1024K)]
  0x000001c6eb4f4e00 WorkerThread "GC Thread#3"                     [id=6252, stack(0x0000004f5b600000,0x0000004f5b700000) (1024K)]
  0x000001c6ebc14620 WorkerThread "GC Thread#4"                     [id=19884, stack(0x0000004f5b700000,0x0000004f5b800000) (1024K)]
  0x000001c6ebc149c0 WorkerThread "GC Thread#5"                     [id=12984, stack(0x0000004f5b800000,0x0000004f5b900000) (1024K)]
  0x000001c6eb9ac0a0 WorkerThread "GC Thread#6"                     [id=3544, stack(0x0000004f5b900000,0x0000004f5ba00000) (1024K)]
  0x000001c6f00c4040 WorkerThread "GC Thread#7"                     [id=19548, stack(0x0000004f5bd00000,0x0000004f5be00000) (1024K)]
  0x000001c6f044fdb0 WorkerThread "GC Thread#8"                     [id=11572, stack(0x0000004f5c000000,0x0000004f5c100000) (1024K)]
  0x000001c6f0433f30 WorkerThread "GC Thread#9"                     [id=12156, stack(0x0000004f5c100000,0x0000004f5c200000) (1024K)]
Total: 12

Threads with active compile tasks:
C2 CompilerThread0  2749088 18921   !   4       org.eclipse.core.internal.registry.ConfigurationElement::createExecutableExtension (419 bytes)
C2 CompilerThread1  2749088 18895       4       org.eclipse.jdt.internal.compiler.lookup.Scope$Substitutor::substitute (850 bytes)
C2 CompilerThread2  2749088 18925       4       java.net.URI$Parser::parse (243 bytes)
Total: 3

VM state: not at safepoint (normal execution)

VM Mutex/Monitor currently owned by a thread: None

Heap address: 0x0000000080000000, size: 2048 MB, Compressed Oops mode: 32-bit

CDS archive(s) mapped at: [0x000001c680000000-0x000001c680ba0000-0x000001c680ba0000), size 12189696, SharedBaseAddress: 0x000001c680000000, ArchiveRelocationMode: 1.
Compressed class space mapped at: 0x000001c681000000-0x000001c6c1000000, reserved size: 1073741824
Narrow klass base: 0x000001c680000000, Narrow klass shift: 0, Narrow klass range: 0x100000000

GC Precious Log:
 CardTable entry size: 512
 CPUs: 12 total, 12 available
 Memory: 7967M
 Large Page Support: Disabled
 NUMA Support: Disabled
 Compressed Oops: Enabled (32-bit)
 Alignments: Space 512K, Generation 512K, Heap 2M
 Heap Min Capacity: 100M
 Heap Initial Capacity: 100M
 Heap Max Capacity: 2G
 Pre-touch: Disabled
 Parallel Workers: 10

Heap:
 PSYoungGen      total 7680K, used 6254K [0x00000000d5580000, 0x00000000d6400000, 0x0000000100000000)
  eden space 5632K, 74% used [0x00000000d5580000,0x00000000d599fbd0,0x00000000d5b00000)
  from space 2048K, 99% used [0x00000000d6200000,0x00000000d63fc000,0x00000000d6400000)
  to   space 4096K, 0% used [0x00000000d5c00000,0x00000000d5c00000,0x00000000d6000000)
 ParOldGen       total 432640K, used 431568K [0x0000000080000000, 0x000000009a680000, 0x00000000d5580000)
  object space 432640K, 99% used [0x0000000080000000,0x000000009a574090,0x000000009a680000)
 Metaspace       used 80936K, committed 82688K, reserved 1179648K
  class space    used 8222K, committed 9024K, reserved 1048576K

Card table byte_map: [0x000001c6d2050000,0x000001c6d2460000] _byte_map_base: 0x000001c6d1c50000

Marking Bits: (ParMarkBitMap*) 0x00007ffbc490a340
 Begin Bits: [0x000001c6e4b50000, 0x000001c6e6b50000)
 End Bits:   [0x000001c6e6b50000, 0x000001c6e8b50000)

Polling page: 0x000001c6d1e30000

Metaspace:

Usage:
  Non-class:     71.01 MB used.
      Class:      8.03 MB used.
       Both:     79.04 MB used.

Virtual space:
  Non-class space:      128.00 MB reserved,      71.94 MB ( 56%) committed,  2 nodes.
      Class space:        1.00 GB reserved,       8.81 MB ( <1%) committed,  1 nodes.
             Both:        1.12 GB reserved,      80.75 MB (  7%) committed. 

Chunk freelists:
   Non-Class:  7.44 MB
       Class:  7.19 MB
        Both:  14.62 MB

MaxMetaspaceSize: unlimited
CompressedClassSpaceSize: 1.00 GB
Initial GC threshold: 21.00 MB
Current GC threshold: 125.12 MB
CDS: on
 - commit_granule_bytes: 65536.
 - commit_granule_words: 8192.
 - virtual_space_node_default_size: 8388608.
 - enlarge_chunks_in_place: 1.
 - use_allocation_guard: 0.


Internal statistics:

num_allocs_failed_limit: 9.
num_arena_births: 1646.
num_arena_deaths: 40.
num_vsnodes_births: 3.
num_vsnodes_deaths: 0.
num_space_committed: 1292.
num_space_uncommitted: 0.
num_chunks_returned_to_freelist: 60.
num_chunks_taken_from_freelist: 5655.
num_chunk_merges: 16.
num_chunk_splits: 3425.
num_chunks_enlarged: 1900.
num_inconsistent_stats: 0.

CodeHeap 'non-profiled nmethods': size=120000Kb used=16556Kb max_used=16556Kb free=103443Kb
 bounds [0x000001c6dd370000, 0x000001c6de3a0000, 0x000001c6e48a0000]
CodeHeap 'profiled nmethods': size=120000Kb used=42165Kb max_used=42165Kb free=77834Kb
 bounds [0x000001c6d58a0000, 0x000001c6d81d0000, 0x000001c6dcdd0000]
CodeHeap 'non-nmethods': size=5760Kb used=1491Kb max_used=1620Kb free=4268Kb
 bounds [0x000001c6dcdd0000, 0x000001c6dd040000, 0x000001c6dd370000]
CodeCache: size=245760Kb, used=60212Kb, max_used=60341Kb, free=185545Kb
 total_blobs=17799, nmethods=16990, adapters=709, full_count=0
Compilation: enabled, stopped_count=0, restarted_count=0

Compilation events (20 events):
Event: 2748.808 Thread 0x000001c6eb0a1c20 18934       3       org.eclipse.jdt.internal.compiler.flow.UnconditionalFlowInfo::mergedWith (2848 bytes)
Event: 2748.825 Thread 0x000001c6eb0a1c20 nmethod 18934 0x000001c6d81b5210 code [0x000001c6d81b5800, 0x000001c6d81b9730]
Event: 2748.843 Thread 0x000001c6eb0a1c20 18935       1       org.apache.maven.plugin.MojoExecution::getLifecyclePhase (5 bytes)
Event: 2748.843 Thread 0x000001c6eb0a1c20 nmethod 18935 0x000001c6de39ab10 code [0x000001c6de39aca0, 0x000001c6de39ad68]
Event: 2748.848 Thread 0x000001c6eb0a1c20 18936       3       org.apache.maven.lifecycle.internal.DefaultMojoExecutionConfigurator$$Lambda/0x000001c68167e478::apply (8 bytes)
Event: 2748.850 Thread 0x000001c6eb0a1c20 nmethod 18936 0x000001c6d81bc090 code [0x000001c6d81bc240, 0x000001c6d81bc478]
Event: 2748.850 Thread 0x000001c6eb0a1c20 18937       3       org.apache.maven.lifecycle.internal.DefaultMojoExecutionConfigurator$$Lambda/0x000001c68167e6b8::test (12 bytes)
Event: 2748.850 Thread 0x000001c6eb0a1c20 nmethod 18937 0x000001c6d81bc590 code [0x000001c6d81bc760, 0x000001c6d81bcad0]
Event: 2748.850 Thread 0x000001c6eb0a1c20 18938       1       org.apache.maven.plugin.MojoExecution::getConfiguration (5 bytes)
Event: 2748.850 Thread 0x000001c6eb0a1c20 nmethod 18938 0x000001c6de39ae10 code [0x000001c6de39afa0, 0x000001c6de39b068]
Event: 2748.850 Thread 0x000001c6eb0a1c20 18939       3       com.google.inject.Key::strategyFor (51 bytes)
Event: 2748.860 Thread 0x000001c6eb0a1c20 nmethod 18939 0x000001c6d81bcc10 code [0x000001c6d81bd060, 0x000001c6d81bef58]
Event: 2748.861 Thread 0x000001c6eb0a1c20 18940       3       org.codehaus.plexus.configuration.DefaultPlexusConfiguration::getChild (14 bytes)
Event: 2748.861 Thread 0x000001c6eb0a1c20 nmethod 18940 0x000001c6d81bfb10 code [0x000001c6d81bfcc0, 0x000001c6d81bffa0]
Event: 2748.861 Thread 0x000001c6eb0a1c20 18941       3       org.codehaus.plexus.component.configurator.converters.AbstractConfigurationConverter::fromXML (5 bytes)
Event: 2748.862 Thread 0x000001c6eb0a1c20 nmethod 18941 0x000001c6d81c0090 code [0x000001c6d81c0240, 0x000001c6d81c0378]
Event: 2748.868 Thread 0x000001c6eb0a1c20 18943       3       sun.util.calendar.BaseCalendar::getGregorianYearFromFixedDate (179 bytes)
Event: 2748.874 Thread 0x000001c6eb0a1c20 nmethod 18943 0x000001c6d81c0410 code [0x000001c6d81c0660, 0x000001c6d81c1088]
Event: 2748.915 Thread 0x000001c6eb0a1c20 18944       3       org.codehaus.plexus.util.SelectorUtils::match (520 bytes)
Event: 2748.920 Thread 0x000001c6eb0a1c20 nmethod 18944 0x000001c6d81c1590 code [0x000001c6d81c18a0, 0x000001c6d81c2bb0]

GC Heap History (20 events):
Event: 2748.560 GC heap before
{Heap before GC invocations=333 (full 4):
 PSYoungGen      total 1024K, used 1023K [0x00000000d5580000, 0x00000000d5f80000, 0x0000000100000000)
  eden space 512K, 99% used [0x00000000d5580000,0x00000000d55fff88,0x00000000d5600000)
  from space 512K, 100% used [0x00000000d5980000,0x00000000d5a00000,0x00000000d5a00000)
  to   space 3584K, 0% used [0x00000000d5600000,0x00000000d5600000,0x00000000d5980000)
 ParOldGen       total 384512K, used 384318K [0x0000000080000000, 0x0000000097780000, 0x00000000d5580000)
  object space 384512K, 99% used [0x0000000080000000,0x000000009774f9a0,0x0000000097780000)
 Metaspace       used 80922K, committed 82688K, reserved 1179648K
  class space    used 8222K, committed 9024K, reserved 1048576K
}
Event: 2748.563 GC heap after
{Heap after GC invocations=333 (full 4):
 PSYoungGen      total 1536K, used 608K [0x00000000d5580000, 0x00000000d5a00000, 0x0000000100000000)
  eden space 512K, 0% used [0x00000000d5580000,0x00000000d5580000,0x00000000d5600000)
  from space 1024K, 59% used [0x00000000d5600000,0x00000000d5698000,0x00000000d5700000)
  to   space 1536K, 0% used [0x00000000d5880000,0x00000000d5880000,0x00000000d5a00000)
 ParOldGen       total 385024K, used 384822K [0x0000000080000000, 0x0000000097800000, 0x00000000d5580000)
  object space 385024K, 99% used [0x0000000080000000,0x00000000977cd9a0,0x0000000097800000)
 Metaspace       used 80922K, committed 82688K, reserved 1179648K
  class space    used 8222K, committed 9024K, reserved 1048576K
}
Event: 2748.571 GC heap before
{Heap before GC invocations=334 (full 4):
 PSYoungGen      total 1536K, used 1120K [0x00000000d5580000, 0x00000000d5a00000, 0x0000000100000000)
  eden space 512K, 100% used [0x00000000d5580000,0x00000000d5600000,0x00000000d5600000)
  from space 1024K, 59% used [0x00000000d5600000,0x00000000d5698000,0x00000000d5700000)
  to   space 1536K, 0% used [0x00000000d5880000,0x00000000d5880000,0x00000000d5a00000)
 ParOldGen       total 385024K, used 384822K [0x0000000080000000, 0x0000000097800000, 0x00000000d5580000)
  object space 385024K, 99% used [0x0000000080000000,0x00000000977cd9a0,0x0000000097800000)
 Metaspace       used 80922K, committed 82688K, reserved 1179648K
  class space    used 8222K, committed 9024K, reserved 1048576K
}
Event: 2748.580 GC heap after
{Heap after GC invocations=334 (full 4):
 PSYoungGen      total 2048K, used 576K [0x00000000d5580000, 0x00000000d5980000, 0x0000000100000000)
  eden space 1024K, 0% used [0x00000000d5580000,0x00000000d5580000,0x00000000d5680000)
  from space 1024K, 56% used [0x00000000d5880000,0x00000000d5910000,0x00000000d5980000)
  to   space 1024K, 0% used [0x00000000d5780000,0x00000000d5780000,0x00000000d5880000)
 ParOldGen       total 385536K, used 385342K [0x0000000080000000, 0x0000000097880000, 0x00000000d5580000)
  object space 385536K, 99% used [0x0000000080000000,0x000000009784f9a0,0x0000000097880000)
 Metaspace       used 80922K, committed 82688K, reserved 1179648K
  class space    used 8222K, committed 9024K, reserved 1048576K
}
Event: 2748.590 GC heap before
{Heap before GC invocations=335 (full 4):
 PSYoungGen      total 2048K, used 1600K [0x00000000d5580000, 0x00000000d5980000, 0x0000000100000000)
  eden space 1024K, 100% used [0x00000000d5580000,0x00000000d5680000,0x00000000d5680000)
  from space 1024K, 56% used [0x00000000d5880000,0x00000000d5910000,0x00000000d5980000)
  to   space 1024K, 0% used [0x00000000d5780000,0x00000000d5780000,0x00000000d5880000)
 ParOldGen       total 385536K, used 385342K [0x0000000080000000, 0x0000000097880000, 0x00000000d5580000)
  object space 385536K, 99% used [0x0000000080000000,0x000000009784f9a0,0x0000000097880000)
 Metaspace       used 80922K, committed 82688K, reserved 1179648K
  class space    used 8222K, committed 9024K, reserved 1048576K
}
Event: 2748.595 GC heap after
{Heap after GC invocations=335 (full 4):
 PSYoungGen      total 2560K, used 1024K [0x00000000d5580000, 0x00000000d5b00000, 0x0000000100000000)
  eden space 1536K, 0% used [0x00000000d5580000,0x00000000d5580000,0x00000000d5700000)
  from space 1024K, 100% used [0x00000000d5780000,0x00000000d5880000,0x00000000d5880000)
  to   space 2048K, 0% used [0x00000000d5900000,0x00000000d5900000,0x00000000d5b00000)
 ParOldGen       total 386048K, used 385886K [0x0000000080000000, 0x0000000097900000, 0x00000000d5580000)
  object space 386048K, 99% used [0x0000000080000000,0x00000000978d79a0,0x0000000097900000)
 Metaspace       used 80922K, committed 82688K, reserved 1179648K
  class space    used 8222K, committed 9024K, reserved 1048576K
}
Event: 2748.615 GC heap before
{Heap before GC invocations=336 (full 4):
 PSYoungGen      total 2560K, used 2559K [0x00000000d5580000, 0x00000000d5b00000, 0x0000000100000000)
  eden space 1536K, 99% used [0x00000000d5580000,0x00000000d56fffe8,0x00000000d5700000)
  from space 1024K, 100% used [0x00000000d5780000,0x00000000d5880000,0x00000000d5880000)
  to   space 2048K, 0% used [0x00000000d5900000,0x00000000d5900000,0x00000000d5b00000)
 ParOldGen       total 386048K, used 385886K [0x0000000080000000, 0x0000000097900000, 0x00000000d5580000)
  object space 386048K, 99% used [0x0000000080000000,0x00000000978d79a0,0x0000000097900000)
 Metaspace       used 80922K, committed 82688K, reserved 1179648K
  class space    used 8222K, committed 9024K, reserved 1048576K
}
Event: 2748.623 GC heap after
{Heap after GC invocations=336 (full 4):
 PSYoungGen      total 3584K, used 1440K [0x00000000d5580000, 0x00000000d5a80000, 0x0000000100000000)
  eden space 2048K, 0% used [0x00000000d5580000,0x00000000d5580000,0x00000000d5780000)
  from space 1536K, 93% used [0x00000000d5900000,0x00000000d5a68000,0x00000000d5a80000)
  to   space 1536K, 0% used [0x00000000d5780000,0x00000000d5780000,0x00000000d5900000)
 ParOldGen       total 387072K, used 386886K [0x0000000080000000, 0x0000000097a00000, 0x00000000d5580000)
  object space 387072K, 99% used [0x0000000080000000,0x00000000979d19a0,0x0000000097a00000)
 Metaspace       used 80922K, committed 82688K, reserved 1179648K
  class space    used 8222K, committed 9024K, reserved 1048576K
}
Event: 2748.654 GC heap before
{Heap before GC invocations=337 (full 4):
 PSYoungGen      total 3584K, used 3488K [0x00000000d5580000, 0x00000000d5a80000, 0x0000000100000000)
  eden space 2048K, 100% used [0x00000000d5580000,0x00000000d5780000,0x00000000d5780000)
  from space 1536K, 93% used [0x00000000d5900000,0x00000000d5a68000,0x00000000d5a80000)
  to   space 1536K, 0% used [0x00000000d5780000,0x00000000d5780000,0x00000000d5900000)
 ParOldGen       total 387072K, used 386886K [0x0000000080000000, 0x0000000097a00000, 0x00000000d5580000)
  object space 387072K, 99% used [0x0000000080000000,0x00000000979d19a0,0x0000000097a00000)
 Metaspace       used 80922K, committed 82688K, reserved 1179648K
  class space    used 8222K, committed 9024K, reserved 1048576K
}
Event: 2748.663 GC heap after
{Heap after GC invocations=337 (full 4):
 PSYoungGen      total 3584K, used 1536K [0x00000000d5580000, 0x00000000d5f00000, 0x0000000100000000)
  eden space 2048K, 0% used [0x00000000d5580000,0x00000000d5580000,0x00000000d5780000)
  from space 1536K, 100% used [0x00000000d5780000,0x00000000d5900000,0x00000000d5900000)
  to   space 3584K, 0% used [0x00000000d5b80000,0x00000000d5b80000,0x00000000d5f00000)
 ParOldGen       total 388608K, used 388406K [0x0000000080000000, 0x0000000097b80000, 0x00000000d5580000)
  object space 388608K, 99% used [0x0000000080000000,0x0000000097b4d9a0,0x0000000097b80000)
 Metaspace       used 80922K, committed 82688K, reserved 1179648K
  class space    used 8222K, committed 9024K, reserved 1048576K
}
Event: 2748.674 GC heap before
{Heap before GC invocations=338 (full 4):
 PSYoungGen      total 3584K, used 3584K [0x00000000d5580000, 0x00000000d5f00000, 0x0000000100000000)
  eden space 2048K, 100% used [0x00000000d5580000,0x00000000d5780000,0x00000000d5780000)
  from space 1536K, 100% used [0x00000000d5780000,0x00000000d5900000,0x00000000d5900000)
  to   space 3584K, 0% used [0x00000000d5b80000,0x00000000d5b80000,0x00000000d5f00000)
 ParOldGen       total 388608K, used 388406K [0x0000000080000000, 0x0000000097b80000, 0x00000000d5580000)
  object space 388608K, 99% used [0x0000000080000000,0x0000000097b4d9a0,0x0000000097b80000)
 Metaspace       used 80922K, committed 82688K, reserved 1179648K
  class space    used 8222K, committed 9024K, reserved 1048576K
}
Event: 2748.683 GC heap after
{Heap after GC invocations=338 (full 4):
 PSYoungGen      total 4608K, used 1776K [0x00000000d5580000, 0x00000000d5d80000, 0x0000000100000000)
  eden space 2560K, 0% used [0x00000000d5580000,0x00000000d5580000,0x00000000d5800000)
  from space 2048K, 86% used [0x00000000d5b80000,0x00000000d5d3c010,0x00000000d5d80000)
  to   space 2560K, 0% used [0x00000000d5880000,0x00000000d5880000,0x00000000d5b00000)
 ParOldGen       total 390144K, used 389966K [0x0000000080000000, 0x0000000097d00000, 0x00000000d5580000)
  object space 390144K, 99% used [0x0000000080000000,0x0000000097cd39a0,0x0000000097d00000)
 Metaspace       used 80922K, committed 82688K, reserved 1179648K
  class space    used 8222K, committed 9024K, reserved 1048576K
}
Event: 2748.701 GC heap before
{Heap before GC invocations=339 (full 4):
 PSYoungGen      total 4608K, used 4336K [0x00000000d5580000, 0x00000000d5d80000, 0x0000000100000000)
  eden space 2560K, 100% used [0x00000000d5580000,0x00000000d5800000,0x00000000d5800000)
  from space 2048K, 86% used [0x00000000d5b80000,0x00000000d5d3c010,0x00000000d5d80000)
  to   space 2560K, 0% used [0x00000000d5880000,0x00000000d5880000,0x00000000d5b00000)
 ParOldGen       total 390144K, used 389966K [0x0000000080000000, 0x0000000097d00000, 0x00000000d5580000)
  object space 390144K, 99% used [0x0000000080000000,0x0000000097cd39a0,0x0000000097d00000)
 Metaspace       used 80923K, committed 82688K, reserved 1179648K
  class space    used 8222K, committed 9024K, reserved 1048576K
}
Event: 2748.710 GC heap after
{Heap after GC invocations=339 (full 4):
 PSYoungGen      total 5632K, used 2529K [0x00000000d5580000, 0x00000000d6280000, 0x0000000100000000)
  eden space 3072K, 0% used [0x00000000d5580000,0x00000000d5580000,0x00000000d5880000)
  from space 2560K, 98% used [0x00000000d5880000,0x00000000d5af8788,0x00000000d5b00000)
  to   space 5120K, 0% used [0x00000000d5d80000,0x00000000d5d80000,0x00000000d6280000)
 ParOldGen       total 391680K, used 391638K [0x0000000080000000, 0x0000000097e80000, 0x00000000d5580000)
  object space 391680K, 99% used [0x0000000080000000,0x0000000097e759c0,0x0000000097e80000)
 Metaspace       used 80923K, committed 82688K, reserved 1179648K
  class space    used 8222K, committed 9024K, reserved 1048576K
}
Event: 2748.726 GC heap before
{Heap before GC invocations=340 (full 4):
 PSYoungGen      total 5632K, used 5601K [0x00000000d5580000, 0x00000000d6280000, 0x0000000100000000)
  eden space 3072K, 100% used [0x00000000d5580000,0x00000000d5880000,0x00000000d5880000)
  from space 2560K, 98% used [0x00000000d5880000,0x00000000d5af8788,0x00000000d5b00000)
  to   space 5120K, 0% used [0x00000000d5d80000,0x00000000d5d80000,0x00000000d6280000)
 ParOldGen       total 391680K, used 391638K [0x0000000080000000, 0x0000000097e80000, 0x00000000d5580000)
  object space 391680K, 99% used [0x0000000080000000,0x0000000097e759c0,0x0000000097e80000)
 Metaspace       used 80923K, committed 82688K, reserved 1179648K
  class space    used 8222K, committed 9024K, reserved 1048576K
}
Event: 2748.736 GC heap after
{Heap after GC invocations=340 (full 4):
 PSYoungGen      total 7680K, used 3192K [0x00000000d5580000, 0x00000000d6100000, 0x0000000100000000)
  eden space 4096K, 0% used [0x00000000d5580000,0x00000000d5580000,0x00000000d5980000)
  from space 3584K, 89% used [0x00000000d5d80000,0x00000000d609e240,0x00000000d6100000)
  to   space 3584K, 0% used [0x00000000d5a00000,0x00000000d5a00000,0x00000000d5d80000)
 ParOldGen       total 394240K, used 394144K [0x0000000080000000, 0x0000000098100000, 0x00000000d5580000)
  object space 394240K, 99% used [0x0000000080000000,0x00000000980e81d0,0x0000000098100000)
 Metaspace       used 80923K, committed 82688K, reserved 1179648K
  class space    used 8222K, committed 9024K, reserved 1048576K
}
Event: 2748.766 GC heap before
{Heap before GC invocations=341 (full 4):
 PSYoungGen      total 7680K, used 7284K [0x00000000d5580000, 0x00000000d6100000, 0x0000000100000000)
  eden space 4096K, 99% used [0x00000000d5580000,0x00000000d597ef48,0x00000000d5980000)
  from space 3584K, 89% used [0x00000000d5d80000,0x00000000d609e240,0x00000000d6100000)
  to   space 3584K, 0% used [0x00000000d5a00000,0x00000000d5a00000,0x00000000d5d80000)
 ParOldGen       total 394240K, used 394144K [0x0000000080000000, 0x0000000098100000, 0x00000000d5580000)
  object space 394240K, 99% used [0x0000000080000000,0x00000000980e81d0,0x0000000098100000)
 Metaspace       used 80923K, committed 82688K, reserved 1179648K
  class space    used 8222K, committed 9024K, reserved 1048576K
}
Event: 2748.774 GC heap after
{Heap after GC invocations=341 (full 4):
 PSYoungGen      total 8192K, used 3571K [0x00000000d5580000, 0x00000000d6980000, 0x0000000100000000)
  eden space 4608K, 0% used [0x00000000d5580000,0x00000000d5580000,0x00000000d5a00000)
  from space 3584K, 99% used [0x00000000d5a00000,0x00000000d5d7cd80,0x00000000d5d80000)
  to   space 7680K, 0% used [0x00000000d6200000,0x00000000d6200000,0x00000000d6980000)
 ParOldGen       total 397824K, used 397377K [0x0000000080000000, 0x0000000098480000, 0x00000000d5580000)
  object space 397824K, 99% used [0x0000000080000000,0x0000000098410770,0x0000000098480000)
 Metaspace       used 80923K, committed 82688K, reserved 1179648K
  class space    used 8222K, committed 9024K, reserved 1048576K
}
Event: 2748.817 GC heap before
{Heap before GC invocations=342 (full 4):
 PSYoungGen      total 8192K, used 8179K [0x00000000d5580000, 0x00000000d6980000, 0x0000000100000000)
  eden space 4608K, 99% used [0x00000000d5580000,0x00000000d59ffff0,0x00000000d5a00000)
  from space 3584K, 99% used [0x00000000d5a00000,0x00000000d5d7cd80,0x00000000d5d80000)
  to   space 7680K, 0% used [0x00000000d6200000,0x00000000d6200000,0x00000000d6980000)
 ParOldGen       total 397824K, used 397377K [0x0000000080000000, 0x0000000098480000, 0x00000000d5580000)
  object space 397824K, 99% used [0x0000000080000000,0x0000000098410770,0x0000000098480000)
 Metaspace       used 80923K, committed 82688K, reserved 1179648K
  class space    used 8222K, committed 9024K, reserved 1048576K
}
Event: 2748.824 GC heap after
{Heap after GC invocations=342 (full 4):
 PSYoungGen      total 7680K, used 2032K [0x00000000d5580000, 0x00000000d6400000, 0x0000000100000000)
  eden space 5632K, 0% used [0x00000000d5580000,0x00000000d5580000,0x00000000d5b00000)
  from space 2048K, 99% used [0x00000000d6200000,0x00000000d63fc000,0x00000000d6400000)
  to   space 4096K, 0% used [0x00000000d5c00000,0x00000000d5c00000,0x00000000d6000000)
 ParOldGen       total 400896K, used 400848K [0x0000000080000000, 0x0000000098780000, 0x00000000d5580000)
  object space 400896K, 99% used [0x0000000080000000,0x0000000098774060,0x0000000098780000)
 Metaspace       used 80923K, committed 82688K, reserved 1179648K
  class space    used 8222K, committed 9024K, reserved 1048576K
}

Dll operation events (11 events):
Event: 0.031 Loaded shared library c:\Users\User\.vscode\extensions\redhat.java-1.46.0-win32-x64\jre\21.0.8-win32-x86_64\bin\java.dll
Event: 0.125 Loaded shared library c:\Users\User\.vscode\extensions\redhat.java-1.46.0-win32-x64\jre\21.0.8-win32-x86_64\bin\zip.dll
Event: 0.292 Loaded shared library C:\Users\User\.vscode\extensions\redhat.java-1.46.0-win32-x64\jre\21.0.8-win32-x86_64\bin\instrument.dll
Event: 0.310 Loaded shared library C:\Users\User\.vscode\extensions\redhat.java-1.46.0-win32-x64\jre\21.0.8-win32-x86_64\bin\net.dll
Event: 0.318 Loaded shared library C:\Users\User\.vscode\extensions\redhat.java-1.46.0-win32-x64\jre\21.0.8-win32-x86_64\bin\nio.dll
Event: 0.328 Loaded shared library C:\Users\User\.vscode\extensions\redhat.java-1.46.0-win32-x64\jre\21.0.8-win32-x86_64\bin\zip.dll
Event: 0.392 Loaded shared library C:\Users\User\.vscode\extensions\redhat.java-1.46.0-win32-x64\jre\21.0.8-win32-x86_64\bin\jimage.dll
Event: 0.750 Loaded shared library c:\Users\User\.vscode\extensions\redhat.java-1.46.0-win32-x64\jre\21.0.8-win32-x86_64\bin\verify.dll
Event: 2.772 Loaded shared library C:\Users\User\AppData\Roaming\Code\User\globalStorage\redhat.java\1.46.0\config_win\org.eclipse.equinox.launcher\org.eclipse.equinox.launcher.win32.win32.x86_64_1.2.1400.v20250801-0854\eclipse_11916.dll
Event: 4.258 Loaded shared library C:\Users\User\AppData\Local\Temp\jna-2645995\jna10270740476609677035.dll
Event: 518.508 Loaded shared library C:\Users\User\.vscode\extensions\redhat.java-1.46.0-win32-x64\jre\21.0.8-win32-x86_64\bin\sunmscapi.dll

Deoptimization events (20 events):
Event: 2747.711 Thread 0x000001c6f0a00160 Uncommon trap: trap_request=0xffffffbe fr.pc=0x000001c6de38189c relative=0x0000000000000d7c
Event: 2747.711 Thread 0x000001c6f0a00160 Uncommon trap: reason=profile_predicate action=maybe_recompile pc=0x000001c6de38189c method=org.eclipse.jdt.internal.compiler.lookup.SplitPackageBinding.combineWithSiblings(Lorg/eclipse/jdt/internal/compiler/lookup/PackageBinding;[CLorg/eclipse/jdt/intern
Event: 2747.711 Thread 0x000001c6f0a00160 DEOPT PACKING pc=0x000001c6de38189c sp=0x0000004f5c7fe300
Event: 2747.711 Thread 0x000001c6f0a00160 DEOPT UNPACKING pc=0x000001c6dce23aa2 sp=0x0000004f5c7fe298 mode 2
Event: 2747.711 Thread 0x000001c6f0a00160 Uncommon trap: trap_request=0xffffffbe fr.pc=0x000001c6de38189c relative=0x0000000000000d7c
Event: 2747.711 Thread 0x000001c6f0a00160 Uncommon trap: reason=profile_predicate action=maybe_recompile pc=0x000001c6de38189c method=org.eclipse.jdt.internal.compiler.lookup.SplitPackageBinding.combineWithSiblings(Lorg/eclipse/jdt/internal/compiler/lookup/PackageBinding;[CLorg/eclipse/jdt/intern
Event: 2747.711 Thread 0x000001c6f0a00160 DEOPT PACKING pc=0x000001c6de38189c sp=0x0000004f5c7fe300
Event: 2747.711 Thread 0x000001c6f0a00160 DEOPT UNPACKING pc=0x000001c6dce23aa2 sp=0x0000004f5c7fe298 mode 2
Event: 2747.711 Thread 0x000001c6f0a00160 Uncommon trap: trap_request=0xffffffbe fr.pc=0x000001c6de38189c relative=0x0000000000000d7c
Event: 2747.711 Thread 0x000001c6f0a00160 Uncommon trap: reason=profile_predicate action=maybe_recompile pc=0x000001c6de38189c method=org.eclipse.jdt.internal.compiler.lookup.SplitPackageBinding.combineWithSiblings(Lorg/eclipse/jdt/internal/compiler/lookup/PackageBinding;[CLorg/eclipse/jdt/intern
Event: 2747.711 Thread 0x000001c6f0a00160 DEOPT PACKING pc=0x000001c6de38189c sp=0x0000004f5c7fe300
Event: 2747.711 Thread 0x000001c6f0a00160 DEOPT UNPACKING pc=0x000001c6dce23aa2 sp=0x0000004f5c7fe298 mode 2
Event: 2747.719 Thread 0x000001c6f0a00160 Uncommon trap: trap_request=0xffffffe4 fr.pc=0x000001c6de383b5c relative=0x00000000000001fc
Event: 2747.719 Thread 0x000001c6f0a00160 Uncommon trap: reason=range_check action=make_not_entrant pc=0x000001c6de383b5c method=org.eclipse.jdt.internal.compiler.lookup.Scope.getBaseType([C)Lorg/eclipse/jdt/internal/compiler/lookup/TypeBinding; @ 16 c2
Event: 2747.719 Thread 0x000001c6f0a00160 DEOPT PACKING pc=0x000001c6de383b5c sp=0x0000004f5c7fe4c0
Event: 2747.719 Thread 0x000001c6f0a00160 DEOPT UNPACKING pc=0x000001c6dce23aa2 sp=0x0000004f5c7fe448 mode 2
Event: 2747.721 Thread 0x000001c6f0a00160 Uncommon trap: trap_request=0xffffffde fr.pc=0x000001c6de2f1cd4 relative=0x00000000000086d4
Event: 2747.721 Thread 0x000001c6f0a00160 Uncommon trap: reason=class_check action=maybe_recompile pc=0x000001c6de2f1cd4 method=org.eclipse.jdt.internal.compiler.lookup.Scope$Substitutor.substitute(Lorg/eclipse/jdt/internal/compiler/lookup/Substitution;Lorg/eclipse/jdt/internal/compiler/lookup/Ty
Event: 2747.721 Thread 0x000001c6f0a00160 DEOPT PACKING pc=0x000001c6de2f1cd4 sp=0x0000004f5c7fd310
Event: 2747.721 Thread 0x000001c6f0a00160 DEOPT UNPACKING pc=0x000001c6dce23aa2 sp=0x0000004f5c7fd320 mode 2

Classes loaded (20 events):
Event: 1110.242 Loading class java/util/stream/ReduceOps$5
Event: 1110.242 Loading class java/util/stream/ReduceOps$5 done
Event: 1110.242 Loading class java/util/stream/ReduceOps$CountingSink$OfRef
Event: 1110.243 Loading class java/util/stream/ReduceOps$CountingSink
Event: 1110.244 Loading class java/util/stream/ReduceOps$CountingSink done
Event: 1110.244 Loading class java/util/stream/ReduceOps$CountingSink$OfRef done
Event: 1110.269 Loading class sun/nio/fs/WindowsFileCopy
Event: 1110.272 Loading class sun/nio/fs/WindowsFileCopy done
Event: 1110.857 Loading class java/nio/BufferMismatch
Event: 1110.858 Loading class java/nio/BufferMismatch done
Event: 2383.404 Loading class java/lang/StringUTF16$LinesSpliterator
Event: 2383.405 Loading class java/lang/StringUTF16$LinesSpliterator done
Event: 2503.099 Loading class java/util/stream/ReferencePipeline$15
Event: 2503.099 Loading class java/util/stream/ReferencePipeline$15 done
Event: 2503.101 Loading class java/util/stream/ReferencePipeline$15$1
Event: 2503.101 Loading class java/util/stream/ReferencePipeline$15$1 done
Event: 2503.351 Loading class java/io/Console
Event: 2503.352 Loading class java/io/Console done
Event: 2503.369 Loading class java/util/HashMap$EntrySpliterator
Event: 2503.369 Loading class java/util/HashMap$EntrySpliterator done

Classes unloaded (20 events):
Event: 4.732 Thread 0x000001c6d276e7f0 Unloading class 0x000001c6811a9000 'java/lang/invoke/LambdaForm$MH+0x000001c6811a9000'
Event: 4.732 Thread 0x000001c6d276e7f0 Unloading class 0x000001c6811a8c00 'java/lang/invoke/LambdaForm$MH+0x000001c6811a8c00'
Event: 4.732 Thread 0x000001c6d276e7f0 Unloading class 0x000001c6811a8800 'java/lang/invoke/LambdaForm$MH+0x000001c6811a8800'
Event: 4.732 Thread 0x000001c6d276e7f0 Unloading class 0x000001c6811a8400 'java/lang/invoke/LambdaForm$MH+0x000001c6811a8400'
Event: 4.732 Thread 0x000001c6d276e7f0 Unloading class 0x000001c6811a8000 'java/lang/invoke/LambdaForm$BMH+0x000001c6811a8000'
Event: 4.732 Thread 0x000001c6d276e7f0 Unloading class 0x000001c6811a7c00 'java/lang/invoke/LambdaForm$DMH+0x000001c6811a7c00'
Event: 4.732 Thread 0x000001c6d276e7f0 Unloading class 0x000001c6811a6c00 'java/lang/invoke/LambdaForm$DMH+0x000001c6811a6c00'
Event: 14.970 Thread 0x000001c6d276e7f0 Unloading class 0x000001c681610000 'java/lang/invoke/LambdaForm$DMH+0x000001c681610000'
Event: 14.970 Thread 0x000001c6d276e7f0 Unloading class 0x000001c681609400 'java/lang/invoke/LambdaForm$DMH+0x000001c681609400'
Event: 14.970 Thread 0x000001c6d276e7f0 Unloading class 0x000001c681609800 'java/lang/invoke/LambdaForm$DMH+0x000001c681609800'
Event: 14.970 Thread 0x000001c6d276e7f0 Unloading class 0x000001c681609c00 'java/lang/invoke/LambdaForm$DMH+0x000001c681609c00'
Event: 1118.460 Thread 0x000001c6d276e7f0 Unloading class 0x000001c681775800 'java/lang/invoke/LambdaForm$MH+0x000001c681775800'
Event: 1118.460 Thread 0x000001c6d276e7f0 Unloading class 0x000001c681775000 'java/lang/invoke/LambdaForm$MH+0x000001c681775000'
Event: 1118.460 Thread 0x000001c6d276e7f0 Unloading class 0x000001c681774800 'java/lang/invoke/LambdaForm$MH+0x000001c681774800'
Event: 1118.460 Thread 0x000001c6d276e7f0 Unloading class 0x000001c681774000 'java/lang/invoke/LambdaForm$MH+0x000001c681774000'
Event: 1118.460 Thread 0x000001c6d276e7f0 Unloading class 0x000001c68176b000 'java/lang/invoke/LambdaForm$MH+0x000001c68176b000'
Event: 1118.460 Thread 0x000001c6d276e7f0 Unloading class 0x000001c68176a800 'java/lang/invoke/LambdaForm$MH+0x000001c68176a800'
Event: 1118.460 Thread 0x000001c6d276e7f0 Unloading class 0x000001c68176a000 'java/lang/invoke/LambdaForm$MH+0x000001c68176a000'
Event: 1118.460 Thread 0x000001c6d276e7f0 Unloading class 0x000001c681769c00 'java/lang/invoke/LambdaForm$MH+0x000001c681769c00'
Event: 1118.460 Thread 0x000001c6d276e7f0 Unloading class 0x000001c68175c400 'java/lang/invoke/LambdaForm$DMH+0x000001c68175c400'

Classes redefined (0 events):
No events

Internal exceptions (20 events):
Event: 1408.879 Thread 0x000001c6f0a028c0 Exception <a 'sun/nio/fs/WindowsException'{0x00000000d5b5c470}> (0x00000000d5b5c470) 
thrown [s\src\hotspot\share\prims\jni.cpp, line 520]
Event: 1408.879 Thread 0x000001c6f0a028c0 Exception <a 'sun/nio/fs/WindowsException'{0x00000000d5b5d1c0}> (0x00000000d5b5d1c0) 
thrown [s\src\hotspot\share\prims\jni.cpp, line 520]
Event: 2368.050 Thread 0x000001c6f2f555d0 Implicit null exception at 0x000001c6ddbc96c4 to 0x000001c6ddbcb9a4
Event: 2368.050 Thread 0x000001c6f2f555d0 Implicit null exception at 0x000001c6ddb88993 to 0x000001c6ddb88c90
Event: 2368.050 Thread 0x000001c6f2f555d0 Implicit null exception at 0x000001c6ddd12a60 to 0x000001c6ddd199e0
Event: 2368.050 Thread 0x000001c6f2f555d0 Implicit null exception at 0x000001c6dd839016 to 0x000001c6dd83bd90
Event: 2368.051 Thread 0x000001c6f2f555d0 Implicit null exception at 0x000001c6ddb8a709 to 0x000001c6ddb8a8f8
Event: 2368.287 Thread 0x000001c6f2f562f0 Exception <a 'java/lang/NoSuchMethodError'{0x00000000d56145a8}: 'java.lang.Object java.lang.invoke.DirectMethodHandle$Holder.newInvokeSpecial(java.lang.Object, java.lang.Object, int, java.lang.Object, java.lang.Object, java.lang.Object, java.lang.Object)'> (0x00000000d56145a8) 
thrown [s\src\hotspot\share\interpreter\linkResolver.cpp, line 773]
Event: 2488.888 Thread 0x000001c6f1433970 Implicit null exception at 0x000001c6de00cbda to 0x000001c6de00d48c
Event: 2500.385 Thread 0x000001c6f1433970 Exception <a 'java/lang/ArrayIndexOutOfBoundsException'{0x00000000d5709748}> (0x00000000d5709748) 
thrown [s\src\hotspot\share\runtime\sharedRuntime.cpp, line 625]
Event: 2503.204 Thread 0x000001c6f1433970 Implicit null exception at 0x000001c6de052380 to 0x000001c6de0555ea
Event: 2514.904 Thread 0x000001c6f2f57d30 Exception <a 'java/lang/ArrayIndexOutOfBoundsException'{0x00000000d5d1bf50}> (0x00000000d5d1bf50) 
thrown [s\src\hotspot\share\runtime\sharedRuntime.cpp, line 625]
Event: 2709.838 Thread 0x000001c6f0a007f0 Exception <a 'sun/nio/fs/WindowsException'{0x00000000d5cf2bb0}> (0x00000000d5cf2bb0) 
thrown [s\src\hotspot\share\prims\jni.cpp, line 520]
Event: 2710.540 Thread 0x000001c6f2f562f0 Exception <a 'java/lang/NoSuchMethodError'{0x00000000d5c7eee8}: 'void java.lang.invoke.DirectMethodHandle$Holder.invokeVirtual(java.lang.Object, java.lang.Object, java.lang.Object, java.lang.Object, java.lang.Object)'> (0x00000000d5c7eee8) 
thrown [s\src\hotspot\share\interpreter\linkResolver.cpp, line 773]
Event: 2711.025 Thread 0x000001c6f0a007f0 Exception <a 'sun/nio/fs/WindowsException'{0x00000000d562d3d0}> (0x00000000d562d3d0) 
thrown [s\src\hotspot\share\prims\jni.cpp, line 520]
Event: 2711.800 Thread 0x000001c6f0a028c0 Implicit null exception at 0x000001c6de035c94 to 0x000001c6de036d64
Event: 2711.800 Thread 0x000001c6f0a028c0 Implicit null exception at 0x000001c6de152494 to 0x000001c6de1533a8
Event: 2725.296 Thread 0x000001c6f0a007f0 Exception <a 'sun/nio/fs/WindowsException'{0x00000000d56c0b00}> (0x00000000d56c0b00) 
thrown [s\src\hotspot\share\prims\jni.cpp, line 520]
Event: 2726.109 Thread 0x000001c6f0a007f0 Exception <a 'sun/nio/fs/WindowsException'{0x00000000d56f6cd0}> (0x00000000d56f6cd0) 
thrown [s\src\hotspot\share\prims\jni.cpp, line 520]
Event: 2748.506 Thread 0x000001c6f0a007f0 Exception <a 'sun/nio/fs/WindowsException'{0x00000000d57886e8}> (0x00000000d57886e8) 
thrown [s\src\hotspot\share\prims\jni.cpp, line 520]

ZGC Phase Switch (0 events):
No events

VM Operations (20 events):
Event: 2748.560 Executing VM operation: ParallelGCFailedAllocation (Allocation Failure)
Event: 2748.563 Executing VM operation: ParallelGCFailedAllocation (Allocation Failure) done
Event: 2748.571 Executing VM operation: ParallelGCFailedAllocation (Allocation Failure)
Event: 2748.580 Executing VM operation: ParallelGCFailedAllocation (Allocation Failure) done
Event: 2748.590 Executing VM operation: ParallelGCFailedAllocation (Allocation Failure)
Event: 2748.595 Executing VM operation: ParallelGCFailedAllocation (Allocation Failure) done
Event: 2748.615 Executing VM operation: ParallelGCFailedAllocation (Allocation Failure)
Event: 2748.623 Executing VM operation: ParallelGCFailedAllocation (Allocation Failure) done
Event: 2748.654 Executing VM operation: ParallelGCFailedAllocation (Allocation Failure)
Event: 2748.663 Executing VM operation: ParallelGCFailedAllocation (Allocation Failure) done
Event: 2748.674 Executing VM operation: ParallelGCFailedAllocation (Allocation Failure)
Event: 2748.683 Executing VM operation: ParallelGCFailedAllocation (Allocation Failure) done
Event: 2748.701 Executing VM operation: ParallelGCFailedAllocation (Allocation Failure)
Event: 2748.710 Executing VM operation: ParallelGCFailedAllocation (Allocation Failure) done
Event: 2748.726 Executing VM operation: ParallelGCFailedAllocation (Allocation Failure)
Event: 2748.736 Executing VM operation: ParallelGCFailedAllocation (Allocation Failure) done
Event: 2748.766 Executing VM operation: ParallelGCFailedAllocation (Allocation Failure)
Event: 2748.775 Executing VM operation: ParallelGCFailedAllocation (Allocation Failure) done
Event: 2748.816 Executing VM operation: ParallelGCFailedAllocation (Allocation Failure)
Event: 2748.824 Executing VM operation: ParallelGCFailedAllocation (Allocation Failure) done

Memory protections (0 events):
No events

Nmethod flushes (20 events):
Event: 1118.572 Thread 0x000001c6d276e7f0 flushing  nmethod 0x000001c6d6a2ae90
Event: 1118.572 Thread 0x000001c6d276e7f0 flushing  nmethod 0x000001c6d6a33b10
Event: 1118.572 Thread 0x000001c6d276e7f0 flushing  nmethod 0x000001c6d6a42c90
Event: 1118.572 Thread 0x000001c6d276e7f0 flushing  nmethod 0x000001c6d6a57810
Event: 1118.572 Thread 0x000001c6d276e7f0 flushing  nmethod 0x000001c6d6a64810
Event: 1118.572 Thread 0x000001c6d276e7f0 flushing  nmethod 0x000001c6d6a86f10
Event: 1118.572 Thread 0x000001c6d276e7f0 flushing  nmethod 0x000001c6d6a89e10
Event: 1118.572 Thread 0x000001c6d276e7f0 flushing  nmethod 0x000001c6d6a94810
Event: 1118.572 Thread 0x000001c6d276e7f0 flushing  nmethod 0x000001c6d6aad810
Event: 1118.572 Thread 0x000001c6d276e7f0 flushing  nmethod 0x000001c6d6ac5910
Event: 1118.572 Thread 0x000001c6d276e7f0 flushing  nmethod 0x000001c6d6ac8f90
Event: 1118.572 Thread 0x000001c6d276e7f0 flushing  nmethod 0x000001c6d6ade610
Event: 1118.572 Thread 0x000001c6d276e7f0 flushing  nmethod 0x000001c6d6adec90
Event: 1118.572 Thread 0x000001c6d276e7f0 flushing  nmethod 0x000001c6d6adf510
Event: 1118.572 Thread 0x000001c6d276e7f0 flushing  nmethod 0x000001c6d6ae3d90
Event: 1118.572 Thread 0x000001c6d276e7f0 flushing  nmethod 0x000001c6d6ae4510
Event: 1118.572 Thread 0x000001c6d276e7f0 flushing  nmethod 0x000001c6d6b67990
Event: 1118.572 Thread 0x000001c6d276e7f0 flushing  nmethod 0x000001c6d6bb3610
Event: 1118.572 Thread 0x000001c6d276e7f0 flushing  nmethod 0x000001c6d6bb3b10
Event: 1118.572 Thread 0x000001c6d276e7f0 flushing  nmethod 0x000001c6d6bd8790

Events (20 events):
Event: 2732.114 Thread 0x000001c6f2379180 Thread exited: 0x000001c6f2379180
Event: 2736.304 Thread 0x000001c6eb4a5520 Thread added: 0x000001c6eb4a4800
Event: 2736.304 Thread 0x000001c6f1432c50 Thread added: 0x000001c6eb4a4170
Event: 2736.305 Thread 0x000001c6f142f140 Thread added: 0x000001c6eb4a20a0
Event: 2736.306 Thread 0x000001c6f142f140 Thread added: 0x000001c6eb4a5bb0
Event: 2736.312 Thread 0x000001c6eb4a20a0 Thread added: 0x000001c6eb4a2730
Event: 2736.312 Thread 0x000001c6eb4a5bb0 Thread added: 0x000001c6eb4a89a0
Event: 2736.312 Thread 0x000001c6eb4a4170 Thread added: 0x000001c6eb4a75f0
Event: 2736.312 Thread 0x000001c6eb4a4800 Thread added: 0x000001c6eb4a9030
Event: 2736.329 Thread 0x000001c6eb0a1c20 Thread added: 0x000001c6f237a5f0
Event: 2741.022 Thread 0x000001c6f237a5f0 Thread exited: 0x000001c6f237a5f0
Event: 2745.156 Thread 0x000001c6eb0a1c20 Thread added: 0x000001c6f2377640
Event: 2746.327 Thread 0x000001c6f2377640 Thread exited: 0x000001c6f2377640
Event: 2747.211 Thread 0x000001c6eb074500 Thread added: 0x000001c6f2379180
Event: 2747.517 Thread 0x000001c6f2379180 Thread exited: 0x000001c6f2379180
Event: 2747.738 Thread 0x000001c6eb0a1c20 Thread added: 0x000001c6f2379850
Event: 2747.753 Thread 0x000001c6eb0a1c20 Thread added: 0x000001c6f237a5f0
Event: 2748.172 Thread 0x000001c6f237a5f0 Thread exited: 0x000001c6f237a5f0
Event: 2748.209 Thread 0x000001c6f142f140 Thread added: 0x000001c6eb4a7c80
Event: 2748.209 Thread 0x000001c6eb4a7c80 Thread exited: 0x000001c6eb4a7c80


Dynamic libraries:
0x00007ff7470f0000 - 0x00007ff7470fe000 	c:\Users\User\.vscode\extensions\redhat.java-1.46.0-win32-x64\jre\21.0.8-win32-x86_64\bin\java.exe
0x00007ffc99540000 - 0x00007ffc997a8000 	C:\WINDOWS\SYSTEM32\ntdll.dll
0x00007ffc97c60000 - 0x00007ffc97d29000 	C:\WINDOWS\System32\KERNEL32.DLL
0x00007ffc96790000 - 0x00007ffc96b82000 	C:\WINDOWS\System32\KERNELBASE.dll
0x00007ffc96b90000 - 0x00007ffc96cdb000 	C:\WINDOWS\System32\ucrtbase.dll
0x00007ffc78f30000 - 0x00007ffc78f4e000 	c:\Users\User\.vscode\extensions\redhat.java-1.46.0-win32-x64\jre\21.0.8-win32-x86_64\bin\VCRUNTIME140.dll
0x00007ffc79e10000 - 0x00007ffc79e28000 	c:\Users\User\.vscode\extensions\redhat.java-1.46.0-win32-x64\jre\21.0.8-win32-x86_64\bin\jli.dll
0x00007ffc97660000 - 0x00007ffc97825000 	C:\WINDOWS\System32\USER32.dll
0x00007ffc7d290000 - 0x00007ffc7d523000 	C:\WINDOWS\WinSxS\amd64_microsoft.windows.common-controls_6595b64144ccf1df_6.0.26100.6899_none_3e0efeeae32e88c1\COMCTL32.dll
0x00007ffc96d90000 - 0x00007ffc96db7000 	C:\WINDOWS\System32\win32u.dll
0x00007ffc97380000 - 0x00007ffc97429000 	C:\WINDOWS\System32\msvcrt.dll
0x00007ffc97d30000 - 0x00007ffc97d5b000 	C:\WINDOWS\System32\GDI32.dll
0x00007ffc96f40000 - 0x00007ffc9706d000 	C:\WINDOWS\System32\gdi32full.dll
0x00007ffc96ce0000 - 0x00007ffc96d83000 	C:\WINDOWS\System32\msvcp_win.dll
0x00007ffc974d0000 - 0x00007ffc974ff000 	C:\WINDOWS\System32\IMM32.DLL
0x00007ffc8cae0000 - 0x00007ffc8caec000 	c:\Users\User\.vscode\extensions\redhat.java-1.46.0-win32-x64\jre\21.0.8-win32-x86_64\bin\vcruntime140_1.dll
0x00007ffc336f0000 - 0x00007ffc3377d000 	c:\Users\User\.vscode\extensions\redhat.java-1.46.0-win32-x64\jre\21.0.8-win32-x86_64\bin\msvcp140.dll
0x00007ffbc3c50000 - 0x00007ffbc49e7000 	c:\Users\User\.vscode\extensions\redhat.java-1.46.0-win32-x64\jre\21.0.8-win32-x86_64\bin\server\jvm.dll
0x00007ffc97b00000 - 0x00007ffc97bb4000 	C:\WINDOWS\System32\ADVAPI32.dll
0x00007ffc98cf0000 - 0x00007ffc98d96000 	C:\WINDOWS\System32\sechost.dll
0x00007ffc97540000 - 0x00007ffc97658000 	C:\WINDOWS\System32\RPCRT4.dll
0x00007ffc97d60000 - 0x00007ffc97dd4000 	C:\WINDOWS\System32\WS2_32.dll
0x00007ffc95f40000 - 0x00007ffc95f9e000 	C:\WINDOWS\SYSTEM32\POWRPROF.dll
0x00007ffc8fa90000 - 0x00007ffc8fa9b000 	C:\WINDOWS\SYSTEM32\VERSION.dll
0x00007ffc87750000 - 0x00007ffc87785000 	C:\WINDOWS\SYSTEM32\WINMM.dll
0x00007ffc95f20000 - 0x00007ffc95f34000 	C:\WINDOWS\SYSTEM32\UMPDC.dll
0x00007ffc95460000 - 0x00007ffc9547b000 	C:\WINDOWS\SYSTEM32\kernel.appcore.dll
0x00007ffc79d20000 - 0x00007ffc79d2a000 	c:\Users\User\.vscode\extensions\redhat.java-1.46.0-win32-x64\jre\21.0.8-win32-x86_64\bin\jimage.dll
0x00007ffc93930000 - 0x00007ffc93b72000 	C:\WINDOWS\SYSTEM32\DBGHELP.DLL
0x00007ffc980d0000 - 0x00007ffc9844b000 	C:\WINDOWS\System32\combase.dll
0x00007ffc97f40000 - 0x00007ffc98017000 	C:\WINDOWS\System32\OLEAUT32.dll
0x00007ffc7e620000 - 0x00007ffc7e65c000 	C:\WINDOWS\SYSTEM32\dbgcore.DLL
0x00007ffc97100000 - 0x00007ffc97198000 	C:\WINDOWS\System32\bcryptPrimitives.dll
0x00007ffc79b40000 - 0x00007ffc79b4f000 	c:\Users\User\.vscode\extensions\redhat.java-1.46.0-win32-x64\jre\21.0.8-win32-x86_64\bin\instrument.dll
0x00007ffc743a0000 - 0x00007ffc743bf000 	c:\Users\User\.vscode\extensions\redhat.java-1.46.0-win32-x64\jre\21.0.8-win32-x86_64\bin\java.dll
0x00007ffc98da0000 - 0x00007ffc994ed000 	C:\WINDOWS\System32\SHELL32.dll
0x00007ffc971a0000 - 0x00007ffc9730b000 	C:\WINDOWS\System32\wintypes.dll
0x00007ffc942e0000 - 0x00007ffc94b3d000 	C:\WINDOWS\SYSTEM32\windows.storage.dll
0x00007ffc97940000 - 0x00007ffc97a32000 	C:\WINDOWS\System32\SHCORE.dll
0x00007ffc97310000 - 0x00007ffc97372000 	C:\WINDOWS\System32\shlwapi.dll
0x00007ffc965f0000 - 0x00007ffc96619000 	C:\WINDOWS\SYSTEM32\profapi.dll
0x00007ffc74650000 - 0x00007ffc74668000 	c:\Users\User\.vscode\extensions\redhat.java-1.46.0-win32-x64\jre\21.0.8-win32-x86_64\bin\zip.dll
0x00007ffc78f00000 - 0x00007ffc78f10000 	C:\Users\User\.vscode\extensions\redhat.java-1.46.0-win32-x64\jre\21.0.8-win32-x86_64\bin\net.dll
0x00007ffc90bf0000 - 0x00007ffc90d0f000 	C:\WINDOWS\SYSTEM32\WINHTTP.dll
0x00007ffc959b0000 - 0x00007ffc95a1b000 	C:\WINDOWS\system32\mswsock.dll
0x00007ffc66a20000 - 0x00007ffc66a36000 	C:\Users\User\.vscode\extensions\redhat.java-1.46.0-win32-x64\jre\21.0.8-win32-x86_64\bin\nio.dll
0x00007ffc768a0000 - 0x00007ffc768b0000 	c:\Users\User\.vscode\extensions\redhat.java-1.46.0-win32-x64\jre\21.0.8-win32-x86_64\bin\verify.dll
0x00007ffc34720000 - 0x00007ffc34764000 	C:\Users\User\AppData\Roaming\Code\User\globalStorage\redhat.java\1.46.0\config_win\org.eclipse.equinox.launcher\org.eclipse.equinox.launcher.win32.win32.x86_64_1.2.1400.v20250801-0854\eclipse_11916.dll
0x00007ffc98b50000 - 0x00007ffc98ce8000 	C:\WINDOWS\System32\ole32.dll
0x00007ffc95d90000 - 0x00007ffc95dab000 	C:\WINDOWS\SYSTEM32\CRYPTSP.dll
0x00007ffc953c0000 - 0x00007ffc953fb000 	C:\WINDOWS\system32\rsaenh.dll
0x00007ffc95a50000 - 0x00007ffc95a7b000 	C:\WINDOWS\SYSTEM32\USERENV.dll
0x00007ffc965c0000 - 0x00007ffc965e6000 	C:\WINDOWS\SYSTEM32\bcrypt.dll
0x00007ffc95bf0000 - 0x00007ffc95bfc000 	C:\WINDOWS\SYSTEM32\CRYPTBASE.dll
0x00007ffc94fb0000 - 0x00007ffc94fe4000 	C:\WINDOWS\SYSTEM32\IPHLPAPI.DLL
0x00007ffc97830000 - 0x00007ffc9783a000 	C:\WINDOWS\System32\NSI.dll
0x00007ffc345b0000 - 0x00007ffc345f9000 	C:\Users\User\AppData\Local\Temp\jna-2645995\jna10270740476609677035.dll
0x00007ffc98b40000 - 0x00007ffc98b48000 	C:\WINDOWS\System32\PSAPI.DLL
0x00007ffc90e30000 - 0x00007ffc90e4e000 	C:\WINDOWS\SYSTEM32\dhcpcsvc6.DLL
0x00007ffc90d80000 - 0x00007ffc90da3000 	C:\WINDOWS\SYSTEM32\dhcpcsvc.DLL
0x00007ffc92c10000 - 0x00007ffc92c1e000 	C:\Users\User\.vscode\extensions\redhat.java-1.46.0-win32-x64\jre\21.0.8-win32-x86_64\bin\sunmscapi.dll
0x00007ffc96dc0000 - 0x00007ffc96f37000 	C:\WINDOWS\System32\CRYPT32.dll
0x00007ffc96000000 - 0x00007ffc96030000 	C:\WINDOWS\SYSTEM32\ncrypt.dll
0x00007ffc95fb0000 - 0x00007ffc95fef000 	C:\WINDOWS\SYSTEM32\NTASN1.dll

JVMTI agents:
c:\Users\User\.vscode\extensions\redhat.java-1.46.0-win32-x64\lombok\lombok-1.18.39-4050.jar path:c:\Users\User\.vscode\extensions\redhat.java-1.46.0-win32-x64\jre\21.0.8-win32-x86_64\bin\instrument.dll, loaded, initialized, instrumentlib options:none

dbghelp: loaded successfully - version: 4.0.5 - missing functions: none
symbol engine: initialized successfully - sym options: 0x614 - pdb path: .;c:\Users\User\.vscode\extensions\redhat.java-1.46.0-win32-x64\jre\21.0.8-win32-x86_64\bin;C:\WINDOWS\SYSTEM32;C:\WINDOWS\WinSxS\amd64_microsoft.windows.common-controls_6595b64144ccf1df_6.0.26100.6899_none_3e0efeeae32e88c1;c:\Users\User\.vscode\extensions\redhat.java-1.46.0-win32-x64\jre\21.0.8-win32-x86_64\bin\server;C:\Users\User\AppData\Roaming\Code\User\globalStorage\redhat.java\1.46.0\config_win\org.eclipse.equinox.launcher\org.eclipse.equinox.launcher.win32.win32.x86_64_1.2.1400.v20250801-0854;C:\Users\User\AppData\Local\Temp\jna-2645995

VM Arguments:
jvm_args: --add-modules=ALL-SYSTEM --add-opens=java.base/java.util=ALL-UNNAMED --add-opens=java.base/java.lang=ALL-UNNAMED --add-opens=java.base/sun.nio.fs=ALL-UNNAMED -Declipse.application=org.eclipse.jdt.ls.core.id1 -Dosgi.bundles.defaultStartLevel=4 -Declipse.product=org.eclipse.jdt.ls.core.product -Djava.import.generatesMetadataFilesAtProjectRoot=false -DDetectVMInstallationsJob.disabled=true -Dfile.encoding=utf8 -XX:+UseParallelGC -XX:GCTimeRatio=4 -XX:AdaptiveSizePolicyWeight=90 -Dsun.zip.disableMemoryMapping=true -Xmx2G -Xms100m -Xlog:disable -javaagent:c:\Users\User\.vscode\extensions\redhat.java-1.46.0-win32-x64\lombok\lombok-1.18.39-4050.jar -XX:+HeapDumpOnOutOfMemoryError -XX:HeapDumpPath=c:\Users\User\AppData\Roaming\Code\User\workspaceStorage\89619f1c39d7b59df5f6aae22b052292\redhat.java -Daether.dependencyCollector.impl=bf 
java_command: c:\Users\User\.vscode\extensions\redhat.java-1.46.0-win32-x64\server\plugins\org.eclipse.equinox.launcher_1.7.0.v20250519-0528.jar -configuration c:\Users\User\AppData\Roaming\Code\User\globalStorage\redhat.java\1.46.0\config_win -data c:\Users\User\AppData\Roaming\Code\User\workspaceStorage\89619f1c39d7b59df5f6aae22b052292\redhat.java\jdt_ws --pipe=\\.\pipe\lsp-4d24d1f6ebbb750978d64e1695713cd1-sock
java_class_path (initial): c:\Users\User\.vscode\extensions\redhat.java-1.46.0-win32-x64\server\plugins\org.eclipse.equinox.launcher_1.7.0.v20250519-0528.jar
Launcher Type: SUN_STANDARD

[Global flags]
    uintx AdaptiveSizePolicyWeight                 = 90                                        {product} {command line}
     intx CICompilerCount                          = 4                                         {product} {ergonomic}
    uintx GCTimeRatio                              = 4                                         {product} {command line}
     bool HeapDumpOnOutOfMemoryError               = true                                   {manageable} {command line}
    ccstr HeapDumpPath                             = c:\Users\User\AppData\Roaming\Code\User\workspaceStorage\89619f1c39d7b59df5f6aae22b052292\redhat.java         {manageable} {command line}
   size_t InitialHeapSize                          = 104857600                                 {product} {command line}
   size_t MaxHeapSize                              = 2147483648                                {product} {command line}
   size_t MaxNewSize                               = 715653120                                 {product} {ergonomic}
   size_t MinHeapDeltaBytes                        = 524288                                    {product} {ergonomic}
   size_t MinHeapSize                              = 104857600                                 {product} {command line}
   size_t NewSize                                  = 34603008                                  {product} {ergonomic}
    uintx NonNMethodCodeHeapSize                   = 5839372                                {pd product} {ergonomic}
    uintx NonProfiledCodeHeapSize                  = 122909434                              {pd product} {ergonomic}
   size_t OldSize                                  = 70254592                                  {product} {ergonomic}
    uintx ProfiledCodeHeapSize                     = 122909434                              {pd product} {ergonomic}
    uintx ReservedCodeCacheSize                    = 251658240                              {pd product} {ergonomic}
     bool SegmentedCodeCache                       = true                                      {product} {ergonomic}
   size_t SoftMaxHeapSize                          = 2147483648                             {manageable} {ergonomic}
     bool UseCompressedOops                        = true                           {product lp64_product} {ergonomic}
     bool UseLargePagesIndividualAllocation        = false                                  {pd product} {ergonomic}
     bool UseParallelGC                            = true                                      {product} {command line}

Logging:
Log output configuration:
 #0: stdout all=off uptime,level,tags foldmultilines=false
 #1: stderr all=off uptime,level,tags foldmultilines=false

Environment Variables:
PATH=C:\Program Files\Eclipse Adoptium\jdk-25.0.0.36-hotspot\bin;C:\Python313\Scripts\;C:\Python313\;C:\oraclexe\app\oracle\product\11.2.0\server\bin;C:\Program Files (x86)\Common Files\Intel\Shared Libraries\redist\intel64\compiler;C:\Users\User\AppData\Local\Programs\Python\Python311\Scripts\;C:\WINDOWS\system32;C:\WINDOWS;C:\WINDOWS\System32\Wbem;C:\WINDOWS\System32\WindowsPowerShell\v1.0\;C:\WINDOWS\System32\OpenSSH\;C:\Program Files\dotnet\;C:\MinGW\bin;C:\Users\User\AppData\Local\Programs\Python\Python311;C:\Program Files\NVIDIA Corporation\NVIDIA app\NvDLISR;C:\Program Files (x86)\NVIDIA Corporation\PhysX\Common;C:\Program Files\nodejs\;C:\ProgramData\chocolatey\bin;C:\Program Files\Git\cmd;F:\apache-maven-3.9.11\bin;C:\Users\User\AppData\Local\Programs\Python\Python311\Scripts\;C:\Users\User\AppData\Local\Programs\Python\Python311\;C:\Users\User\AppData\Local\Microsoft\WindowsApps;;C:\Program Files\JetBrains\PyCharm Community Edition 2022.2.3\bin;;C:\Users\User\AppData\Local\Programs\Microsoft VS Code\bin;F:\IntelliJ IDEA Community Edition 2023.1\bin;;C:\Users\User\AppData\Roaming\npm;C:\Program Files (x86)\Nmap;F:\cursor\resources\app\bin
USERNAME=User
OS=Windows_NT
PROCESSOR_IDENTIFIER=Intel64 Family 6 Model 165 Stepping 2, GenuineIntel
TMP=C:\Users\User\AppData\Local\Temp
TEMP=C:\Users\User\AppData\Local\Temp




Periodic native trim disabled

---------------  S Y S T E M  ---------------

OS:
 Windows 11 , 64 bit Build 26100 (10.0.26100.6725)
OS uptime: 0 days 23:41 hours
Hyper-V role detected

CPU: total 12 (initial active 12) (6 cores per cpu, 2 threads per core) family 6 model 165 stepping 2 microcode 0x100, cx8, cmov, fxsr, ht, mmx, 3dnowpref, sse, sse2, sse3, ssse3, sse4.1, sse4.2, popcnt, lzcnt, tsc, tscinvbit, avx, avx2, aes, erms, clmul, bmi1, bmi2, adx, fma, vzeroupper, clflush, clflushopt, hv, rdtscp, f16c
Processor Information for the first 12 processors :
  Max Mhz: 2496, Current Mhz: 2496, Mhz Limit: 2496

Memory: 4k page, system-wide physical 7967M (701M free)
TotalPageFile size 16655M (AvailPageFile size 0M)
current process WorkingSet (physical memory assigned to process): 525M, peak: 525M
current process commit charge ("private bytes"): 809M, peak: 1736M

vm_info: OpenJDK 64-Bit Server VM (21.0.8+9-LTS) for windows-amd64 JRE (21.0.8+9-LTS), built on 2025-07-15T00:00:00Z by "admin" with MS VC++ 17.7 (VS2022)

END.
