#
# There is insufficient memory for the Java Runtime Environment to continue.
# Native memory allocation (malloc) failed to allocate 1048576 bytes. Error detail: AllocateHeap
# Possible reasons:
#   The system is out of physical RAM or swap space
#   This process is running with CompressedOops enabled, and the Java Heap may be blocking the growth of the native heap
# Possible solutions:
#   Reduce memory load on the system
#   Increase physical memory or swap space
#   Check if swap backing store is full
#   Decrease Java heap size (-Xmx/-Xms)
#   Decrease number of Java threads
#   Decrease Java thread stack sizes (-Xss)
#   Set larger code cache with -XX:ReservedCodeCacheSize=
#   JVM is running with Unscaled Compressed Oops mode in which the Java heap is
#     placed in the first 4GB address space. The Java Heap base address is the
#     maximum limit for the native heap growth. Please use -XX:HeapBaseMinAddress
#     to set the Java Heap base and to place the Java Heap above 4GB virtual address.
# This output file may be truncated or incomplete.
#
#  Out of Memory Error (allocation.cpp:44), pid=21180, tid=20008
#
# JRE version: OpenJDK Runtime Environment Temurin-21.0.8+9 (21.0.8+9) (build 21.0.8+9-LTS)
# Java VM: OpenJDK 64-Bit Server VM Temurin-21.0.8+9 (21.0.8+9-LTS, mixed mode, sharing, tiered, compressed oops, compressed class ptrs, parallel gc, windows-amd64)
# No core dump will be written. Minidumps are not enabled by default on client versions of Windows
#

---------------  S U M M A R Y ------------

Command Line: --add-modules=ALL-SYSTEM --add-opens=java.base/java.util=ALL-UNNAMED --add-opens=java.base/java.lang=ALL-UNNAMED --add-opens=java.base/sun.nio.fs=ALL-UNNAMED -Declipse.application=org.eclipse.jdt.ls.core.id1 -Dosgi.bundles.defaultStartLevel=4 -Declipse.product=org.eclipse.jdt.ls.core.product -Djava.import.generatesMetadataFilesAtProjectRoot=false -DDetectVMInstallationsJob.disabled=true -Dfile.encoding=utf8 -XX:+UseParallelGC -XX:GCTimeRatio=4 -XX:AdaptiveSizePolicyWeight=90 -Dsun.zip.disableMemoryMapping=true -Xmx2G -Xms100m -Xlog:disable -javaagent:c:\Users\User\.vscode\extensions\redhat.java-1.46.0-win32-x64\lombok\lombok-1.18.39-4050.jar -XX:+HeapDumpOnOutOfMemoryError -XX:HeapDumpPath=c:\Users\User\AppData\Roaming\Code\User\workspaceStorage\89619f1c39d7b59df5f6aae22b052292\redhat.java -Daether.dependencyCollector.impl=bf c:\Users\User\.vscode\extensions\redhat.java-1.46.0-win32-x64\server\plugins\org.eclipse.equinox.launcher_1.7.0.v20250519-0528.jar -configuration c:\Users\User\AppData\Roaming\Code\User\globalStorage\redhat.java\1.46.0\config_win -data c:\Users\User\AppData\Roaming\Code\User\workspaceStorage\89619f1c39d7b59df5f6aae22b052292\redhat.java\jdt_ws --pipe=\\.\pipe\lsp-641f020bc46f16602fc91ecd3d88360b-sock

Host: Intel(R) Core(TM) i5-10500H CPU @ 2.50GHz, 12 cores, 7G,  Windows 11 , 64 bit Build 26100 (10.0.26100.6725)
Time: Wed Oct 22 18:03:27 2025 Egypt Summer Time elapsed time: 178.254061 seconds (0d 0h 2m 58s)

---------------  T H R E A D  ---------------

Current thread (0x000001e6c389b7b0):  JavaThread "Attach Listener" daemon [_thread_in_vm, id=20008, stack(0x000000de09700000,0x000000de09800000) (1024K)]

Stack: [0x000000de09700000,0x000000de09800000]
Native frames: (J=compiled Java code, j=interpreted, Vv=VM code, C=native code)
V  [jvm.dll+0x6d2449]
V  [jvm.dll+0x8ae341]
V  [jvm.dll+0x8b08be]
V  [jvm.dll+0x8b0fa3]
V  [jvm.dll+0x280c96]
V  [jvm.dll+0xc0347]
V  [jvm.dll+0x6d2cf9]
V  [jvm.dll+0x131116]
V  [jvm.dll+0x3f2d16]
V  [jvm.dll+0x857e6b]
V  [jvm.dll+0x6d0b0d]
C  [ucrtbase.dll+0x37b0]
C  [KERNEL32.DLL+0x2e8d7]
C  [ntdll.dll+0x8c53c]


---------------  P R O C E S S  ---------------

Threads class SMR info:
_java_thread_list=0x000001e6e93ff230, length=79, elements={
0x000001e6c143b830, 0x000001e6c39993d0, 0x000001e6c3897870, 0x000001e6c389ab60,
0x000001e6c389b7b0, 0x000001e6c389da90, 0x000001e6c389e590, 0x000001e6c399f0e0,
0x000001e6c399f830, 0x000001e6db6d51c0, 0x000001e6db6d3780, 0x000001e6db6d5850,
0x000001e6db6d44a0, 0x000001e6db6d5ee0, 0x000001e6db6d30f0, 0x000001e6db6d4b30,
0x000001e6db6d2a60, 0x000001e6db6d3e10, 0x000001e6e1956db0, 0x000001e6e1958160,
0x000001e6e1957ad0, 0x000001e6e195a230, 0x000001e6e1959510, 0x000001e6e19587f0,
0x000001e6e195a8c0, 0x000001e6e1957440, 0x000001e6e195bc70, 0x000001e6e195af50,
0x000001e6e195b5e0, 0x000001e6e195c300, 0x000001e6e1958e80, 0x000001e6e195c990,
0x000001e6e195d020, 0x000001e6e195d6b0, 0x000001e6e195dd40, 0x000001e6e368feb0,
0x000001e6e3690540, 0x000001e6e368e470, 0x000001e6e368f820, 0x000001e6e3691f80,
0x000001e6e368f190, 0x000001e6e36918f0, 0x000001e6e368eb00, 0x000001e6e36939c0,
0x000001e6e3693330, 0x000001e6e36946e0, 0x000001e6e3694d70, 0x000001e6e3692ca0,
0x000001e6e3694050, 0x000001e6e3695400, 0x000001e6e3695a90, 0x000001e6e3692610,
0x000001e6e195f450, 0x000001e6e195fae0, 0x000001e6e195e730, 0x000001e6e1960800,
0x000001e6e195edc0, 0x000001e6e1960e90, 0x000001e6e19635f0, 0x000001e6e1961520,
0x000001e6e1962f60, 0x000001e6e1961bb0, 0x000001e6e19628d0, 0x000001e6e1960170,
0x000001e6e19649a0, 0x000001e6e1963c80, 0x000001e6e1965030, 0x000001e6e19656c0,
0x000001e6e1964310, 0x000001e6e1965d50, 0x000001e6e2ee3a80, 0x000001e6e2ee26d0,
0x000001e6e2ee4110, 0x000001e6e2ee4e30, 0x000001e6e2ee47a0, 0x000001e6e2ee61e0,
0x000001e6e2ee6870, 0x000001e6e2ee7590, 0x000001e6e2ee6f00
}

Java Threads: ( => current thread )
  0x000001e6c143b830 JavaThread "main"                              [_thread_blocked, id=21212, stack(0x000000de09000000,0x000000de09100000) (1024K)]
  0x000001e6c39993d0 JavaThread "Reference Handler"          daemon [_thread_blocked, id=2708, stack(0x000000de09400000,0x000000de09500000) (1024K)]
  0x000001e6c3897870 JavaThread "Finalizer"                  daemon [_thread_blocked, id=16036, stack(0x000000de09500000,0x000000de09600000) (1024K)]
  0x000001e6c389ab60 JavaThread "Signal Dispatcher"          daemon [_thread_blocked, id=19568, stack(0x000000de09600000,0x000000de09700000) (1024K)]
=>0x000001e6c389b7b0 JavaThread "Attach Listener"            daemon [_thread_in_vm, id=20008, stack(0x000000de09700000,0x000000de09800000) (1024K)]
  0x000001e6c389da90 JavaThread "Service Thread"             daemon [_thread_blocked, id=11312, stack(0x000000de09800000,0x000000de09900000) (1024K)]
  0x000001e6c389e590 JavaThread "Monitor Deflation Thread"   daemon [_thread_blocked, id=21232, stack(0x000000de09900000,0x000000de09a00000) (1024K)]
  0x000001e6c399f0e0 JavaThread "C2 CompilerThread0"         daemon [_thread_blocked, id=7784, stack(0x000000de09a00000,0x000000de09b00000) (1024K)]
  0x000001e6c399f830 JavaThread "C1 CompilerThread0"         daemon [_thread_blocked, id=21076, stack(0x000000de09b00000,0x000000de09c00000) (1024K)]
  0x000001e6db6d51c0 JavaThread "Common-Cleaner"             daemon [_thread_blocked, id=17200, stack(0x000000de09c00000,0x000000de09d00000) (1024K)]
  0x000001e6db6d3780 JavaThread "Notification Thread"        daemon [_thread_blocked, id=20556, stack(0x000000de09e00000,0x000000de09f00000) (1024K)]
  0x000001e6db6d5850 JavaThread "Active Thread: Equinox Container: 97637273-b031-40ac-a53c-68fcbd553845"        [_thread_blocked, id=2888, stack(0x000000de0a600000,0x000000de0a700000) (1024K)]
  0x000001e6db6d44a0 JavaThread "Refresh Thread: Equinox Container: 97637273-b031-40ac-a53c-68fcbd553845" daemon [_thread_blocked, id=20868, stack(0x000000de0a700000,0x000000de0a800000) (1024K)]
  0x000001e6db6d5ee0 JavaThread "Framework Event Dispatcher: Equinox Container: 97637273-b031-40ac-a53c-68fcbd553845" daemon [_thread_blocked, id=2880, stack(0x000000de0a900000,0x000000de0aa00000) (1024K)]
  0x000001e6db6d30f0 JavaThread "Start Level: Equinox Container: 97637273-b031-40ac-a53c-68fcbd553845" daemon [_thread_blocked, id=15052, stack(0x000000de0aa00000,0x000000de0ab00000) (1024K)]
  0x000001e6db6d4b30 JavaThread "Bundle File Closer"         daemon [_thread_blocked, id=14576, stack(0x000000de0ad00000,0x000000de0ae00000) (1024K)]
  0x000001e6db6d2a60 JavaThread "SCR Component Actor"        daemon [_thread_blocked, id=3148, stack(0x000000de0ae00000,0x000000de0af00000) (1024K)]
  0x000001e6db6d3e10 JavaThread "Worker-JM"                         [_thread_blocked, id=14088, stack(0x000000de0af00000,0x000000de0b000000) (1024K)]
  0x000001e6e1956db0 JavaThread "JNA Cleaner"                daemon [_thread_blocked, id=19880, stack(0x000000de09d00000,0x000000de09e00000) (1024K)]
  0x000001e6e1958160 JavaThread "Worker-1"                          [_thread_blocked, id=15000, stack(0x000000de0b100000,0x000000de0b200000) (1024K)]
  0x000001e6e1957ad0 JavaThread "Java indexing"              daemon [_thread_blocked, id=20600, stack(0x000000de0b400000,0x000000de0b500000) (1024K)]
  0x000001e6e195a230 JavaThread "Worker-3"                          [_thread_blocked, id=20496, stack(0x000000de0b500000,0x000000de0b600000) (1024K)]
  0x000001e6e1959510 JavaThread "Worker-4"                          [_thread_blocked, id=4508, stack(0x000000de0b600000,0x000000de0b700000) (1024K)]
  0x000001e6e19587f0 JavaThread "Thread-1"                   daemon [_thread_in_native, id=20456, stack(0x000000de0ba00000,0x000000de0bb00000) (1024K)]
  0x000001e6e195a8c0 JavaThread "Thread-2"                   daemon [_thread_in_native, id=8244, stack(0x000000de0bb00000,0x000000de0bc00000) (1024K)]
  0x000001e6e1957440 JavaThread "Thread-3"                   daemon [_thread_in_native, id=16232, stack(0x000000de0bc00000,0x000000de0bd00000) (1024K)]
  0x000001e6e195bc70 JavaThread "Thread-4"                   daemon [_thread_in_native, id=17220, stack(0x000000de0bd00000,0x000000de0be00000) (1024K)]
  0x000001e6e195af50 JavaThread "Thread-5"                   daemon [_thread_in_native, id=14152, stack(0x000000de0be00000,0x000000de0bf00000) (1024K)]
  0x000001e6e195b5e0 JavaThread "Thread-6"                   daemon [_thread_in_native, id=7848, stack(0x000000de0bf00000,0x000000de0c000000) (1024K)]
  0x000001e6e195c300 JavaThread "Thread-7"                   daemon [_thread_in_native, id=18756, stack(0x000000de0c000000,0x000000de0c100000) (1024K)]
  0x000001e6e1958e80 JavaThread "Thread-8"                   daemon [_thread_in_native, id=9556, stack(0x000000de0c100000,0x000000de0c200000) (1024K)]
  0x000001e6e195c990 JavaThread "Thread-9"                   daemon [_thread_in_native, id=20216, stack(0x000000de0c200000,0x000000de0c300000) (1024K)]
  0x000001e6e195d020 JavaThread "Thread-10"                  daemon [_thread_in_native, id=21252, stack(0x000000de0c300000,0x000000de0c400000) (1024K)]
  0x000001e6e195d6b0 JavaThread "Thread-11"                  daemon [_thread_in_native, id=16352, stack(0x000000de0c400000,0x000000de0c500000) (1024K)]
  0x000001e6e195dd40 JavaThread "Thread-12"                  daemon [_thread_in_native, id=15724, stack(0x000000de0c500000,0x000000de0c600000) (1024K)]
  0x000001e6e368feb0 JavaThread "Thread-13"                  daemon [_thread_in_native, id=11976, stack(0x000000de0c600000,0x000000de0c700000) (1024K)]
  0x000001e6e3690540 JavaThread "pool-2-thread-1"                   [_thread_blocked, id=13680, stack(0x000000de0c700000,0x000000de0c800000) (1024K)]
  0x000001e6e368e470 JavaThread "WorkspaceEventsHandler"            [_thread_blocked, id=12432, stack(0x000000de0c800000,0x000000de0c900000) (1024K)]
  0x000001e6e368f820 JavaThread "pool-1-thread-1"                   [_thread_blocked, id=20320, stack(0x000000de0c900000,0x000000de0ca00000) (1024K)]
  0x000001e6e3691f80 JavaThread "LocalFile Deleter"          daemon [_thread_blocked, id=17368, stack(0x000000de0cc00000,0x000000de0cd00000) (1024K)]
  0x000001e6e368f190 JavaThread "LocalFile Deleter"          daemon [_thread_blocked, id=19516, stack(0x000000de0cd00000,0x000000de0ce00000) (1024K)]
  0x000001e6e36918f0 JavaThread "LocalFile Deleter"          daemon [_thread_blocked, id=19280, stack(0x000000de0ce00000,0x000000de0cf00000) (1024K)]
  0x000001e6e368eb00 JavaThread "LocalFile Deleter"          daemon [_thread_blocked, id=3584, stack(0x000000de0cf00000,0x000000de0d000000) (1024K)]
  0x000001e6e36939c0 JavaThread "LocalFile Deleter"          daemon [_thread_blocked, id=20728, stack(0x000000de0d000000,0x000000de0d100000) (1024K)]
  0x000001e6e3693330 JavaThread "LocalFile Deleter"          daemon [_thread_blocked, id=10456, stack(0x000000de0d100000,0x000000de0d200000) (1024K)]
  0x000001e6e36946e0 JavaThread "LocalFile Deleter"          daemon [_thread_blocked, id=21048, stack(0x000000de0d200000,0x000000de0d300000) (1024K)]
  0x000001e6e3694d70 JavaThread "LocalFile Deleter"          daemon [_thread_blocked, id=15704, stack(0x000000de0d300000,0x000000de0d400000) (1024K)]
  0x000001e6e3692ca0 JavaThread "LocalFile Deleter"          daemon [_thread_blocked, id=15528, stack(0x000000de0d400000,0x000000de0d500000) (1024K)]
  0x000001e6e3694050 JavaThread "LocalFile Deleter"          daemon [_thread_blocked, id=19524, stack(0x000000de0d500000,0x000000de0d600000) (1024K)]
  0x000001e6e3695400 JavaThread "Compiler Source File Reader" daemon [_thread_blocked, id=20140, stack(0x000000de0d600000,0x000000de0d700000) (1024K)]
  0x000001e6e3695a90 JavaThread "Compiler Source File Reader" daemon [_thread_blocked, id=14140, stack(0x000000de0d700000,0x000000de0d800000) (1024K)]
  0x000001e6e3692610 JavaThread "Compiler Source File Reader" daemon [_thread_blocked, id=6976, stack(0x000000de0d800000,0x000000de0d900000) (1024K)]
  0x000001e6e195f450 JavaThread "Compiler Source File Reader" daemon [_thread_blocked, id=21324, stack(0x000000de0d900000,0x000000de0da00000) (1024K)]
  0x000001e6e195fae0 JavaThread "Compiler Source File Reader" daemon [_thread_blocked, id=21128, stack(0x000000de0da00000,0x000000de0db00000) (1024K)]
  0x000001e6e195e730 JavaThread "Compiler Source File Reader" daemon [_thread_blocked, id=21108, stack(0x000000de0db00000,0x000000de0dc00000) (1024K)]
  0x000001e6e1960800 JavaThread "Compiler Source File Reader" daemon [_thread_blocked, id=21060, stack(0x000000de0dc00000,0x000000de0dd00000) (1024K)]
  0x000001e6e195edc0 JavaThread "Compiler Source File Reader" daemon [_thread_blocked, id=21156, stack(0x000000de0dd00000,0x000000de0de00000) (1024K)]
  0x000001e6e1960e90 JavaThread "Compiler Source File Reader" daemon [_thread_blocked, id=19228, stack(0x000000de0de00000,0x000000de0df00000) (1024K)]
  0x000001e6e19635f0 JavaThread "Compiler Source File Reader" daemon [_thread_blocked, id=20076, stack(0x000000de0df00000,0x000000de0e000000) (1024K)]
  0x000001e6e1961520 JavaThread "Compiler Class File Writer" daemon [_thread_blocked, id=9508, stack(0x000000de0e100000,0x000000de0e200000) (1024K)]
  0x000001e6e1962f60 JavaThread "Compiler Class File Writer" daemon [_thread_blocked, id=16824, stack(0x000000de0e200000,0x000000de0e300000) (1024K)]
  0x000001e6e1961bb0 JavaThread "Compiler Class File Writer" daemon [_thread_blocked, id=17516, stack(0x000000de0e300000,0x000000de0e400000) (1024K)]
  0x000001e6e19628d0 JavaThread "Compiler Class File Writer" daemon [_thread_blocked, id=5488, stack(0x000000de0e400000,0x000000de0e500000) (1024K)]
  0x000001e6e1960170 JavaThread "Compiler Class File Writer" daemon [_thread_blocked, id=2588, stack(0x000000de0e500000,0x000000de0e600000) (1024K)]
  0x000001e6e19649a0 JavaThread "Compiler Class File Writer" daemon [_thread_blocked, id=16684, stack(0x000000de0e600000,0x000000de0e700000) (1024K)]
  0x000001e6e1963c80 JavaThread "Compiler Class File Writer" daemon [_thread_blocked, id=17196, stack(0x000000de0e700000,0x000000de0e800000) (1024K)]
  0x000001e6e1965030 JavaThread "Compiler Class File Writer" daemon [_thread_blocked, id=20176, stack(0x000000de0e800000,0x000000de0e900000) (1024K)]
  0x000001e6e19656c0 JavaThread "Compiler Class File Writer" daemon [_thread_blocked, id=21416, stack(0x000000de0e900000,0x000000de0ea00000) (1024K)]
  0x000001e6e1964310 JavaThread "ForkJoinPool.commonPool-worker-1" daemon [_thread_blocked, id=18004, stack(0x000000de0ea00000,0x000000de0eb00000) (1024K)]
  0x000001e6e1965d50 JavaThread "Compiler Class File Writer" daemon [_thread_blocked, id=9668, stack(0x000000de0eb00000,0x000000de0ec00000) (1024K)]
  0x000001e6e2ee3a80 JavaThread "ForkJoinPool.commonPool-worker-2" daemon [_thread_blocked, id=20516, stack(0x000000de0ec00000,0x000000de0ed00000) (1024K)]
  0x000001e6e2ee26d0 JavaThread "ForkJoinPool.commonPool-worker-3" daemon [_thread_blocked, id=16348, stack(0x000000de0ed00000,0x000000de0ee00000) (1024K)]
  0x000001e6e2ee4110 JavaThread "ForkJoinPool.commonPool-worker-4" daemon [_thread_blocked, id=5544, stack(0x000000de0ee00000,0x000000de0ef00000) (1024K)]
  0x000001e6e2ee4e30 JavaThread "ForkJoinPool.commonPool-worker-5" daemon [_thread_blocked, id=17720, stack(0x000000de0ef00000,0x000000de0f000000) (1024K)]
  0x000001e6e2ee47a0 JavaThread "ForkJoinPool.commonPool-worker-6" daemon [_thread_blocked, id=15416, stack(0x000000de0f000000,0x000000de0f100000) (1024K)]
  0x000001e6e2ee61e0 JavaThread "ForkJoinPool.commonPool-worker-8" daemon [_thread_blocked, id=4532, stack(0x000000de0f200000,0x000000de0f300000) (1024K)]
  0x000001e6e2ee6870 JavaThread "ForkJoinPool.commonPool-worker-9" daemon [_thread_blocked, id=16584, stack(0x000000de0f300000,0x000000de0f400000) (1024K)]
  0x000001e6e2ee7590 JavaThread "ForkJoinPool.commonPool-worker-11" daemon [_thread_blocked, id=1860, stack(0x000000de0f500000,0x000000de0f600000) (1024K)]
  0x000001e6e2ee6f00 JavaThread "Cleaner-0"                  daemon [_thread_blocked, id=12384, stack(0x000000de0f600000,0x000000de0f700000) (1024K)]
Total: 79

Other Threads:
  0x000001e6c38849a0 VMThread "VM Thread"                           [id=15424, stack(0x000000de09300000,0x000000de09400000) (1024K)]
  0x000001e6c377ba00 WatcherThread "VM Periodic Task Thread"        [id=1988, stack(0x000000de09200000,0x000000de09300000) (1024K)]
  0x000001e6c390b470 WorkerThread "GC Thread#0"                     [id=8720, stack(0x000000de09100000,0x000000de09200000) (1024K)]
  0x000001e6dcd395f0 WorkerThread "GC Thread#1"                     [id=10844, stack(0x000000de0a000000,0x000000de0a100000) (1024K)]
  0x000001e6e10ebb70 WorkerThread "GC Thread#2"                     [id=15152, stack(0x000000de0a100000,0x000000de0a200000) (1024K)]
  0x000001e6dcb79030 WorkerThread "GC Thread#3"                     [id=9996, stack(0x000000de0a200000,0x000000de0a300000) (1024K)]
  0x000001e6dcb793d0 WorkerThread "GC Thread#4"                     [id=5192, stack(0x000000de0a300000,0x000000de0a400000) (1024K)]
  0x000001e6dcb79770 WorkerThread "GC Thread#5"                     [id=11632, stack(0x000000de0a400000,0x000000de0a500000) (1024K)]
  0x000001e6dcc662d0 WorkerThread "GC Thread#6"                     [id=17816, stack(0x000000de0a500000,0x000000de0a600000) (1024K)]
  0x000001e6dcc66670 WorkerThread "GC Thread#7"                     [id=20784, stack(0x000000de0a800000,0x000000de0a900000) (1024K)]
  0x000001e6dcc66a10 WorkerThread "GC Thread#8"                     [id=13264, stack(0x000000de0ab00000,0x000000de0ac00000) (1024K)]
  0x000001e6dcc66db0 WorkerThread "GC Thread#9"                     [id=8484, stack(0x000000de0ac00000,0x000000de0ad00000) (1024K)]
Total: 12

Threads with active compile tasks:
Total: 0

VM state: not at safepoint (normal execution)

VM Mutex/Monitor currently owned by a thread: None

Heap address: 0x0000000080000000, size: 2048 MB, Compressed Oops mode: 32-bit

CDS archive(s) mapped at: [0x000001e680000000-0x000001e680ba0000-0x000001e680ba0000), size 12189696, SharedBaseAddress: 0x000001e680000000, ArchiveRelocationMode: 1.
Compressed class space mapped at: 0x000001e681000000-0x000001e6c1000000, reserved size: 1073741824
Narrow klass base: 0x000001e680000000, Narrow klass shift: 0, Narrow klass range: 0x100000000

GC Precious Log:
 CardTable entry size: 512
 CPUs: 12 total, 12 available
 Memory: 7967M
 Large Page Support: Disabled
 NUMA Support: Disabled
 Compressed Oops: Enabled (32-bit)
 Alignments: Space 512K, Generation 512K, Heap 2M
 Heap Min Capacity: 100M
 Heap Initial Capacity: 100M
 Heap Max Capacity: 2G
 Pre-touch: Disabled
 Parallel Workers: 10

Heap:
 PSYoungGen      total 7680K, used 988K [0x00000000d5580000, 0x00000000d5e00000, 0x0000000100000000)
  eden space 7168K, 10% used [0x00000000d5580000,0x00000000d563f0d0,0x00000000d5c80000)
  from space 512K, 43% used [0x00000000d5d80000,0x00000000d5db8000,0x00000000d5e00000)
  to   space 512K, 0% used [0x00000000d5d00000,0x00000000d5d00000,0x00000000d5d80000)
 ParOldGen       total 166400K, used 166190K [0x0000000080000000, 0x000000008a280000, 0x00000000d5580000)
  object space 166400K, 99% used [0x0000000080000000,0x000000008a24bbe8,0x000000008a280000)
 Metaspace       used 71791K, committed 73472K, reserved 1179648K
  class space    used 7408K, committed 8128K, reserved 1048576K

Card table byte_map: [0x000001e6c3290000,0x000001e6c36a0000] _byte_map_base: 0x000001e6c2e90000

Marking Bits: (ParMarkBitMap*) 0x00007ffbc563a340
 Begin Bits: [0x000001e6d5d90000, 0x000001e6d7d90000)
 End Bits:   [0x000001e6d7d90000, 0x000001e6d9d90000)

Polling page: 0x000001e6c1720000

Metaspace:

Usage:
  Non-class:     62.87 MB used.
      Class:      7.24 MB used.
       Both:     70.11 MB used.

Virtual space:
  Non-class space:      128.00 MB reserved,      63.81 MB ( 50%) committed,  2 nodes.
      Class space:        1.00 GB reserved,       7.94 MB ( <1%) committed,  1 nodes.
             Both:        1.12 GB reserved,      71.75 MB (  6%) committed. 

Chunk freelists:
   Non-Class:  15.45 MB
       Class:  8.09 MB
        Both:  23.55 MB

MaxMetaspaceSize: unlimited
CompressedClassSpaceSize: 1.00 GB
Initial GC threshold: 21.00 MB
Current GC threshold: 97.31 MB
CDS: on
 - commit_granule_bytes: 65536.
 - commit_granule_words: 8192.
 - virtual_space_node_default_size: 8388608.
 - enlarge_chunks_in_place: 1.
 - use_allocation_guard: 0.


Internal statistics:

num_allocs_failed_limit: 11.
num_arena_births: 1360.
num_arena_deaths: 20.
num_vsnodes_births: 3.
num_vsnodes_deaths: 0.
num_space_committed: 1148.
num_space_uncommitted: 0.
num_chunks_returned_to_freelist: 34.
num_chunks_taken_from_freelist: 5073.
num_chunk_merges: 10.
num_chunk_splits: 2941.
num_chunks_enlarged: 1395.
num_inconsistent_stats: 0.

CodeHeap 'non-profiled nmethods': size=120000Kb used=8652Kb max_used=8652Kb free=111347Kb
 bounds [0x000001e6ce5b0000, 0x000001e6cee30000, 0x000001e6d5ae0000]
CodeHeap 'profiled nmethods': size=120000Kb used=29920Kb max_used=29920Kb free=90079Kb
 bounds [0x000001e6c6ae0000, 0x000001e6c8820000, 0x000001e6ce010000]
CodeHeap 'non-nmethods': size=5760Kb used=1472Kb max_used=1603Kb free=4287Kb
 bounds [0x000001e6ce010000, 0x000001e6ce280000, 0x000001e6ce5b0000]
CodeCache: size=245760Kb, used=40044Kb, max_used=40175Kb, free=205713Kb
 total_blobs=14141, nmethods=13351, adapters=693, full_count=0
Compilation: enabled, stopped_count=0, restarted_count=0

Compilation events (20 events):
Event: 43.508 Thread 0x000001e6c399f0e0 14171       4       java.lang.Class::getField (50 bytes)
Event: 43.510 Thread 0x000001e6c399f0e0 nmethod 14171 0x000001e6cee22290 code [0x000001e6cee22440, 0x000001e6cee226d0]
Event: 62.789 Thread 0x000001e6c399f830 14177       3       java.nio.ByteBuffer::clear (7 bytes)
Event: 62.789 Thread 0x000001e6c399f830 nmethod 14177 0x000001e6c8813190 code [0x000001e6c8813340, 0x000001e6c88134c0]
Event: 62.792 Thread 0x000001e6c399f830 14179       3       org.eclipse.core.internal.resources.Resource::contains (131 bytes)
Event: 62.793 Thread 0x000001e6c399f830 nmethod 14179 0x000001e6c8813590 code [0x000001e6c8813820, 0x000001e6c88147c0]
Event: 62.793 Thread 0x000001e6c399f830 14180       3       org.eclipse.core.internal.resources.Project::isAccessible (5 bytes)
Event: 62.793 Thread 0x000001e6c399f830 nmethod 14180 0x000001e6c8814b90 code [0x000001e6c8814d80, 0x000001e6c8815400]
Event: 62.896 Thread 0x000001e6c399f0e0 14181       4       java.util.concurrent.atomic.AtomicLong::addAndGet (14 bytes)
Event: 62.897 Thread 0x000001e6c399f0e0 nmethod 14181 0x000001e6cee22d90 code [0x000001e6cee22f20, 0x000001e6cee22fb8]
Event: 62.897 Thread 0x000001e6c399f830 14182       3       org.eclipse.core.internal.resources.Resource::isConflicting (155 bytes)
Event: 62.901 Thread 0x000001e6c399f830 nmethod 14182 0x000001e6c8815610 code [0x000001e6c88158c0, 0x000001e6c8816998]
Event: 101.106 Thread 0x000001e6c399f830 14183       3       java.util.concurrent.ThreadPoolExecutor$Worker::unlock (7 bytes)
Event: 101.106 Thread 0x000001e6c399f830 nmethod 14183 0x000001e6c8816e10 code [0x000001e6c8816fe0, 0x000001e6c8817238]
Event: 101.106 Thread 0x000001e6c399f830 14184       3       java.util.concurrent.ThreadPoolExecutor$Worker::tryRelease (12 bytes)
Event: 101.106 Thread 0x000001e6c399f830 nmethod 14184 0x000001e6c8817390 code [0x000001e6c8817520, 0x000001e6c8817688]
Event: 121.470 Thread 0x000001e6c399f830 14185       3       java.util.concurrent.ScheduledThreadPoolExecutor::canRunInCurrentRunState (61 bytes)
Event: 121.472 Thread 0x000001e6c399f830 nmethod 14185 0x000001e6c8817710 code [0x000001e6c8817920, 0x000001e6c88180d0]
Event: 151.470 Thread 0x000001e6c399f830 14186       1       java.util.concurrent.ThreadPoolExecutor::getQueue (5 bytes)
Event: 151.471 Thread 0x000001e6c399f830 nmethod 14186 0x000001e6cee23090 code [0x000001e6cee23220, 0x000001e6cee232e8]

GC Heap History (20 events):
Event: 33.597 GC heap before
{Heap before GC invocations=94 (full 3):
 PSYoungGen      total 8192K, used 8000K [0x00000000d5580000, 0x00000000d5f80000, 0x0000000100000000)
  eden space 7680K, 100% used [0x00000000d5580000,0x00000000d5d00000,0x00000000d5d00000)
  from space 512K, 62% used [0x00000000d5f00000,0x00000000d5f50000,0x00000000d5f80000)
  to   space 512K, 0% used [0x00000000d5e80000,0x00000000d5e80000,0x00000000d5f00000)
 ParOldGen       total 162816K, used 162585K [0x0000000080000000, 0x0000000089f00000, 0x00000000d5580000)
  object space 162816K, 99% used [0x0000000080000000,0x0000000089ec6698,0x0000000089f00000)
 Metaspace       used 70366K, committed 72000K, reserved 1114112K
  class space    used 7300K, committed 8000K, reserved 1048576K
}
Event: 33.599 GC heap after
{Heap after GC invocations=94 (full 3):
 PSYoungGen      total 8192K, used 512K [0x00000000d5580000, 0x00000000d6000000, 0x0000000100000000)
  eden space 7680K, 0% used [0x00000000d5580000,0x00000000d5580000,0x00000000d5d00000)
  from space 512K, 100% used [0x00000000d5e80000,0x00000000d5f00000,0x00000000d5f00000)
  to   space 1024K, 0% used [0x00000000d5f00000,0x00000000d5f00000,0x00000000d6000000)
 ParOldGen       total 163328K, used 163049K [0x0000000080000000, 0x0000000089f80000, 0x00000000d5580000)
  object space 163328K, 99% used [0x0000000080000000,0x0000000089f3a598,0x0000000089f80000)
 Metaspace       used 70366K, committed 72000K, reserved 1114112K
  class space    used 7300K, committed 8000K, reserved 1048576K
}
Event: 33.663 GC heap before
{Heap before GC invocations=95 (full 3):
 PSYoungGen      total 8192K, used 8192K [0x00000000d5580000, 0x00000000d6000000, 0x0000000100000000)
  eden space 7680K, 100% used [0x00000000d5580000,0x00000000d5d00000,0x00000000d5d00000)
  from space 512K, 100% used [0x00000000d5e80000,0x00000000d5f00000,0x00000000d5f00000)
  to   space 1024K, 0% used [0x00000000d5f00000,0x00000000d5f00000,0x00000000d6000000)
 ParOldGen       total 163328K, used 163049K [0x0000000080000000, 0x0000000089f80000, 0x00000000d5580000)
  object space 163328K, 99% used [0x0000000080000000,0x0000000089f3a598,0x0000000089f80000)
 Metaspace       used 70421K, committed 72064K, reserved 1114112K
  class space    used 7304K, committed 8000K, reserved 1048576K
}
Event: 33.665 GC heap after
{Heap after GC invocations=95 (full 3):
 PSYoungGen      total 8192K, used 1008K [0x00000000d5580000, 0x00000000d6200000, 0x0000000100000000)
  eden space 7168K, 0% used [0x00000000d5580000,0x00000000d5580000,0x00000000d5c80000)
  from space 1024K, 98% used [0x00000000d5f00000,0x00000000d5ffc010,0x00000000d6000000)
  to   space 2560K, 0% used [0x00000000d5c80000,0x00000000d5c80000,0x00000000d5f00000)
 ParOldGen       total 164352K, used 163923K [0x0000000080000000, 0x000000008a080000, 0x00000000d5580000)
  object space 164352K, 99% used [0x0000000080000000,0x000000008a014d90,0x000000008a080000)
 Metaspace       used 70421K, committed 72064K, reserved 1114112K
  class space    used 7304K, committed 8000K, reserved 1048576K
}
Event: 34.228 GC heap before
{Heap before GC invocations=96 (full 3):
 PSYoungGen      total 8192K, used 8176K [0x00000000d5580000, 0x00000000d6200000, 0x0000000100000000)
  eden space 7168K, 100% used [0x00000000d5580000,0x00000000d5c80000,0x00000000d5c80000)
  from space 1024K, 98% used [0x00000000d5f00000,0x00000000d5ffc010,0x00000000d6000000)
  to   space 2560K, 0% used [0x00000000d5c80000,0x00000000d5c80000,0x00000000d5f00000)
 ParOldGen       total 164352K, used 163923K [0x0000000080000000, 0x000000008a080000, 0x00000000d5580000)
  object space 164352K, 99% used [0x0000000080000000,0x000000008a014d90,0x000000008a080000)
 Metaspace       used 70563K, committed 72256K, reserved 1114112K
  class space    used 7305K, committed 8064K, reserved 1048576K
}
Event: 34.233 GC heap after
{Heap after GC invocations=96 (full 3):
 PSYoungGen      total 8192K, used 1018K [0x00000000d5580000, 0x00000000d5f80000, 0x0000000100000000)
  eden space 7168K, 0% used [0x00000000d5580000,0x00000000d5580000,0x00000000d5c80000)
  from space 1024K, 99% used [0x00000000d5c80000,0x00000000d5d7e900,0x00000000d5d80000)
  to   space 1536K, 0% used [0x00000000d5e00000,0x00000000d5e00000,0x00000000d5f80000)
 ParOldGen       total 165376K, used 164951K [0x0000000080000000, 0x000000008a180000, 0x00000000d5580000)
  object space 165376K, 99% used [0x0000000080000000,0x000000008a115fe8,0x000000008a180000)
 Metaspace       used 70563K, committed 72256K, reserved 1114112K
  class space    used 7305K, committed 8064K, reserved 1048576K
}
Event: 34.503 GC heap before
{Heap before GC invocations=97 (full 3):
 PSYoungGen      total 8192K, used 8186K [0x00000000d5580000, 0x00000000d5f80000, 0x0000000100000000)
  eden space 7168K, 100% used [0x00000000d5580000,0x00000000d5c80000,0x00000000d5c80000)
  from space 1024K, 99% used [0x00000000d5c80000,0x00000000d5d7e900,0x00000000d5d80000)
  to   space 1536K, 0% used [0x00000000d5e00000,0x00000000d5e00000,0x00000000d5f80000)
 ParOldGen       total 165376K, used 164951K [0x0000000080000000, 0x000000008a180000, 0x00000000d5580000)
  object space 165376K, 99% used [0x0000000080000000,0x000000008a115fe8,0x000000008a180000)
 Metaspace       used 70718K, committed 72384K, reserved 1114112K
  class space    used 7305K, committed 8064K, reserved 1048576K
}
Event: 34.507 GC heap after
{Heap after GC invocations=97 (full 3):
 PSYoungGen      total 8192K, used 756K [0x00000000d5580000, 0x00000000d5f00000, 0x0000000100000000)
  eden space 7168K, 0% used [0x00000000d5580000,0x00000000d5580000,0x00000000d5c80000)
  from space 1024K, 73% used [0x00000000d5e00000,0x00000000d5ebd200,0x00000000d5f00000)
  to   space 1024K, 0% used [0x00000000d5c80000,0x00000000d5c80000,0x00000000d5d80000)
 ParOldGen       total 165888K, used 165747K [0x0000000080000000, 0x000000008a200000, 0x00000000d5580000)
  object space 165888K, 99% used [0x0000000080000000,0x000000008a1dcef8,0x000000008a200000)
 Metaspace       used 70718K, committed 72384K, reserved 1114112K
  class space    used 7305K, committed 8064K, reserved 1048576K
}
Event: 35.411 GC heap before
{Heap before GC invocations=98 (full 3):
 PSYoungGen      total 8192K, used 7924K [0x00000000d5580000, 0x00000000d5f00000, 0x0000000100000000)
  eden space 7168K, 100% used [0x00000000d5580000,0x00000000d5c80000,0x00000000d5c80000)
  from space 1024K, 73% used [0x00000000d5e00000,0x00000000d5ebd200,0x00000000d5f00000)
  to   space 1024K, 0% used [0x00000000d5c80000,0x00000000d5c80000,0x00000000d5d80000)
 ParOldGen       total 165888K, used 165747K [0x0000000080000000, 0x000000008a200000, 0x00000000d5580000)
  object space 165888K, 99% used [0x0000000080000000,0x000000008a1dcef8,0x000000008a200000)
 Metaspace       used 71019K, committed 72640K, reserved 1114112K
  class space    used 7351K, committed 8064K, reserved 1048576K
}
Event: 35.413 GC heap after
{Heap after GC invocations=98 (full 3):
 PSYoungGen      total 8192K, used 928K [0x00000000d5580000, 0x00000000d5e80000, 0x0000000100000000)
  eden space 7168K, 0% used [0x00000000d5580000,0x00000000d5580000,0x00000000d5c80000)
  from space 1024K, 90% used [0x00000000d5c80000,0x00000000d5d68000,0x00000000d5d80000)
  to   space 1024K, 0% used [0x00000000d5d80000,0x00000000d5d80000,0x00000000d5e80000)
 ParOldGen       total 165888K, used 165803K [0x0000000080000000, 0x000000008a200000, 0x00000000d5580000)
  object space 165888K, 99% used [0x0000000080000000,0x000000008a1eaef8,0x000000008a200000)
 Metaspace       used 71019K, committed 72640K, reserved 1114112K
  class space    used 7351K, committed 8064K, reserved 1048576K
}
Event: 35.494 GC heap before
{Heap before GC invocations=99 (full 3):
 PSYoungGen      total 8192K, used 8096K [0x00000000d5580000, 0x00000000d5e80000, 0x0000000100000000)
  eden space 7168K, 100% used [0x00000000d5580000,0x00000000d5c80000,0x00000000d5c80000)
  from space 1024K, 90% used [0x00000000d5c80000,0x00000000d5d68000,0x00000000d5d80000)
  to   space 1024K, 0% used [0x00000000d5d80000,0x00000000d5d80000,0x00000000d5e80000)
 ParOldGen       total 165888K, used 165803K [0x0000000080000000, 0x000000008a200000, 0x00000000d5580000)
  object space 165888K, 99% used [0x0000000080000000,0x000000008a1eaef8,0x000000008a200000)
 Metaspace       used 71554K, committed 73216K, reserved 1179648K
  class space    used 7402K, committed 8128K, reserved 1048576K
}
Event: 35.495 GC heap after
{Heap after GC invocations=99 (full 3):
 PSYoungGen      total 8192K, used 980K [0x00000000d5580000, 0x00000000d5e80000, 0x0000000100000000)
  eden space 7168K, 0% used [0x00000000d5580000,0x00000000d5580000,0x00000000d5c80000)
  from space 1024K, 95% used [0x00000000d5d80000,0x00000000d5e75200,0x00000000d5e80000)
  to   space 1024K, 0% used [0x00000000d5c80000,0x00000000d5c80000,0x00000000d5d80000)
 ParOldGen       total 165888K, used 165886K [0x0000000080000000, 0x000000008a200000, 0x00000000d5580000)
  object space 165888K, 99% used [0x0000000080000000,0x000000008a1ffbe8,0x000000008a200000)
 Metaspace       used 71554K, committed 73216K, reserved 1179648K
  class space    used 7402K, committed 8128K, reserved 1048576K
}
Event: 36.032 GC heap before
{Heap before GC invocations=100 (full 3):
 PSYoungGen      total 8192K, used 8148K [0x00000000d5580000, 0x00000000d5e80000, 0x0000000100000000)
  eden space 7168K, 100% used [0x00000000d5580000,0x00000000d5c80000,0x00000000d5c80000)
  from space 1024K, 95% used [0x00000000d5d80000,0x00000000d5e75200,0x00000000d5e80000)
  to   space 1024K, 0% used [0x00000000d5c80000,0x00000000d5c80000,0x00000000d5d80000)
 ParOldGen       total 165888K, used 165886K [0x0000000080000000, 0x000000008a200000, 0x00000000d5580000)
  object space 165888K, 99% used [0x0000000080000000,0x000000008a1ffbe8,0x000000008a200000)
 Metaspace       used 71588K, committed 73216K, reserved 1179648K
  class space    used 7402K, committed 8128K, reserved 1048576K
}
Event: 36.033 GC heap after
{Heap after GC invocations=100 (full 3):
 PSYoungGen      total 8192K, used 826K [0x00000000d5580000, 0x00000000d5e80000, 0x0000000100000000)
  eden space 7168K, 0% used [0x00000000d5580000,0x00000000d5580000,0x00000000d5c80000)
  from space 1024K, 80% used [0x00000000d5c80000,0x00000000d5d4e900,0x00000000d5d80000)
  to   space 1024K, 0% used [0x00000000d5d80000,0x00000000d5d80000,0x00000000d5e80000)
 ParOldGen       total 166400K, used 166006K [0x0000000080000000, 0x000000008a280000, 0x00000000d5580000)
  object space 166400K, 99% used [0x0000000080000000,0x000000008a21dbe8,0x000000008a280000)
 Metaspace       used 71588K, committed 73216K, reserved 1179648K
  class space    used 7402K, committed 8128K, reserved 1048576K
}
Event: 39.426 GC heap before
{Heap before GC invocations=101 (full 3):
 PSYoungGen      total 8192K, used 7994K [0x00000000d5580000, 0x00000000d5e80000, 0x0000000100000000)
  eden space 7168K, 100% used [0x00000000d5580000,0x00000000d5c80000,0x00000000d5c80000)
  from space 1024K, 80% used [0x00000000d5c80000,0x00000000d5d4e900,0x00000000d5d80000)
  to   space 1024K, 0% used [0x00000000d5d80000,0x00000000d5d80000,0x00000000d5e80000)
 ParOldGen       total 166400K, used 166006K [0x0000000080000000, 0x000000008a280000, 0x00000000d5580000)
  object space 166400K, 99% used [0x0000000080000000,0x000000008a21dbe8,0x000000008a280000)
 Metaspace       used 71701K, committed 73344K, reserved 1179648K
  class space    used 7402K, committed 8128K, reserved 1048576K
}
Event: 39.427 GC heap after
{Heap after GC invocations=101 (full 3):
 PSYoungGen      total 8192K, used 352K [0x00000000d5580000, 0x00000000d5e80000, 0x0000000100000000)
  eden space 7168K, 0% used [0x00000000d5580000,0x00000000d5580000,0x00000000d5c80000)
  from space 1024K, 34% used [0x00000000d5d80000,0x00000000d5dd8000,0x00000000d5e80000)
  to   space 1024K, 0% used [0x00000000d5c80000,0x00000000d5c80000,0x00000000d5d80000)
 ParOldGen       total 166400K, used 166070K [0x0000000080000000, 0x000000008a280000, 0x00000000d5580000)
  object space 166400K, 99% used [0x0000000080000000,0x000000008a22dbe8,0x000000008a280000)
 Metaspace       used 71701K, committed 73344K, reserved 1179648K
  class space    used 7402K, committed 8128K, reserved 1048576K
}
Event: 39.567 GC heap before
{Heap before GC invocations=102 (full 3):
 PSYoungGen      total 8192K, used 7520K [0x00000000d5580000, 0x00000000d5e80000, 0x0000000100000000)
  eden space 7168K, 100% used [0x00000000d5580000,0x00000000d5c80000,0x00000000d5c80000)
  from space 1024K, 34% used [0x00000000d5d80000,0x00000000d5dd8000,0x00000000d5e80000)
  to   space 1024K, 0% used [0x00000000d5c80000,0x00000000d5c80000,0x00000000d5d80000)
 ParOldGen       total 166400K, used 166070K [0x0000000080000000, 0x000000008a280000, 0x00000000d5580000)
  object space 166400K, 99% used [0x0000000080000000,0x000000008a22dbe8,0x000000008a280000)
 Metaspace       used 71737K, committed 73344K, reserved 1179648K
  class space    used 7405K, committed 8128K, reserved 1048576K
}
Event: 39.568 GC heap after
{Heap after GC invocations=102 (full 3):
 PSYoungGen      total 8192K, used 320K [0x00000000d5580000, 0x00000000d5e00000, 0x0000000100000000)
  eden space 7168K, 0% used [0x00000000d5580000,0x00000000d5580000,0x00000000d5c80000)
  from space 1024K, 31% used [0x00000000d5c80000,0x00000000d5cd0000,0x00000000d5d80000)
  to   space 512K, 0% used [0x00000000d5d80000,0x00000000d5d80000,0x00000000d5e00000)
 ParOldGen       total 166400K, used 166142K [0x0000000080000000, 0x000000008a280000, 0x00000000d5580000)
  object space 166400K, 99% used [0x0000000080000000,0x000000008a23fbe8,0x000000008a280000)
 Metaspace       used 71737K, committed 73344K, reserved 1179648K
  class space    used 7405K, committed 8128K, reserved 1048576K
}
Event: 62.783 GC heap before
{Heap before GC invocations=103 (full 3):
 PSYoungGen      total 8192K, used 7486K [0x00000000d5580000, 0x00000000d5e00000, 0x0000000100000000)
  eden space 7168K, 99% used [0x00000000d5580000,0x00000000d5c7fa60,0x00000000d5c80000)
  from space 1024K, 31% used [0x00000000d5c80000,0x00000000d5cd0000,0x00000000d5d80000)
  to   space 512K, 0% used [0x00000000d5d80000,0x00000000d5d80000,0x00000000d5e00000)
 ParOldGen       total 166400K, used 166142K [0x0000000080000000, 0x000000008a280000, 0x00000000d5580000)
  object space 166400K, 99% used [0x0000000080000000,0x000000008a23fbe8,0x000000008a280000)
 Metaspace       used 71769K, committed 73472K, reserved 1179648K
  class space    used 7405K, committed 8128K, reserved 1048576K
}
Event: 62.784 GC heap after
{Heap after GC invocations=103 (full 3):
 PSYoungGen      total 7680K, used 224K [0x00000000d5580000, 0x00000000d5e00000, 0x0000000100000000)
  eden space 7168K, 0% used [0x00000000d5580000,0x00000000d5580000,0x00000000d5c80000)
  from space 512K, 43% used [0x00000000d5d80000,0x00000000d5db8000,0x00000000d5e00000)
  to   space 512K, 0% used [0x00000000d5d00000,0x00000000d5d00000,0x00000000d5d80000)
 ParOldGen       total 166400K, used 166190K [0x0000000080000000, 0x000000008a280000, 0x00000000d5580000)
  object space 166400K, 99% used [0x0000000080000000,0x000000008a24bbe8,0x000000008a280000)
 Metaspace       used 71769K, committed 73472K, reserved 1179648K
  class space    used 7405K, committed 8128K, reserved 1048576K
}

Dll operation events (10 events):
Event: 0.015 Loaded shared library c:\Users\User\.vscode\extensions\redhat.java-1.46.0-win32-x64\jre\21.0.8-win32-x86_64\bin\java.dll
Event: 0.061 Loaded shared library c:\Users\User\.vscode\extensions\redhat.java-1.46.0-win32-x64\jre\21.0.8-win32-x86_64\bin\zip.dll
Event: 0.170 Loaded shared library C:\Users\User\.vscode\extensions\redhat.java-1.46.0-win32-x64\jre\21.0.8-win32-x86_64\bin\instrument.dll
Event: 0.177 Loaded shared library C:\Users\User\.vscode\extensions\redhat.java-1.46.0-win32-x64\jre\21.0.8-win32-x86_64\bin\net.dll
Event: 0.180 Loaded shared library C:\Users\User\.vscode\extensions\redhat.java-1.46.0-win32-x64\jre\21.0.8-win32-x86_64\bin\nio.dll
Event: 0.185 Loaded shared library C:\Users\User\.vscode\extensions\redhat.java-1.46.0-win32-x64\jre\21.0.8-win32-x86_64\bin\zip.dll
Event: 0.208 Loaded shared library C:\Users\User\.vscode\extensions\redhat.java-1.46.0-win32-x64\jre\21.0.8-win32-x86_64\bin\jimage.dll
Event: 0.309 Loaded shared library c:\Users\User\.vscode\extensions\redhat.java-1.46.0-win32-x64\jre\21.0.8-win32-x86_64\bin\verify.dll
Event: 1.542 Loaded shared library C:\Users\User\AppData\Roaming\Code\User\globalStorage\redhat.java\1.46.0\config_win\org.eclipse.equinox.launcher\org.eclipse.equinox.launcher.win32.win32.x86_64_1.2.1400.v20250801-0854\eclipse_11916.dll
Event: 4.590 Loaded shared library C:\Users\User\AppData\Local\Temp\jna-2645995\jna4447978769634225212.dll

Deoptimization events (20 events):
Event: 39.438 Thread 0x000001e6e2ee5b50 DEOPT PACKING pc=0x000001e6ced5cc78 sp=0x000000de0f1fe600
Event: 39.438 Thread 0x000001e6e2ee5b50 DEOPT UNPACKING pc=0x000001e6ce063aa2 sp=0x000000de0f1fe5c0 mode 2
Event: 39.438 Thread 0x000001e6e2ee5b50 Uncommon trap: trap_request=0xffffffde fr.pc=0x000001e6ced5cf24 relative=0x0000000000000e04
Event: 39.438 Thread 0x000001e6e2ee5b50 Uncommon trap: reason=class_check action=maybe_recompile pc=0x000001e6ced5cf24 method=org.eclipse.jdt.internal.compiler.parser.Parser.consumeToken(Lorg/eclipse/jdt/internal/compiler/parser/TerminalToken;)V @ 1306 c2
Event: 39.438 Thread 0x000001e6e2ee5b50 DEOPT PACKING pc=0x000001e6ced5cf24 sp=0x000000de0f1fe600
Event: 39.438 Thread 0x000001e6e2ee5b50 DEOPT UNPACKING pc=0x000001e6ce063aa2 sp=0x000000de0f1fe5c0 mode 2
Event: 39.438 Thread 0x000001e6e2ee5b50 Uncommon trap: trap_request=0xffffffde fr.pc=0x000001e6ced5cf24 relative=0x0000000000000e04
Event: 39.438 Thread 0x000001e6e2ee5b50 Uncommon trap: reason=class_check action=maybe_recompile pc=0x000001e6ced5cf24 method=org.eclipse.jdt.internal.compiler.parser.Parser.consumeToken(Lorg/eclipse/jdt/internal/compiler/parser/TerminalToken;)V @ 1306 c2
Event: 39.439 Thread 0x000001e6e2ee5b50 DEOPT PACKING pc=0x000001e6ced5cf24 sp=0x000000de0f1fe600
Event: 39.439 Thread 0x000001e6e2ee5b50 DEOPT UNPACKING pc=0x000001e6ce063aa2 sp=0x000000de0f1fe5c0 mode 2
Event: 39.439 Thread 0x000001e6e2ee5b50 Uncommon trap: trap_request=0xffffffde fr.pc=0x000001e6ced5cf24 relative=0x0000000000000e04
Event: 39.439 Thread 0x000001e6e2ee5b50 Uncommon trap: reason=class_check action=maybe_recompile pc=0x000001e6ced5cf24 method=org.eclipse.jdt.internal.compiler.parser.Parser.consumeToken(Lorg/eclipse/jdt/internal/compiler/parser/TerminalToken;)V @ 1306 c2
Event: 39.439 Thread 0x000001e6e2ee5b50 DEOPT PACKING pc=0x000001e6ced5cf24 sp=0x000000de0f1fe600
Event: 39.439 Thread 0x000001e6e2ee5b50 DEOPT UNPACKING pc=0x000001e6ce063aa2 sp=0x000000de0f1fe5c0 mode 2
Event: 39.446 Thread 0x000001e6e2ee5b50 DEOPT PACKING pc=0x000001e6c85075e9 sp=0x000000de0f1fe020
Event: 39.446 Thread 0x000001e6e2ee5b50 DEOPT UNPACKING pc=0x000001e6ce064242 sp=0x000000de0f1fd550 mode 0
Event: 39.617 Thread 0x000001e6e2ee5b50 DEOPT PACKING pc=0x000001e6c872f590 sp=0x000000de0f1fe270
Event: 39.617 Thread 0x000001e6e2ee5b50 DEOPT UNPACKING pc=0x000001e6ce064242 sp=0x000000de0f1fd700 mode 0
Event: 40.160 Thread 0x000001e6e2ee5b50 DEOPT PACKING pc=0x000001e6c77fd2fe sp=0x000000de0f1fe1a0
Event: 40.160 Thread 0x000001e6e2ee5b50 DEOPT UNPACKING pc=0x000001e6ce064242 sp=0x000000de0f1fd680 mode 0

Classes loaded (20 events):
Event: 31.429 Loading class sun/util/cldr/CLDRTimeZoneNameProviderImpl
Event: 31.430 Loading class sun/util/locale/provider/TimeZoneNameProviderImpl
Event: 31.430 Loading class sun/util/locale/provider/TimeZoneNameProviderImpl done
Event: 31.430 Loading class sun/util/cldr/CLDRTimeZoneNameProviderImpl done
Event: 31.433 Loading class sun/util/resources/cldr/TimeZoneNames
Event: 31.434 Loading class sun/util/resources/TimeZoneNamesBundle
Event: 31.434 Loading class sun/util/resources/OpenListResourceBundle
Event: 31.434 Loading class sun/util/resources/OpenListResourceBundle done
Event: 31.434 Loading class sun/util/resources/TimeZoneNamesBundle done
Event: 31.434 Loading class sun/util/resources/cldr/TimeZoneNames done
Event: 31.434 Loading class sun/util/resources/cldr/TimeZoneNames_en
Event: 31.435 Loading class sun/util/resources/cldr/TimeZoneNames_en done
Event: 31.435 Loading class sun/util/resources/cldr/TimeZoneNames_en_US
Event: 31.435 Loading class sun/util/resources/cldr/TimeZoneNames_en_US done
Event: 31.436 Loading class sun/util/cldr/CLDRBaseLocaleDataMetaInfo$TZCanonicalIDMapHolder
Event: 31.437 Loading class sun/util/cldr/CLDRBaseLocaleDataMetaInfo$TZCanonicalIDMapHolder done
Event: 31.441 Loading class sun/util/resources/TimeZoneNames
Event: 31.442 Loading class sun/util/resources/TimeZoneNames done
Event: 31.442 Loading class sun/util/resources/TimeZoneNames_en
Event: 31.442 Loading class sun/util/resources/TimeZoneNames_en done

Classes unloaded (10 events):
Event: 6.922 Thread 0x000001e6c38849a0 Unloading class 0x000001e6811b1000 'java/lang/invoke/LambdaForm$MH+0x000001e6811b1000'
Event: 6.922 Thread 0x000001e6c38849a0 Unloading class 0x000001e6811b0c00 'java/lang/invoke/LambdaForm$MH+0x000001e6811b0c00'
Event: 6.922 Thread 0x000001e6c38849a0 Unloading class 0x000001e6811b0800 'java/lang/invoke/LambdaForm$MH+0x000001e6811b0800'
Event: 6.922 Thread 0x000001e6c38849a0 Unloading class 0x000001e6811b0400 'java/lang/invoke/LambdaForm$MH+0x000001e6811b0400'
Event: 6.922 Thread 0x000001e6c38849a0 Unloading class 0x000001e6811b0000 'java/lang/invoke/LambdaForm$BMH+0x000001e6811b0000'
Event: 6.922 Thread 0x000001e6c38849a0 Unloading class 0x000001e6811afc00 'java/lang/invoke/LambdaForm$DMH+0x000001e6811afc00'
Event: 6.922 Thread 0x000001e6c38849a0 Unloading class 0x000001e6811aec00 'java/lang/invoke/LambdaForm$DMH+0x000001e6811aec00'
Event: 17.179 Thread 0x000001e6c38849a0 Unloading class 0x000001e6815f9400 'java/lang/invoke/LambdaForm$MH+0x000001e6815f9400'
Event: 17.179 Thread 0x000001e6c38849a0 Unloading class 0x000001e6815f8c00 'java/lang/invoke/LambdaForm$MH+0x000001e6815f8c00'
Event: 17.179 Thread 0x000001e6c38849a0 Unloading class 0x000001e6815f8000 'java/lang/invoke/LambdaForm$MH+0x000001e6815f8000'

Classes redefined (0 events):
No events

Internal exceptions (20 events):
Event: 22.652 Thread 0x000001e6e2ee4110 Exception <a 'java/lang/NoSuchMethodError'{0x00000000d5a9b818}: 'int java.lang.invoke.Invokers$Holder.invokeExact_MT(java.lang.Object, java.lang.Object)'> (0x00000000d5a9b818) 
thrown [s\src\hotspot\share\interpreter\linkResolver.cpp, line 773]
Event: 22.719 Thread 0x000001e6e2ee4110 Exception <a 'java/lang/IncompatibleClassChangeError'{0x00000000d5870a90}: Found class java.lang.Object, but interface was expected> (0x00000000d5870a90) 
thrown [s\src\hotspot\share\interpreter\linkResolver.cpp, line 840]
Event: 23.004 Thread 0x000001e6e2ee33f0 Exception <a 'sun/nio/fs/WindowsException'{0x00000000d58b3868}> (0x00000000d58b3868) 
thrown [s\src\hotspot\share\prims\jni.cpp, line 520]
Event: 23.004 Thread 0x000001e6e2ee33f0 Exception <a 'sun/nio/fs/WindowsException'{0x00000000d58d5b58}> (0x00000000d58d5b58) 
thrown [s\src\hotspot\share\prims\jni.cpp, line 520]
Event: 23.005 Thread 0x000001e6e2ee33f0 Exception <a 'sun/nio/fs/WindowsException'{0x00000000d58fd6b0}> (0x00000000d58fd6b0) 
thrown [s\src\hotspot\share\prims\jni.cpp, line 520]
Event: 23.005 Thread 0x000001e6e2ee33f0 Exception <a 'sun/nio/fs/WindowsException'{0x00000000d59007e8}> (0x00000000d59007e8) 
thrown [s\src\hotspot\share\prims\jni.cpp, line 520]
Event: 23.005 Thread 0x000001e6e2ee33f0 Exception <a 'sun/nio/fs/WindowsException'{0x00000000d5909000}> (0x00000000d5909000) 
thrown [s\src\hotspot\share\prims\jni.cpp, line 520]
Event: 23.006 Thread 0x000001e6e2ee33f0 Exception <a 'sun/nio/fs/WindowsException'{0x00000000d590c9d8}> (0x00000000d590c9d8) 
thrown [s\src\hotspot\share\prims\jni.cpp, line 520]
Event: 23.010 Thread 0x000001e6e2ee33f0 Exception <a 'sun/nio/fs/WindowsException'{0x00000000d59edc00}> (0x00000000d59edc00) 
thrown [s\src\hotspot\share\prims\jni.cpp, line 520]
Event: 23.010 Thread 0x000001e6e2ee33f0 Exception <a 'sun/nio/fs/WindowsException'{0x00000000d59f6d40}> (0x00000000d59f6d40) 
thrown [s\src\hotspot\share\prims\jni.cpp, line 520]
Event: 23.087 Thread 0x000001e6e1959ba0 Exception <a 'java/lang/NoSuchMethodError'{0x00000000d5b1c868}: 'java.lang.Object java.lang.invoke.DirectMethodHandle$Holder.invokeStatic(java.lang.Object, java.lang.Object, int, java.lang.Object)'> (0x00000000d5b1c868) 
thrown [s\src\hotspot\share\interpreter\linkResolver.cpp, line 773]
Event: 23.698 Thread 0x000001e6e2ee6870 Implicit null exception at 0x000001e6ce8dd2a0 to 0x000001e6ce8ddad8
Event: 23.723 Thread 0x000001e6e2ee6870 Exception <a 'sun/nio/fs/WindowsException'{0x00000000d56e6f28}> (0x00000000d56e6f28) 
thrown [s\src\hotspot\share\prims\jni.cpp, line 520]
Event: 23.723 Thread 0x000001e6e2ee6870 Exception <a 'sun/nio/fs/WindowsException'{0x00000000d56ec810}> (0x00000000d56ec810) 
thrown [s\src\hotspot\share\prims\jni.cpp, line 520]
Event: 27.006 Thread 0x000001e6e368f820 Exception <a 'java/lang/IncompatibleClassChangeError'{0x00000000d5c84fc8}: Found class java.lang.Object, but interface was expected> (0x00000000d5c84fc8) 
thrown [s\src\hotspot\share\interpreter\linkResolver.cpp, line 840]
Event: 29.556 Thread 0x000001e6e368f820 Exception <a 'java/lang/IncompatibleClassChangeError'{0x00000000d5cda800}: Found class java.lang.Object, but interface was expected> (0x00000000d5cda800) 
thrown [s\src\hotspot\share\interpreter\linkResolver.cpp, line 840]
Event: 29.561 Thread 0x000001e6e2ee5b50 Exception <a 'java/lang/NoSuchMethodError'{0x00000000d5cf45b0}: 'java.lang.Object java.lang.invoke.DirectMethodHandle$Holder.invokeStatic(java.lang.Object, int, int, java.lang.Object)'> (0x00000000d5cf45b0) 
thrown [s\src\hotspot\share\interpreter\linkResolver.cpp, line 773]
Event: 33.541 Thread 0x000001e6e368f820 Exception <a 'java/lang/IncompatibleClassChangeError'{0x00000000d5a1eef8}: Found class java.lang.Object, but interface was expected> (0x00000000d5a1eef8) 
thrown [s\src\hotspot\share\interpreter\linkResolver.cpp, line 840]
Event: 33.566 Thread 0x000001e6e2ee5b50 Exception <a 'java/lang/NoSuchMethodError'{0x00000000d5a71948}: 'java.lang.Object java.lang.invoke.DirectMethodHandle$Holder.invokeSpecial(java.lang.Object, java.lang.Object, java.lang.Object, java.lang.Object, int, java.lang.Object, java.lang.Object)'> (0x00000000d5a71948) 
thrown [s\src\hotspot\share\interpreter\linkResolver.cpp, line 773]
Event: 35.368 Thread 0x000001e6e368f820 Exception <a 'java/lang/IncompatibleClassChangeError'{0x00000000d57aeff0}: Found class java.lang.Object, but interface was expected> (0x00000000d57aeff0) 
thrown [s\src\hotspot\share\interpreter\linkResolver.cpp, line 840]

ZGC Phase Switch (0 events):
No events

VM Operations (20 events):
Event: 40.582 Executing VM operation: Cleanup
Event: 40.582 Executing VM operation: Cleanup done
Event: 41.589 Executing VM operation: Cleanup
Event: 41.589 Executing VM operation: Cleanup done
Event: 42.590 Executing VM operation: Cleanup
Event: 42.590 Executing VM operation: Cleanup done
Event: 43.595 Executing VM operation: Cleanup
Event: 43.595 Executing VM operation: Cleanup done
Event: 60.203 Executing VM operation: HandshakeAllThreads (HandshakeForDeflation)
Event: 60.203 Executing VM operation: HandshakeAllThreads (HandshakeForDeflation) done
Event: 60.203 Executing VM operation: RendezvousGCThreads
Event: 60.203 Executing VM operation: RendezvousGCThreads done
Event: 62.783 Executing VM operation: ParallelGCFailedAllocation (Allocation Failure)
Event: 62.784 Executing VM operation: ParallelGCFailedAllocation (Allocation Failure) done
Event: 63.786 Executing VM operation: Cleanup
Event: 63.786 Executing VM operation: Cleanup done
Event: 120.291 Executing VM operation: HandshakeAllThreads (HandshakeForDeflation)
Event: 120.291 Executing VM operation: HandshakeAllThreads (HandshakeForDeflation) done
Event: 120.291 Executing VM operation: RendezvousGCThreads
Event: 120.291 Executing VM operation: RendezvousGCThreads done

Memory protections (0 events):
No events

Nmethod flushes (20 events):
Event: 17.229 Thread 0x000001e6c38849a0 flushing  nmethod 0x000001e6c7403110
Event: 17.229 Thread 0x000001e6c38849a0 flushing  nmethod 0x000001e6c7403b90
Event: 17.229 Thread 0x000001e6c38849a0 flushing  nmethod 0x000001e6c740d090
Event: 17.229 Thread 0x000001e6c38849a0 flushing  nmethod 0x000001e6c741ae90
Event: 17.229 Thread 0x000001e6c38849a0 flushing  nmethod 0x000001e6c7420110
Event: 17.229 Thread 0x000001e6c38849a0 flushing  nmethod 0x000001e6c7421310
Event: 17.229 Thread 0x000001e6c38849a0 flushing  nmethod 0x000001e6c7424490
Event: 17.229 Thread 0x000001e6c38849a0 flushing  nmethod 0x000001e6c744be10
Event: 17.229 Thread 0x000001e6c38849a0 flushing  nmethod 0x000001e6c744dd10
Event: 17.229 Thread 0x000001e6c38849a0 flushing  nmethod 0x000001e6c744ec90
Event: 17.229 Thread 0x000001e6c38849a0 flushing  nmethod 0x000001e6c744f210
Event: 17.229 Thread 0x000001e6c38849a0 flushing  nmethod 0x000001e6c7450410
Event: 17.229 Thread 0x000001e6c38849a0 flushing  nmethod 0x000001e6c7450d10
Event: 17.229 Thread 0x000001e6c38849a0 flushing  nmethod 0x000001e6c7451090
Event: 17.229 Thread 0x000001e6c38849a0 flushing  nmethod 0x000001e6c7451510
Event: 17.229 Thread 0x000001e6c38849a0 flushing  nmethod 0x000001e6c7452290
Event: 17.229 Thread 0x000001e6c38849a0 flushing  nmethod 0x000001e6c7452e90
Event: 17.229 Thread 0x000001e6c38849a0 flushing  nmethod 0x000001e6c7453390
Event: 17.229 Thread 0x000001e6c38849a0 flushing  nmethod 0x000001e6c7454410
Event: 17.229 Thread 0x000001e6c38849a0 flushing  nmethod 0x000001e6c745d090

Events (20 events):
Event: 35.396 Thread 0x000001e6c399f830 Thread added: 0x000001e6e1cdac50
Event: 37.207 Thread 0x000001e6e1cdac50 Thread exited: 0x000001e6e1cdac50
Event: 37.208 Thread 0x000001e6e1cdce60 Thread exited: 0x000001e6e1cdce60
Event: 37.210 Thread 0x000001e6c399f830 Thread added: 0x000001e6e1cdce60
Event: 37.214 Thread 0x000001e6c399f830 Thread added: 0x000001e6e1cdac50
Event: 37.321 Thread 0x000001e6e1cdac50 Thread exited: 0x000001e6e1cdac50
Event: 37.557 Thread 0x000001e6e1cdce60 Thread exited: 0x000001e6e1cdce60
Event: 37.560 Thread 0x000001e6c399f830 Thread added: 0x000001e6e1cdac50
Event: 37.921 Thread 0x000001e6e1cdac50 Thread exited: 0x000001e6e1cdac50
Event: 39.427 Thread 0x000001e6c399f0e0 Thread added: 0x000001e6e1cdac50
Event: 39.432 Thread 0x000001e6c399f830 Thread added: 0x000001e6e1cdce60
Event: 40.158 Thread 0x000001e6e1cdce60 Thread exited: 0x000001e6e1cdce60
Event: 40.158 Thread 0x000001e6e1cdac50 Thread exited: 0x000001e6e1cdac50
Event: 72.089 Thread 0x000001e6e3690bd0 Thread exited: 0x000001e6e3690bd0
Event: 76.685 Thread 0x000001e6e1962240 Thread exited: 0x000001e6e1962240
Event: 94.224 Thread 0x000001e6e1956720 Thread exited: 0x000001e6e1956720
Event: 94.608 Thread 0x000001e6e1959ba0 Thread exited: 0x000001e6e1959ba0
Event: 103.484 Thread 0x000001e6e2ee5b50 Thread exited: 0x000001e6e2ee5b50
Event: 132.093 Thread 0x000001e6e3691260 Thread exited: 0x000001e6e3691260
Event: 163.496 Thread 0x000001e6e2ee33f0 Thread exited: 0x000001e6e2ee33f0


Dynamic libraries:
0x00007ff7470f0000 - 0x00007ff7470fe000 	c:\Users\User\.vscode\extensions\redhat.java-1.46.0-win32-x64\jre\21.0.8-win32-x86_64\bin\java.exe
0x00007ffc99540000 - 0x00007ffc997a8000 	C:\WINDOWS\SYSTEM32\ntdll.dll
0x00007ffc97c60000 - 0x00007ffc97d29000 	C:\WINDOWS\System32\KERNEL32.DLL
0x00007ffc96790000 - 0x00007ffc96b82000 	C:\WINDOWS\System32\KERNELBASE.dll
0x00007ffc96b90000 - 0x00007ffc96cdb000 	C:\WINDOWS\System32\ucrtbase.dll
0x00007ffc79e10000 - 0x00007ffc79e28000 	c:\Users\User\.vscode\extensions\redhat.java-1.46.0-win32-x64\jre\21.0.8-win32-x86_64\bin\jli.dll
0x00007ffc78f30000 - 0x00007ffc78f4e000 	c:\Users\User\.vscode\extensions\redhat.java-1.46.0-win32-x64\jre\21.0.8-win32-x86_64\bin\VCRUNTIME140.dll
0x00007ffc97660000 - 0x00007ffc97825000 	C:\WINDOWS\System32\USER32.dll
0x00007ffc7d290000 - 0x00007ffc7d523000 	C:\WINDOWS\WinSxS\amd64_microsoft.windows.common-controls_6595b64144ccf1df_6.0.26100.6899_none_3e0efeeae32e88c1\COMCTL32.dll
0x00007ffc96d90000 - 0x00007ffc96db7000 	C:\WINDOWS\System32\win32u.dll
0x00007ffc97380000 - 0x00007ffc97429000 	C:\WINDOWS\System32\msvcrt.dll
0x00007ffc97d30000 - 0x00007ffc97d5b000 	C:\WINDOWS\System32\GDI32.dll
0x00007ffc96f40000 - 0x00007ffc9706d000 	C:\WINDOWS\System32\gdi32full.dll
0x00007ffc96ce0000 - 0x00007ffc96d83000 	C:\WINDOWS\System32\msvcp_win.dll
0x00007ffc974d0000 - 0x00007ffc974ff000 	C:\WINDOWS\System32\IMM32.DLL
0x00007ffc8cae0000 - 0x00007ffc8caec000 	c:\Users\User\.vscode\extensions\redhat.java-1.46.0-win32-x64\jre\21.0.8-win32-x86_64\bin\vcruntime140_1.dll
0x00007ffc347e0000 - 0x00007ffc3486d000 	c:\Users\User\.vscode\extensions\redhat.java-1.46.0-win32-x64\jre\21.0.8-win32-x86_64\bin\msvcp140.dll
0x00007ffbc4980000 - 0x00007ffbc5717000 	c:\Users\User\.vscode\extensions\redhat.java-1.46.0-win32-x64\jre\21.0.8-win32-x86_64\bin\server\jvm.dll
0x00007ffc97b00000 - 0x00007ffc97bb4000 	C:\WINDOWS\System32\ADVAPI32.dll
0x00007ffc98cf0000 - 0x00007ffc98d96000 	C:\WINDOWS\System32\sechost.dll
0x00007ffc97540000 - 0x00007ffc97658000 	C:\WINDOWS\System32\RPCRT4.dll
0x00007ffc97d60000 - 0x00007ffc97dd4000 	C:\WINDOWS\System32\WS2_32.dll
0x00007ffc95f40000 - 0x00007ffc95f9e000 	C:\WINDOWS\SYSTEM32\POWRPROF.dll
0x00007ffc87750000 - 0x00007ffc87785000 	C:\WINDOWS\SYSTEM32\WINMM.dll
0x00007ffc8fa90000 - 0x00007ffc8fa9b000 	C:\WINDOWS\SYSTEM32\VERSION.dll
0x00007ffc95f20000 - 0x00007ffc95f34000 	C:\WINDOWS\SYSTEM32\UMPDC.dll
0x00007ffc95460000 - 0x00007ffc9547b000 	C:\WINDOWS\SYSTEM32\kernel.appcore.dll
0x00007ffc79ed0000 - 0x00007ffc79eda000 	c:\Users\User\.vscode\extensions\redhat.java-1.46.0-win32-x64\jre\21.0.8-win32-x86_64\bin\jimage.dll
0x00007ffc93930000 - 0x00007ffc93b72000 	C:\WINDOWS\SYSTEM32\DBGHELP.DLL
0x00007ffc980d0000 - 0x00007ffc9844b000 	C:\WINDOWS\System32\combase.dll
0x00007ffc97f40000 - 0x00007ffc98017000 	C:\WINDOWS\System32\OLEAUT32.dll
0x00007ffc7e620000 - 0x00007ffc7e65c000 	C:\WINDOWS\SYSTEM32\dbgcore.DLL
0x00007ffc97100000 - 0x00007ffc97198000 	C:\WINDOWS\System32\bcryptPrimitives.dll
0x00007ffc79e50000 - 0x00007ffc79e5f000 	c:\Users\User\.vscode\extensions\redhat.java-1.46.0-win32-x64\jre\21.0.8-win32-x86_64\bin\instrument.dll
0x00007ffc74650000 - 0x00007ffc7466f000 	c:\Users\User\.vscode\extensions\redhat.java-1.46.0-win32-x64\jre\21.0.8-win32-x86_64\bin\java.dll
0x00007ffc98da0000 - 0x00007ffc994ed000 	C:\WINDOWS\System32\SHELL32.dll
0x00007ffc971a0000 - 0x00007ffc9730b000 	C:\WINDOWS\System32\wintypes.dll
0x00007ffc942e0000 - 0x00007ffc94b3d000 	C:\WINDOWS\SYSTEM32\windows.storage.dll
0x00007ffc97940000 - 0x00007ffc97a32000 	C:\WINDOWS\System32\SHCORE.dll
0x00007ffc97310000 - 0x00007ffc97372000 	C:\WINDOWS\System32\shlwapi.dll
0x00007ffc965f0000 - 0x00007ffc96619000 	C:\WINDOWS\SYSTEM32\profapi.dll
0x00007ffc743a0000 - 0x00007ffc743b8000 	c:\Users\User\.vscode\extensions\redhat.java-1.46.0-win32-x64\jre\21.0.8-win32-x86_64\bin\zip.dll
0x00007ffc79d20000 - 0x00007ffc79d30000 	C:\Users\User\.vscode\extensions\redhat.java-1.46.0-win32-x64\jre\21.0.8-win32-x86_64\bin\net.dll
0x00007ffc90bf0000 - 0x00007ffc90d0f000 	C:\WINDOWS\SYSTEM32\WINHTTP.dll
0x00007ffc959b0000 - 0x00007ffc95a1b000 	C:\WINDOWS\system32\mswsock.dll
0x00007ffc65ce0000 - 0x00007ffc65cf6000 	C:\Users\User\.vscode\extensions\redhat.java-1.46.0-win32-x64\jre\21.0.8-win32-x86_64\bin\nio.dll
0x00007ffc79b40000 - 0x00007ffc79b50000 	c:\Users\User\.vscode\extensions\redhat.java-1.46.0-win32-x64\jre\21.0.8-win32-x86_64\bin\verify.dll
0x00007ffc34740000 - 0x00007ffc34784000 	C:\Users\User\AppData\Roaming\Code\User\globalStorage\redhat.java\1.46.0\config_win\org.eclipse.equinox.launcher\org.eclipse.equinox.launcher.win32.win32.x86_64_1.2.1400.v20250801-0854\eclipse_11916.dll
0x00007ffc98b50000 - 0x00007ffc98ce8000 	C:\WINDOWS\System32\ole32.dll
0x00007ffc95d90000 - 0x00007ffc95dab000 	C:\WINDOWS\SYSTEM32\CRYPTSP.dll
0x00007ffc953c0000 - 0x00007ffc953fb000 	C:\WINDOWS\system32\rsaenh.dll
0x00007ffc95a50000 - 0x00007ffc95a7b000 	C:\WINDOWS\SYSTEM32\USERENV.dll
0x00007ffc965c0000 - 0x00007ffc965e6000 	C:\WINDOWS\SYSTEM32\bcrypt.dll
0x00007ffc95bf0000 - 0x00007ffc95bfc000 	C:\WINDOWS\SYSTEM32\CRYPTBASE.dll
0x00007ffc94fb0000 - 0x00007ffc94fe4000 	C:\WINDOWS\SYSTEM32\IPHLPAPI.DLL
0x00007ffc97830000 - 0x00007ffc9783a000 	C:\WINDOWS\System32\NSI.dll
0x00007ffc34660000 - 0x00007ffc346a9000 	C:\Users\User\AppData\Local\Temp\jna-2645995\jna4447978769634225212.dll
0x00007ffc98b40000 - 0x00007ffc98b48000 	C:\WINDOWS\System32\PSAPI.DLL
0x00007ffc90e30000 - 0x00007ffc90e4e000 	C:\WINDOWS\SYSTEM32\dhcpcsvc6.DLL
0x00007ffc90d80000 - 0x00007ffc90da3000 	C:\WINDOWS\SYSTEM32\dhcpcsvc.DLL

JVMTI agents:
c:\Users\User\.vscode\extensions\redhat.java-1.46.0-win32-x64\lombok\lombok-1.18.39-4050.jar path:c:\Users\User\.vscode\extensions\redhat.java-1.46.0-win32-x64\jre\21.0.8-win32-x86_64\bin\instrument.dll, loaded, initialized, instrumentlib options:none

dbghelp: loaded successfully - version: 4.0.5 - missing functions: none
symbol engine: initialized successfully - sym options: 0x614 - pdb path: .;c:\Users\User\.vscode\extensions\redhat.java-1.46.0-win32-x64\jre\21.0.8-win32-x86_64\bin;C:\WINDOWS\SYSTEM32;C:\WINDOWS\WinSxS\amd64_microsoft.windows.common-controls_6595b64144ccf1df_6.0.26100.6899_none_3e0efeeae32e88c1;c:\Users\User\.vscode\extensions\redhat.java-1.46.0-win32-x64\jre\21.0.8-win32-x86_64\bin\server;C:\Users\User\AppData\Roaming\Code\User\globalStorage\redhat.java\1.46.0\config_win\org.eclipse.equinox.launcher\org.eclipse.equinox.launcher.win32.win32.x86_64_1.2.1400.v20250801-0854;C:\Users\User\AppData\Local\Temp\jna-2645995

VM Arguments:
jvm_args: --add-modules=ALL-SYSTEM --add-opens=java.base/java.util=ALL-UNNAMED --add-opens=java.base/java.lang=ALL-UNNAMED --add-opens=java.base/sun.nio.fs=ALL-UNNAMED -Declipse.application=org.eclipse.jdt.ls.core.id1 -Dosgi.bundles.defaultStartLevel=4 -Declipse.product=org.eclipse.jdt.ls.core.product -Djava.import.generatesMetadataFilesAtProjectRoot=false -DDetectVMInstallationsJob.disabled=true -Dfile.encoding=utf8 -XX:+UseParallelGC -XX:GCTimeRatio=4 -XX:AdaptiveSizePolicyWeight=90 -Dsun.zip.disableMemoryMapping=true -Xmx2G -Xms100m -Xlog:disable -javaagent:c:\Users\User\.vscode\extensions\redhat.java-1.46.0-win32-x64\lombok\lombok-1.18.39-4050.jar -XX:+HeapDumpOnOutOfMemoryError -XX:HeapDumpPath=c:\Users\User\AppData\Roaming\Code\User\workspaceStorage\89619f1c39d7b59df5f6aae22b052292\redhat.java -Daether.dependencyCollector.impl=bf 
java_command: c:\Users\User\.vscode\extensions\redhat.java-1.46.0-win32-x64\server\plugins\org.eclipse.equinox.launcher_1.7.0.v20250519-0528.jar -configuration c:\Users\User\AppData\Roaming\Code\User\globalStorage\redhat.java\1.46.0\config_win -data c:\Users\User\AppData\Roaming\Code\User\workspaceStorage\89619f1c39d7b59df5f6aae22b052292\redhat.java\jdt_ws --pipe=\\.\pipe\lsp-641f020bc46f16602fc91ecd3d88360b-sock
java_class_path (initial): c:\Users\User\.vscode\extensions\redhat.java-1.46.0-win32-x64\server\plugins\org.eclipse.equinox.launcher_1.7.0.v20250519-0528.jar
Launcher Type: SUN_STANDARD

[Global flags]
    uintx AdaptiveSizePolicyWeight                 = 90                                        {product} {command line}
     intx CICompilerCount                          = 4                                         {product} {ergonomic}
    uintx GCTimeRatio                              = 4                                         {product} {command line}
     bool HeapDumpOnOutOfMemoryError               = true                                   {manageable} {command line}
    ccstr HeapDumpPath                             = c:\Users\User\AppData\Roaming\Code\User\workspaceStorage\89619f1c39d7b59df5f6aae22b052292\redhat.java         {manageable} {command line}
   size_t InitialHeapSize                          = 104857600                                 {product} {command line}
   size_t MaxHeapSize                              = 2147483648                                {product} {command line}
   size_t MaxNewSize                               = 715653120                                 {product} {ergonomic}
   size_t MinHeapDeltaBytes                        = 524288                                    {product} {ergonomic}
   size_t MinHeapSize                              = 104857600                                 {product} {command line}
   size_t NewSize                                  = 34603008                                  {product} {ergonomic}
    uintx NonNMethodCodeHeapSize                   = 5839372                                {pd product} {ergonomic}
    uintx NonProfiledCodeHeapSize                  = 122909434                              {pd product} {ergonomic}
   size_t OldSize                                  = 70254592                                  {product} {ergonomic}
    uintx ProfiledCodeHeapSize                     = 122909434                              {pd product} {ergonomic}
    uintx ReservedCodeCacheSize                    = 251658240                              {pd product} {ergonomic}
     bool SegmentedCodeCache                       = true                                      {product} {ergonomic}
   size_t SoftMaxHeapSize                          = 2147483648                             {manageable} {ergonomic}
     bool UseCompressedOops                        = true                           {product lp64_product} {ergonomic}
     bool UseLargePagesIndividualAllocation        = false                                  {pd product} {ergonomic}
     bool UseParallelGC                            = true                                      {product} {command line}

Logging:
Log output configuration:
 #0: stdout all=off uptime,level,tags foldmultilines=false
 #1: stderr all=off uptime,level,tags foldmultilines=false

Environment Variables:
PATH=C:\Program Files\Eclipse Adoptium\jdk-25.0.0.36-hotspot\bin;C:\Python313\Scripts\;C:\Python313\;C:\oraclexe\app\oracle\product\11.2.0\server\bin;C:\Program Files (x86)\Common Files\Intel\Shared Libraries\redist\intel64\compiler;C:\Users\User\AppData\Local\Programs\Python\Python311\Scripts\;C:\WINDOWS\system32;C:\WINDOWS;C:\WINDOWS\System32\Wbem;C:\WINDOWS\System32\WindowsPowerShell\v1.0\;C:\WINDOWS\System32\OpenSSH\;C:\Program Files\dotnet\;C:\MinGW\bin;C:\Users\User\AppData\Local\Programs\Python\Python311;C:\Program Files\NVIDIA Corporation\NVIDIA app\NvDLISR;C:\Program Files (x86)\NVIDIA Corporation\PhysX\Common;C:\Program Files\nodejs\;C:\ProgramData\chocolatey\bin;C:\Program Files\Git\cmd;F:\apache-maven-3.9.11\bin;C:\Users\User\AppData\Local\Programs\Python\Python311\Scripts\;C:\Users\User\AppData\Local\Programs\Python\Python311\;C:\Users\User\AppData\Local\Microsoft\WindowsApps;;C:\Program Files\JetBrains\PyCharm Community Edition 2022.2.3\bin;;C:\Users\User\AppData\Local\Programs\Microsoft VS Code\bin;F:\IntelliJ IDEA Community Edition 2023.1\bin;;C:\Users\User\AppData\Roaming\npm;C:\Program Files (x86)\Nmap;F:\cursor\resources\app\bin
USERNAME=User
OS=Windows_NT
PROCESSOR_IDENTIFIER=Intel64 Family 6 Model 165 Stepping 2, GenuineIntel
TMP=C:\Users\User\AppData\Local\Temp
TEMP=C:\Users\User\AppData\Local\Temp




Periodic native trim disabled

---------------  S Y S T E M  ---------------

OS:
 Windows 11 , 64 bit Build 26100 (10.0.26100.6725)
OS uptime: 1 days 0:03 hours
Hyper-V role detected

CPU: total 12 (initial active 12) (6 cores per cpu, 2 threads per core) family 6 model 165 stepping 2 microcode 0x100, cx8, cmov, fxsr, ht, mmx, 3dnowpref, sse, sse2, sse3, ssse3, sse4.1, sse4.2, popcnt, lzcnt, tsc, tscinvbit, avx, avx2, aes, erms, clmul, bmi1, bmi2, adx, fma, vzeroupper, clflush, clflushopt, hv, rdtscp, f16c
Processor Information for the first 12 processors :
  Max Mhz: 2496, Current Mhz: 2496, Mhz Limit: 2496

Memory: 4k page, system-wide physical 7967M (852M free)
TotalPageFile size 16655M (AvailPageFile size 13M)
current process WorkingSet (physical memory assigned to process): 277M, peak: 440M
current process commit charge ("private bytes"): 453M, peak: 516M

vm_info: OpenJDK 64-Bit Server VM (21.0.8+9-LTS) for windows-amd64 JRE (21.0.8+9-LTS), built on 2025-07-15T00:00:00Z by "admin" with MS VC++ 17.7 (VS2022)

END.
