#
# There is insufficient memory for the Java Runtime Environment to continue.
# Native memory allocation (malloc) failed to allocate 891808 bytes. Error detail: Chunk::new
# Possible reasons:
#   The system is out of physical RAM or swap space
#   This process is running with CompressedOops enabled, and the Java Heap may be blocking the growth of the native heap
# Possible solutions:
#   Reduce memory load on the system
#   Increase physical memory or swap space
#   Check if swap backing store is full
#   Decrease Java heap size (-Xmx/-Xms)
#   Decrease number of Java threads
#   Decrease Java thread stack sizes (-Xss)
#   Set larger code cache with -XX:ReservedCodeCacheSize=
#
#  
#
--add-modules=ALL-SYSTEM --add-opens=java.base/java.util=ALL-UNNAMED --add-opens=java.base/java.lang=ALL-UNNAMED --add-opens=java.base/sun.nio.fs=ALL-UNNAMED -Declipse.application=org.eclipse.jdt.ls.core.id1 -Dosgi.bundles.defaultStartLevel=4 -Declipse.product=org.eclipse.jdt.ls.core.product -Djava.import.generatesMetadataFilesAtProjectRoot=false -DDetectVMInstallationsJob.disabled=true -Dfile.encoding=utf8 -XX:+UseParallelGC -XX:GCTimeRatio=4 -XX:AdaptiveSizePolicyWeight=90 -Dsun.zip.disableMemoryMapping=true -Xmx2G -Xms100m -Xlog:disable -javaagent:c:\Users\User\.vscode\extensions\redhat.java-1.46.0-win32-x64\lombok\lombok-1.18.39-4050.jar -XX:+HeapDumpOnOutOfMemoryError -XX:HeapDumpPath=c:\Users\User\AppData\Roaming\Code\User\workspaceStorage\89619f1c39d7b59df5f6aae22b052292\redhat.java -Daether.dependencyCollector.impl=bf c:\Users\User\.vscode\extensions\redhat.java-1.46.0-win32-x64\server\plugins\org.eclipse.equinox.launcher_1.7.0.v20250519-0528.jar -configuration c:\Users\User\AppData\Roaming\Code\User\globalStorage\redhat.java\1.46.0\config_win -data c:\Users\User\AppData\Roaming\Code\User\workspaceStorage\89619f1c39d7b59df5f6aae22b052292\redhat.java\jdt_ws --pipe=\\.\pipe\lsp-c78acec53255e53e971da5c96a753576-sock

Host: Intel(R) Core(TM) i5-10500H CPU @ 2.50GHz, 12 cores, 7G,  Windows 11 , 64 bit Build 26100 (10.0.26100.6725)
Time: Wed Oct 22 18:20:29 2025 Egypt Summer Time elapsed time: 1021.774167 seconds (0d 0h 17m 1s)

---------------  T H R E A D  ---------------

Current thread (0x0000027efed8d380):  JavaThread "C2 CompilerThread1" daemon [_thread_in_native, id=14584, stack(0x000000b867d00000,0x000000b867e00000) (1024K)]


Current CompileTask:
C2:1021774 15068       4       org.eclipse.jdt.internal.compiler.lookup.LookupEnvironment::computePackageFrom (584 bytes)

Stack: [0x000000b867d00000,0x000000b867e00000]
Native frames: (J=compiled Java code, j=interpreted, Vv=VM code, C=native code)
V  [jvm.dll+0x6d2449]
V  [jvm.dll+0x8ae341]
V  [jvm.dll+0x8b08be]
V  [jvm.dll+0x8b0fa3]
V  [jvm.dll+0x280c96]
V  [jvm.dll+0xc581d]
V  [jvm.dll+0xc5d53]
V  [jvm.dll+0x3b919c]
V  [jvm.dll+0x385315]
V  [jvm.dll+0x38477a]
V  [jvm.dll+0x248ed0]
V  [jvm.dll+0x2484af]
V  [jvm.dll+0x1c89ee]
V  [jvm.dll+0x257d4d]
V  [jvm.dll+0x2562ea]
V  [jvm.dll+0x3f2d16]
V  [jvm.dll+0x857e6b]
V  [jvm.dll+0x6d0b0d]
C  [ucrtbase.dll+0x37b0]
C  [KERNEL32.DLL+0x2e8d7]
C  [ntdll.dll+0x8c53c]


---------------  P R O C E S S  ---------------

Threads class SMR info:
_java_thread_list=0x0000027efeda25a0, length=47, elements={
0x0000027ed756a970, 0x0000027ed988dd40, 0x0000027ed9988fb0, 0x0000027ed998c690,
0x0000027ed998d8f0, 0x0000027ed9990e80, 0x0000027ed9991860, 0x0000027ef1622fa0,
0x0000027ef1623640, 0x0000027ef1738730, 0x0000027ef1967730, 0x0000027ef2d9e920,
0x0000027ef72d1980, 0x0000027ef7121e90, 0x0000027ef2c91e70, 0x0000027ef74c5a70,
0x0000027ef70ab120, 0x0000027ef7891aa0, 0x0000027ef737e2e0, 0x0000027ef71e5ea0,
0x0000027ef71e8c90, 0x0000027ef71e9320, 0x0000027ef71e6bc0, 0x0000027ef71e7f70,
0x0000027ef90821e0, 0x0000027ef9082f00, 0x0000027ef90842b0, 0x0000027ef9082870,
0x0000027ef9084940, 0x0000027ef9085660, 0x0000027ef9083c20, 0x0000027ef9083590,
0x0000027ef9084fd0, 0x0000027efa26f990, 0x0000027efa26df50, 0x0000027efa271a60,
0x0000027efa270020, 0x0000027ef7498ec0, 0x0000027ef749a270, 0x0000027ef7498830,
0x0000027ef7495a40, 0x0000027ef7496760, 0x0000027ef7496df0, 0x0000027efed8d380,
0x0000027ef749a900, 0x0000027ef7497480, 0x0000027efed8c5e0
}

Java Threads: ( => current thread )
  0x0000027ed756a970 JavaThread "main"                              [_thread_blocked, id=11496, stack(0x000000b867e00000,0x000000b867f00000) (1024K)]
  0x0000027ed988dd40 JavaThread "Reference Handler"          daemon [_thread_blocked, id=8700, stack(0x000000b868200000,0x000000b868300000) (1024K)]
  0x0000027ed9988fb0 JavaThread "Finalizer"                  daemon [_thread_blocked, id=19976, stack(0x000000b868300000,0x000000b868400000) (1024K)]
  0x0000027ed998c690 JavaThread "Signal Dispatcher"          daemon [_thread_blocked, id=18788, stack(0x000000b868400000,0x000000b868500000) (1024K)]
  0x0000027ed998d8f0 JavaThread "Attach Listener"            daemon [_thread_blocked, id=11612, stack(0x000000b868500000,0x000000b868600000) (1024K)]
  0x0000027ed9990e80 JavaThread "Service Thread"             daemon [_thread_blocked, id=4384, stack(0x000000b868600000,0x000000b868700000) (1024K)]
  0x0000027ed9991860 JavaThread "Monitor Deflation Thread"   daemon [_thread_blocked, id=11200, stack(0x000000b868700000,0x000000b868800000) (1024K)]
  0x0000027ef1622fa0 JavaThread "C2 CompilerThread0"         daemon [_thread_blocked, id=13616, stack(0x000000b868800000,0x000000b868900000) (1024K)]
  0x0000027ef1623640 JavaThread "C1 CompilerThread0"         daemon [_thread_blocked, id=14896, stack(0x000000b868900000,0x000000b868a00000) (1024K)]
  0x0000027ef1738730 JavaThread "Common-Cleaner"             daemon [_thread_blocked, id=5832, stack(0x000000b868a00000,0x000000b868b00000) (1024K)]
  0x0000027ef1967730 JavaThread "Notification Thread"        daemon [_thread_blocked, id=21396, stack(0x000000b868c00000,0x000000b868d00000) (1024K)]
  0x0000027ef2d9e920 JavaThread "Active Thread: Equinox Container: 2bd78c4b-7e4a-4124-96f7-08a3e72dd157"        [_thread_blocked, id=19444, stack(0x000000b869400000,0x000000b869500000) (1024K)]
  0x0000027ef72d1980 JavaThread "Refresh Thread: Equinox Container: 2bd78c4b-7e4a-4124-96f7-08a3e72dd157" daemon [_thread_blocked, id=2480, stack(0x000000b869500000,0x000000b869600000) (1024K)]
  0x0000027ef7121e90 JavaThread "Framework Event Dispatcher: Equinox Container: 2bd78c4b-7e4a-4124-96f7-08a3e72dd157" daemon [_thread_blocked, id=21220, stack(0x000000b869700000,0x000000b869800000) (1024K)]
  0x0000027ef2c91e70 JavaThread "Start Level: Equinox Container: 2bd78c4b-7e4a-4124-96f7-08a3e72dd157" daemon [_thread_blocked, id=21168, stack(0x000000b869800000,0x000000b869900000) (1024K)]
  0x0000027ef74c5a70 JavaThread "Bundle File Closer"         daemon [_thread_blocked, id=16304, stack(0x000000b869b00000,0x000000b869c00000) (1024K)]
  0x0000027ef70ab120 JavaThread "SCR Component Actor"        daemon [_thread_blocked, id=21352, stack(0x000000b869c00000,0x000000b869d00000) (1024K)]
  0x0000027ef7891aa0 JavaThread "Worker-JM"                         [_thread_blocked, id=20528, stack(0x000000b869d00000,0x000000b869e00000) (1024K)]
  0x0000027ef737e2e0 JavaThread "JNA Cleaner"                daemon [_thread_blocked, id=18780, stack(0x000000b869e00000,0x000000b869f00000) (1024K)]
  0x0000027ef71e5ea0 JavaThread "Worker-0"                          [_thread_blocked, id=4636, stack(0x000000b869f00000,0x000000b86a000000) (1024K)]
  0x0000027ef71e8c90 JavaThread "Java indexing"              daemon [_thread_blocked, id=20736, stack(0x000000b86a200000,0x000000b86a300000) (1024K)]
  0x0000027ef71e9320 JavaThread "Thread-1"                   daemon [_thread_in_native, id=17824, stack(0x000000b86a800000,0x000000b86a900000) (1024K)]
  0x0000027ef71e6bc0 JavaThread "Thread-2"                   daemon [_thread_in_native, id=13824, stack(0x000000b86a900000,0x000000b86aa00000) (1024K)]
  0x0000027ef71e7f70 JavaThread "Thread-3"                   daemon [_thread_in_native, id=9780, stack(0x000000b86aa00000,0x000000b86ab00000) (1024K)]
  0x0000027ef90821e0 JavaThread "Thread-4"                   daemon [_thread_in_native, id=3760, stack(0x000000b86ab00000,0x000000b86ac00000) (1024K)]
  0x0000027ef9082f00 JavaThread "Thread-5"                   daemon [_thread_in_native, id=19868, stack(0x000000b86ac00000,0x000000b86ad00000) (1024K)]
  0x0000027ef90842b0 JavaThread "Thread-6"                   daemon [_thread_in_native, id=12172, stack(0x000000b86ad00000,0x000000b86ae00000) (1024K)]
  0x0000027ef9082870 JavaThread "Thread-7"                   daemon [_thread_in_native, id=13352, stack(0x000000b86ae00000,0x000000b86af00000) (1024K)]
  0x0000027ef9084940 JavaThread "Thread-8"                   daemon [_thread_in_native, id=16704, stack(0x000000b86af00000,0x000000b86b000000) (1024K)]
  0x0000027ef9085660 JavaThread "Thread-9"                   daemon [_thread_in_native, id=19960, stack(0x000000b86b000000,0x000000b86b100000) (1024K)]
  0x0000027ef9083c20 JavaThread "Thread-10"                  daemon [_thread_in_native, id=12660, stack(0x000000b86b100000,0x000000b86b200000) (1024K)]
  0x0000027ef9083590 JavaThread "Thread-11"                  daemon [_thread_in_native, id=15484, stack(0x000000b86b200000,0x000000b86b300000) (1024K)]
  0x0000027ef9084fd0 JavaThread "Thread-12"                  daemon [_thread_in_native, id=12208, stack(0x000000b86b300000,0x000000b86b400000) (1024K)]
  0x0000027efa26f990 JavaThread "Thread-13"                  daemon [_thread_in_native, id=12332, stack(0x000000b86b400000,0x000000b86b500000) (1024K)]
  0x0000027efa26df50 JavaThread "pool-2-thread-1"                   [_thread_blocked, id=21292, stack(0x000000b86b500000,0x000000b86b600000) (1024K)]
  0x0000027efa271a60 JavaThread "WorkspaceEventsHandler"            [_thread_blocked, id=21496, stack(0x000000b86b600000,0x000000b86b700000) (1024K)]
  0x0000027efa270020 JavaThread "pool-1-thread-1"                   [_thread_blocked, id=380, stack(0x000000b86b700000,0x000000b86b800000) (1024K)]
  0x0000027ef7498ec0 JavaThread "ForkJoinPool.commonPool-worker-9" daemon [_thread_blocked, id=20996, stack(0x000000b86e200000,0x000000b86e300000) (1024K)]
  0x0000027ef749a270 JavaThread "Cleaner-0"                  daemon [_thread_blocked, id=19240, stack(0x000000b868d00000,0x000000b868e00000) (1024K)]
  0x0000027ef7498830 JavaThread "Worker-6"                          [_thread_blocked, id=10332, stack(0x000000b86a000000,0x000000b86a100000) (1024K)]
  0x0000027ef7495a40 JavaThread "ForkJoinPool.commonPool-worker-12" daemon [_thread_blocked, id=21408, stack(0x000000b867b00000,0x000000b867c00000) (1024K)]
  0x0000027ef7496760 JavaThread "ForkJoinPool.commonPool-worker-13" daemon [_thread_blocked, id=12620, stack(0x000000b867c00000,0x000000b867d00000) (1024K)]
  0x0000027ef7496df0 JavaThread "ForkJoinPool.commonPool-worker-14" daemon [_thread_blocked, id=21428, stack(0x000000b868b00000,0x000000b868c00000) (1024K)]
=>0x0000027efed8d380 JavaThread "C2 CompilerThread1"         daemon [_thread_in_native, id=14584, stack(0x000000b867d00000,0x000000b867e00000) (1024K)]
  0x0000027ef749a900 JavaThread "Compiler Source File Reader" daemon [_thread_blocked, id=10916, stack(0x000000b86a100000,0x000000b86a200000) (1024K)]
  0x0000027ef7497480 JavaThread "Compiler Processing Task"   daemon [_thread_blocked, id=21240, stack(0x000000b86a300000,0x000000b86a400000) (1024K)]
  0x0000027efed8c5e0 JavaThread "C2 CompilerThread2"         daemon [_thread_blocked, id=19664, stack(0x000000b86a400000,0x000000b86a500000) (1024K)]
Total: 47

Other Threads:
  0x0000027ed9982b50 VMThread "VM Thread"                           [id=11464, stack(0x000000b868100000,0x000000b868200000) (1024K)]
  0x0000027ed976ba00 WatcherThread "VM Periodic Task Thread"        [id=17664, stack(0x000000b868000000,0x000000b868100000) (1024K)]
  0x0000027ed98fbcf0 WorkerThread "GC Thread#0"                     [id=18808, stack(0x000000b867f00000,0x000000b868000000) (1024K)]
  0x0000027ef2d78970 WorkerThread "GC Thread#1"                     [id=17876, stack(0x000000b868e00000,0x000000b868f00000) (1024K)]
  0x0000027ef2add240 WorkerThread "GC Thread#2"                     [id=17556, stack(0x000000b868f00000,0x000000b869000000) (1024K)]
  0x0000027ef2add5e0 WorkerThread "GC Thread#3"                     [id=12168, stack(0x000000b869000000,0x000000b869100000) (1024K)]
  0x0000027ef2b72d90 WorkerThread "GC Thread#4"                     [id=19964, stack(0x000000b869100000,0x000000b869200000) (1024K)]
  0x0000027ef2b73130 WorkerThread "GC Thread#5"                     [id=20676, stack(0x000000b869200000,0x000000b869300000) (1024K)]
  0x0000027ef2d73760 WorkerThread "GC Thread#6"                     [id=2172, stack(0x000000b869300000,0x000000b869400000) (1024K)]
  0x0000027ef2d68600 WorkerThread "GC Thread#7"                     [id=19236, stack(0x000000b869600000,0x000000b869700000) (1024K)]
  0x0000027ef2d68260 WorkerThread "GC Thread#8"                     [id=2696, stack(0x000000b869900000,0x000000b869a00000) (1024K)]
  0x0000027ef2d68d40 WorkerThread "GC Thread#9"                     [id=19432, stack(0x000000b869a00000,0x000000b869b00000) (1024K)]
Total: 12

Threads with active compile tasks:
C2 CompilerThread1  1021820 15068       4       org.eclipse.jdt.internal.compiler.lookup.LookupEnvironment::computePackageFrom (584 bytes)
Total: 1

VM state: not at safepoint (normal execution)

VM Mutex/Monitor currently owned by a thread: None

Heap address: 0x0000000080000000, size: 2048 MB, Compressed Oops mode: 32-bit

CDS archive(s) mapped at: [0x0000027e80000000-0x0000027e80ba0000-0x0000027e80ba0000), size 12189696, SharedBaseAddress: 0x0000027e80000000, ArchiveRelocationMode: 1.
Compressed class space mapped at: 0x0000027e81000000-0x0000027ec1000000, reserved size: 1073741824
Narrow klass base: 0x0000027e80000000, Narrow klass shift: 0, Narrow klass range: 0x100000000

GC Precious Log:
 CardTable entry size: 512
 CPUs: 12 total, 12 available
 Memory: 7967M
 Large Page Support: Disabled
 NUMA Support: Disabled
 Compressed Oops: Enabled (32-bit)
 Alignments: Space 512K, Generation 512K, Heap 2M
 Heap Min Capacity: 100M
 Heap Initial Capacity: 100M
 Heap Max Capacity: 2G
 Pre-touch: Disabled
 Parallel Workers: 10

Heap:
 PSYoungGen      total 9216K, used 7363K [0x00000000d5580000, 0x00000000d6500000, 0x0000000100000000)
  eden space 5120K, 72% used [0x00000000d5580000,0x00000000d59203a0,0x00000000d5a80000)
  from space 4096K, 89% used [0x00000000d6100000,0x00000000d6490910,0x00000000d6500000)
  to   space 4608K, 0% used [0x00000000d5c00000,0x00000000d5c00000,0x00000000d6080000)
 ParOldGen       total 159232K, used 159183K [0x0000000080000000, 0x0000000089b80000, 0x00000000d5580000)
  object space 159232K, 99% used [0x0000000080000000,0x0000000089b73c08,0x0000000089b80000)
 Metaspace       used 72880K, committed 74560K, reserved 1179648K
  class space    used 7559K, committed 8384K, reserved 1048576K

Card table byte_map: [0x0000027ed9280000,0x0000027ed9690000] _byte_map_base: 0x0000027ed8e80000

Marking Bits: (ParMarkBitMap*) 0x00007ffbc563a340
 Begin Bits: [0x0000027eebd80000, 0x0000027eedd80000)
 End Bits:   [0x0000027eedd80000, 0x0000027eefd80000)

Polling page: 0x0000027ed8fc0000

Metaspace:

Usage:
  Non-class:     63.79 MB used.
      Class:      7.38 MB used.
       Both:     71.17 MB used.

Virtual space:
  Non-class space:      128.00 MB reserved,      64.62 MB ( 50%) committed,  2 nodes.
      Class space:        1.00 GB reserved,       8.19 MB ( <1%) committed,  1 nodes.
             Both:        1.12 GB reserved,      72.81 MB (  6%) committed. 

Chunk freelists:
   Non-Class:  15.19 MB
       Class:  7.80 MB
        Both:  22.98 MB

MaxMetaspaceSize: unlimited
CompressedClassSpaceSize: 1.00 GB
Initial GC threshold: 21.00 MB
Current GC threshold: 97.31 MB
CDS: on
 - commit_granule_bytes: 65536.
 - commit_granule_words: 8192.
 - virtual_space_node_default_size: 8388608.
 - enlarge_chunks_in_place: 1.
 - use_allocation_guard: 0.


Internal statistics:

num_allocs_failed_limit: 9.
num_arena_births: 1442.
num_arena_deaths: 14.
num_vsnodes_births: 3.
num_vsnodes_deaths: 0.
num_space_committed: 1165.
num_space_uncommitted: 0.
num_chunks_returned_to_freelist: 23.
num_chunks_taken_from_freelist: 5131.
num_chunk_merges: 13.
num_chunk_splits: 3050.
num_chunks_enlarged: 1557.
num_inconsistent_stats: 0.

CodeHeap 'non-profiled nmethods': size=120000Kb used=10350Kb max_used=10350Kb free=109649Kb
 bounds [0x0000027ee45a0000, 0x0000027ee4fc0000, 0x0000027eebad0000]
CodeHeap 'profiled nmethods': size=120000Kb used=32271Kb max_used=32271Kb free=87728Kb
 bounds [0x0000027edcad0000, 0x0000027edea60000, 0x0000027ee4000000]
CodeHeap 'non-nmethods': size=5760Kb used=1475Kb max_used=1573Kb free=4284Kb
 bounds [0x0000027ee4000000, 0x0000027ee4270000, 0x0000027ee45a0000]
CodeCache: size=245760Kb, used=44096Kb, max_used=44194Kb, free=201661Kb
 total_blobs=15005, nmethods=14209, adapters=699, full_count=0
Compilation: enabled, stopped_count=0, restarted_count=0

Compilation events (20 events):
Event: 1021.614 Thread 0x0000027ef1623640 15080       3       org.eclipse.jdt.internal.core.index.DiskIndex::addQueryResult (173 bytes)
Event: 1021.615 Thread 0x0000027ef1623640 nmethod 15080 0x0000027edea4eb90 code [0x0000027edea4ee60, 0x0000027edea4fa40]
Event: 1021.615 Thread 0x0000027ef1623640 15083       3       org.eclipse.jdt.internal.core.index.IndexQualifier::qualifier (10 bytes)
Event: 1021.616 Thread 0x0000027ef1623640 nmethod 15083 0x0000027edea50010 code [0x0000027edea501c0, 0x0000027edea503f8]
Event: 1021.616 Thread 0x0000027ef1623640 15084       3       org.eclipse.jdt.internal.core.index.IndexQualifier::<init> (15 bytes)
Event: 1021.616 Thread 0x0000027ef1623640 nmethod 15084 0x0000027edea50510 code [0x0000027edea506c0, 0x0000027edea50858]
Event: 1021.616 Thread 0x0000027ef1623640 15085       3       org.eclipse.jdt.internal.core.index.MetaIndex::addIndexEntry (27 bytes)
Event: 1021.618 Thread 0x0000027ef1622fa0 nmethod 15075 0x0000027ee4fb7890 code [0x0000027ee4fb7a40, 0x0000027ee4fb7c98]
Event: 1021.618 Thread 0x0000027ef1622fa0 15087       4       org.eclipse.jdt.internal.core.util.SimpleWordSet::add (81 bytes)
Event: 1021.619 Thread 0x0000027ef1623640 nmethod 15085 0x0000027edea50910 code [0x0000027edea50b60, 0x0000027edea514f0]
Event: 1021.619 Thread 0x0000027ef1623640 15086       3       org.eclipse.jdt.internal.core.index.MetaIndex$$Lambda/0x0000027e816ac6b0::<init> (10 bytes)
Event: 1021.619 Thread 0x0000027ef1623640 nmethod 15086 0x0000027edea51910 code [0x0000027edea51ac0, 0x0000027edea51c48]
Event: 1021.619 Thread 0x0000027ef1623640 15078       3       org.eclipse.jdt.internal.compiler.util.SimpleSet::<init> (36 bytes)
Event: 1021.619 Thread 0x0000027ef1623640 nmethod 15078 0x0000027edea51d10 code [0x0000027edea51ec0, 0x0000027edea52128]
Event: 1021.619 Thread 0x0000027ef1623640 15081  s!   3       org.eclipse.jdt.internal.core.index.DiskIndex::readDocumentNumbers (163 bytes)
Event: 1021.621 Thread 0x0000027ef1623640 nmethod 15081 0x0000027edea52210 code [0x0000027edea524a0, 0x0000027edea533c0]
Event: 1021.621 Thread 0x0000027ef1623640 15079       3       org.eclipse.jdt.internal.core.index.EntryResult::isEmpty (18 bytes)
Event: 1021.621 Thread 0x0000027ef1623640 nmethod 15079 0x0000027edea53990 code [0x0000027edea53b40, 0x0000027edea53ce8]
Event: 1021.625 Thread 0x0000027ef1622fa0 nmethod 15087 0x0000027ee4fb7e90 code [0x0000027ee4fb8080, 0x0000027ee4fb86b0]
Event: 1021.665 Thread 0x0000027efed8c5e0 nmethod 15069 0x0000027ee4fb8910 code [0x0000027ee4fb8c80, 0x0000027ee4fba9f8]

GC Heap History (20 events):
Event: 1020.401 GC heap before
{Heap before GC invocations=102 (full 3):
 PSYoungGen      total 14336K, used 13866K [0x00000000d5580000, 0x00000000d6700000, 0x0000000100000000)
  eden space 12800K, 100% used [0x00000000d5580000,0x00000000d6200000,0x00000000d6200000)
  from space 1536K, 69% used [0x00000000d6580000,0x00000000d668a910,0x00000000d6700000)
  to   space 1536K, 0% used [0x00000000d6400000,0x00000000d6400000,0x00000000d6580000)
 ParOldGen       total 89088K, used 88995K [0x0000000080000000, 0x0000000085700000, 0x00000000d5580000)
  object space 89088K, 99% used [0x0000000080000000,0x00000000856e8d28,0x0000000085700000)
 Metaspace       used 72548K, committed 74304K, reserved 1179648K
  class space    used 7533K, committed 8320K, reserved 1048576K
}
Event: 1020.411 GC heap after
{Heap after GC invocations=102 (full 3):
 PSYoungGen      total 14336K, used 1508K [0x00000000d5580000, 0x00000000d7000000, 0x0000000100000000)
  eden space 12800K, 0% used [0x00000000d5580000,0x00000000d5580000,0x00000000d6200000)
  from space 1536K, 98% used [0x00000000d6400000,0x00000000d65791b0,0x00000000d6580000)
  to   space 7168K, 0% used [0x00000000d6900000,0x00000000d6900000,0x00000000d7000000)
 ParOldGen       total 93696K, used 93503K [0x0000000080000000, 0x0000000085b80000, 0x00000000d5580000)
  object space 93696K, 99% used [0x0000000080000000,0x0000000085b4fc18,0x0000000085b80000)
 Metaspace       used 72548K, committed 74304K, reserved 1179648K
  class space    used 7533K, committed 8320K, reserved 1048576K
}
Event: 1020.530 GC heap before
{Heap before GC invocations=103 (full 3):
 PSYoungGen      total 14336K, used 14116K [0x00000000d5580000, 0x00000000d7000000, 0x0000000100000000)
  eden space 12800K, 98% used [0x00000000d5580000,0x00000000d61d01e8,0x00000000d6200000)
  from space 1536K, 98% used [0x00000000d6400000,0x00000000d65791b0,0x00000000d6580000)
  to   space 7168K, 0% used [0x00000000d6900000,0x00000000d6900000,0x00000000d7000000)
 ParOldGen       total 93696K, used 93503K [0x0000000080000000, 0x0000000085b80000, 0x00000000d5580000)
  object space 93696K, 99% used [0x0000000080000000,0x0000000085b4fc18,0x0000000085b80000)
 Metaspace       used 72665K, committed 74368K, reserved 1179648K
  class space    used 7539K, committed 8320K, reserved 1048576K
}
Event: 1020.551 GC heap after
{Heap after GC invocations=103 (full 3):
 PSYoungGen      total 12288K, used 7143K [0x00000000d5580000, 0x00000000d7f00000, 0x0000000100000000)
  eden space 5120K, 0% used [0x00000000d5580000,0x00000000d5580000,0x00000000d5a80000)
  from space 7168K, 99% used [0x00000000d6900000,0x00000000d6ff9db8,0x00000000d7000000)
  to   space 14848K, 0% used [0x00000000d5a80000,0x00000000d5a80000,0x00000000d6900000)
 ParOldGen       total 99840K, used 99479K [0x0000000080000000, 0x0000000086180000, 0x00000000d5580000)
  object space 99840K, 99% used [0x0000000080000000,0x0000000086125f88,0x0000000086180000)
 Metaspace       used 72665K, committed 74368K, reserved 1179648K
  class space    used 7539K, committed 8320K, reserved 1048576K
}
Event: 1020.590 GC heap before
{Heap before GC invocations=104 (full 3):
 PSYoungGen      total 12288K, used 12238K [0x00000000d5580000, 0x00000000d7f00000, 0x0000000100000000)
  eden space 5120K, 99% used [0x00000000d5580000,0x00000000d5a79cd8,0x00000000d5a80000)
  from space 7168K, 99% used [0x00000000d6900000,0x00000000d6ff9db8,0x00000000d7000000)
  to   space 14848K, 0% used [0x00000000d5a80000,0x00000000d5a80000,0x00000000d6900000)
 ParOldGen       total 99840K, used 99479K [0x0000000080000000, 0x0000000086180000, 0x00000000d5580000)
  object space 99840K, 99% used [0x0000000080000000,0x0000000086125f88,0x0000000086180000)
 Metaspace       used 72665K, committed 74368K, reserved 1179648K
  class space    used 7539K, committed 8320K, reserved 1048576K
}
Event: 1020.609 GC heap after
{Heap after GC invocations=104 (full 3):
 PSYoungGen      total 10752K, used 5253K [0x00000000d5580000, 0x00000000d6a80000, 0x0000000100000000)
  eden space 5120K, 0% used [0x00000000d5580000,0x00000000d5580000,0x00000000d5a80000)
  from space 5632K, 93% used [0x00000000d5a80000,0x00000000d5fa1420,0x00000000d6000000)
  to   space 8192K, 0% used [0x00000000d6280000,0x00000000d6280000,0x00000000d6a80000)
 ParOldGen       total 107008K, used 106697K [0x0000000080000000, 0x0000000086880000, 0x00000000d5580000)
  object space 107008K, 99% used [0x0000000080000000,0x0000000086832508,0x0000000086880000)
 Metaspace       used 72665K, committed 74368K, reserved 1179648K
  class space    used 7539K, committed 8320K, reserved 1048576K
}
Event: 1020.673 GC heap before
{Heap before GC invocations=105 (full 3):
 PSYoungGen      total 10752K, used 10365K [0x00000000d5580000, 0x00000000d6a80000, 0x0000000100000000)
  eden space 5120K, 99% used [0x00000000d5580000,0x00000000d5a7e350,0x00000000d5a80000)
  from space 5632K, 93% used [0x00000000d5a80000,0x00000000d5fa1420,0x00000000d6000000)
  to   space 8192K, 0% used [0x00000000d6280000,0x00000000d6280000,0x00000000d6a80000)
 ParOldGen       total 107008K, used 106697K [0x0000000080000000, 0x0000000086880000, 0x00000000d5580000)
  object space 107008K, 99% used [0x0000000080000000,0x0000000086832508,0x0000000086880000)
 Metaspace       used 72668K, committed 74368K, reserved 1179648K
  class space    used 7539K, committed 8320K, reserved 1048576K
}
Event: 1020.687 GC heap after
{Heap after GC invocations=105 (full 3):
 PSYoungGen      total 7680K, used 2321K [0x00000000d5580000, 0x00000000d6500000, 0x0000000100000000)
  eden space 5120K, 0% used [0x00000000d5580000,0x00000000d5580000,0x00000000d5a80000)
  from space 2560K, 90% used [0x00000000d6280000,0x00000000d64c4740,0x00000000d6500000)
  to   space 4096K, 0% used [0x00000000d5d00000,0x00000000d5d00000,0x00000000d6100000)
 ParOldGen       total 112128K, used 111740K [0x0000000080000000, 0x0000000086d80000, 0x00000000d5580000)
  object space 112128K, 99% used [0x0000000080000000,0x0000000086d1f0c0,0x0000000086d80000)
 Metaspace       used 72668K, committed 74368K, reserved 1179648K
  class space    used 7539K, committed 8320K, reserved 1048576K
}
Event: 1020.887 GC heap before
{Heap before GC invocations=106 (full 3):
 PSYoungGen      total 7680K, used 7147K [0x00000000d5580000, 0x00000000d6500000, 0x0000000100000000)
  eden space 5120K, 94% used [0x00000000d5580000,0x00000000d5a364c8,0x00000000d5a80000)
  from space 2560K, 90% used [0x00000000d6280000,0x00000000d64c4740,0x00000000d6500000)
  to   space 4096K, 0% used [0x00000000d5d00000,0x00000000d5d00000,0x00000000d6100000)
 ParOldGen       total 112128K, used 111740K [0x0000000080000000, 0x0000000086d80000, 0x00000000d5580000)
  object space 112128K, 99% used [0x0000000080000000,0x0000000086d1f0c0,0x0000000086d80000)
 Metaspace       used 72763K, committed 74496K, reserved 1179648K
  class space    used 7553K, committed 8384K, reserved 1048576K
}
Event: 1020.892 GC heap after
{Heap after GC invocations=106 (full 3):
 PSYoungGen      total 9216K, used 955K [0x00000000d5580000, 0x00000000d6300000, 0x0000000100000000)
  eden space 5120K, 0% used [0x00000000d5580000,0x00000000d5580000,0x00000000d5a80000)
  from space 4096K, 23% used [0x00000000d5d00000,0x00000000d5deeea0,0x00000000d6100000)
  to   space 2048K, 0% used [0x00000000d6100000,0x00000000d6100000,0x00000000d6300000)
 ParOldGen       total 113664K, used 113332K [0x0000000080000000, 0x0000000086f00000, 0x00000000d5580000)
  object space 113664K, 99% used [0x0000000080000000,0x0000000086ead0e0,0x0000000086f00000)
 Metaspace       used 72763K, committed 74496K, reserved 1179648K
  class space    used 7553K, committed 8384K, reserved 1048576K
}
Event: 1020.948 GC heap before
{Heap before GC invocations=107 (full 3):
 PSYoungGen      total 9216K, used 6075K [0x00000000d5580000, 0x00000000d6300000, 0x0000000100000000)
  eden space 5120K, 100% used [0x00000000d5580000,0x00000000d5a80000,0x00000000d5a80000)
  from space 4096K, 23% used [0x00000000d5d00000,0x00000000d5deeea0,0x00000000d6100000)
  to   space 2048K, 0% used [0x00000000d6100000,0x00000000d6100000,0x00000000d6300000)
 ParOldGen       total 113664K, used 113332K [0x0000000080000000, 0x0000000086f00000, 0x00000000d5580000)
  object space 113664K, 99% used [0x0000000080000000,0x0000000086ead0e0,0x0000000086f00000)
 Metaspace       used 72764K, committed 74496K, reserved 1179648K
  class space    used 7553K, committed 8384K, reserved 1048576K
}
Event: 1020.960 GC heap after
{Heap after GC invocations=107 (full 3):
 PSYoungGen      total 7168K, used 2043K [0x00000000d5580000, 0x00000000d6780000, 0x0000000100000000)
  eden space 5120K, 0% used [0x00000000d5580000,0x00000000d5580000,0x00000000d5a80000)
  from space 2048K, 99% used [0x00000000d6100000,0x00000000d62feea0,0x00000000d6300000)
  to   space 6656K, 0% used [0x00000000d5a80000,0x00000000d5a80000,0x00000000d6100000)
 ParOldGen       total 117248K, used 117089K [0x0000000080000000, 0x0000000087280000, 0x00000000d5580000)
  object space 117248K, 99% used [0x0000000080000000,0x0000000087258448,0x0000000087280000)
 Metaspace       used 72764K, committed 74496K, reserved 1179648K
  class space    used 7553K, committed 8384K, reserved 1048576K
}
Event: 1021.047 GC heap before
{Heap before GC invocations=108 (full 3):
 PSYoungGen      total 7168K, used 7163K [0x00000000d5580000, 0x00000000d6780000, 0x0000000100000000)
  eden space 5120K, 100% used [0x00000000d5580000,0x00000000d5a80000,0x00000000d5a80000)
  from space 2048K, 99% used [0x00000000d6100000,0x00000000d62feea0,0x00000000d6300000)
  to   space 6656K, 0% used [0x00000000d5a80000,0x00000000d5a80000,0x00000000d6100000)
 ParOldGen       total 117248K, used 117089K [0x0000000080000000, 0x0000000087280000, 0x00000000d5580000)
  object space 117248K, 99% used [0x0000000080000000,0x0000000087258448,0x0000000087280000)
 Metaspace       used 72804K, committed 74560K, reserved 1179648K
  class space    used 7557K, committed 8384K, reserved 1048576K
}
Event: 1021.057 GC heap after
{Heap after GC invocations=108 (full 3):
 PSYoungGen      total 9728K, used 4224K [0x00000000d5580000, 0x00000000d6480000, 0x0000000100000000)
  eden space 5120K, 0% used [0x00000000d5580000,0x00000000d5580000,0x00000000d5a80000)
  from space 4608K, 91% used [0x00000000d5a80000,0x00000000d5ea0000,0x00000000d5f00000)
  to   space 5120K, 0% used [0x00000000d5f80000,0x00000000d5f80000,0x00000000d6480000)
 ParOldGen       total 119296K, used 119188K [0x0000000080000000, 0x0000000087480000, 0x00000000d5580000)
  object space 119296K, 99% used [0x0000000080000000,0x00000000874652e8,0x0000000087480000)
 Metaspace       used 72804K, committed 74560K, reserved 1179648K
  class space    used 7557K, committed 8384K, reserved 1048576K
}
Event: 1021.330 GC heap before
{Heap before GC invocations=109 (full 3):
 PSYoungGen      total 9728K, used 9344K [0x00000000d5580000, 0x00000000d6480000, 0x0000000100000000)
  eden space 5120K, 100% used [0x00000000d5580000,0x00000000d5a80000,0x00000000d5a80000)
  from space 4608K, 91% used [0x00000000d5a80000,0x00000000d5ea0000,0x00000000d5f00000)
  to   space 5120K, 0% used [0x00000000d5f80000,0x00000000d5f80000,0x00000000d6480000)
 ParOldGen       total 151040K, used 149908K [0x0000000080000000, 0x0000000089380000, 0x00000000d5580000)
  object space 151040K, 99% used [0x0000000080000000,0x0000000089265318,0x0000000089380000)
 Metaspace       used 72850K, committed 74560K, reserved 1179648K
  class space    used 7557K, committed 8384K, reserved 1048576K
}
Event: 1021.342 GC heap after
{Heap after GC invocations=109 (full 3):
 PSYoungGen      total 7168K, used 1952K [0x00000000d5580000, 0x00000000d6180000, 0x0000000100000000)
  eden space 5120K, 0% used [0x00000000d5580000,0x00000000d5580000,0x00000000d5a80000)
  from space 2048K, 95% used [0x00000000d5f80000,0x00000000d6168000,0x00000000d6180000)
  to   space 3072K, 0% used [0x00000000d5b80000,0x00000000d5b80000,0x00000000d5e80000)
 ParOldGen       total 153600K, used 153492K [0x0000000080000000, 0x0000000089600000, 0x00000000d5580000)
  object space 153600K, 99% used [0x0000000080000000,0x00000000895e5318,0x0000000089600000)
 Metaspace       used 72850K, committed 74560K, reserved 1179648K
  class space    used 7557K, committed 8384K, reserved 1048576K
}
Event: 1021.479 GC heap before
{Heap before GC invocations=110 (full 3):
 PSYoungGen      total 7168K, used 6877K [0x00000000d5580000, 0x00000000d6180000, 0x0000000100000000)
  eden space 5120K, 96% used [0x00000000d5580000,0x00000000d5a4f5f8,0x00000000d5a80000)
  from space 2048K, 95% used [0x00000000d5f80000,0x00000000d6168000,0x00000000d6180000)
  to   space 3072K, 0% used [0x00000000d5b80000,0x00000000d5b80000,0x00000000d5e80000)
 ParOldGen       total 153600K, used 153492K [0x0000000080000000, 0x0000000089600000, 0x00000000d5580000)
  object space 153600K, 99% used [0x0000000080000000,0x00000000895e5318,0x0000000089600000)
 Metaspace       used 72861K, committed 74560K, reserved 1179648K
  class space    used 7557K, committed 8384K, reserved 1048576K
}
Event: 1021.485 GC heap after
{Heap after GC invocations=110 (full 3):
 PSYoungGen      total 8192K, used 3058K [0x00000000d5580000, 0x00000000d6780000, 0x0000000100000000)
  eden space 5120K, 0% used [0x00000000d5580000,0x00000000d5580000,0x00000000d5a80000)
  from space 3072K, 99% used [0x00000000d5b80000,0x00000000d5e7cb88,0x00000000d5e80000)
  to   space 6656K, 0% used [0x00000000d6100000,0x00000000d6100000,0x00000000d6780000)
 ParOldGen       total 156160K, used 156153K [0x0000000080000000, 0x0000000089880000, 0x00000000d5580000)
  object space 156160K, 99% used [0x0000000080000000,0x000000008987e508,0x0000000089880000)
 Metaspace       used 72861K, committed 74560K, reserved 1179648K
  class space    used 7557K, committed 8384K, reserved 1048576K
}
Event: 1021.547 GC heap before
{Heap before GC invocations=111 (full 3):
 PSYoungGen      total 8192K, used 8178K [0x00000000d5580000, 0x00000000d6780000, 0x0000000100000000)
  eden space 5120K, 100% used [0x00000000d5580000,0x00000000d5a80000,0x00000000d5a80000)
  from space 3072K, 99% used [0x00000000d5b80000,0x00000000d5e7cb88,0x00000000d5e80000)
  to   space 6656K, 0% used [0x00000000d6100000,0x00000000d6100000,0x00000000d6780000)
 ParOldGen       total 156160K, used 156153K [0x0000000080000000, 0x0000000089880000, 0x00000000d5580000)
  object space 156160K, 99% used [0x0000000080000000,0x000000008987e508,0x0000000089880000)
 Metaspace       used 72873K, committed 74560K, reserved 1179648K
  class space    used 7559K, committed 8384K, reserved 1048576K
}
Event: 1021.557 GC heap after
{Heap after GC invocations=111 (full 3):
 PSYoungGen      total 9216K, used 3650K [0x00000000d5580000, 0x00000000d6500000, 0x0000000100000000)
  eden space 5120K, 0% used [0x00000000d5580000,0x00000000d5580000,0x00000000d5a80000)
  from space 4096K, 89% used [0x00000000d6100000,0x00000000d6490910,0x00000000d6500000)
  to   space 4608K, 0% used [0x00000000d5c00000,0x00000000d5c00000,0x00000000d6080000)
 ParOldGen       total 159232K, used 159183K [0x0000000080000000, 0x0000000089b80000, 0x00000000d5580000)
  object space 159232K, 99% used [0x0000000080000000,0x0000000089b73c08,0x0000000089b80000)
 Metaspace       used 72873K, committed 74560K, reserved 1179648K
  class space    used 7559K, committed 8384K, reserved 1048576K
}

Dll operation events (10 events):
Event: 0.009 Loaded shared library c:\Users\User\.vscode\extensions\redhat.java-1.46.0-win32-x64\jre\21.0.8-win32-x86_64\bin\java.dll
Event: 0.037 Loaded shared library c:\Users\User\.vscode\extensions\redhat.java-1.46.0-win32-x64\jre\21.0.8-win32-x86_64\bin\zip.dll
Event: 0.087 Loaded shared library C:\Users\User\.vscode\extensions\redhat.java-1.46.0-win32-x64\jre\21.0.8-win32-x86_64\bin\instrument.dll
Event: 0.092 Loaded shared library C:\Users\User\.vscode\extensions\redhat.java-1.46.0-win32-x64\jre\21.0.8-win32-x86_64\bin\net.dll
Event: 0.094 Loaded shared library C:\Users\User\.vscode\extensions\redhat.java-1.46.0-win32-x64\jre\21.0.8-win32-x86_64\bin\nio.dll
Event: 0.096 Loaded shared library C:\Users\User\.vscode\extensions\redhat.java-1.46.0-win32-x64\jre\21.0.8-win32-x86_64\bin\zip.dll
Event: 0.109 Loaded shared library C:\Users\User\.vscode\extensions\redhat.java-1.46.0-win32-x64\jre\21.0.8-win32-x86_64\bin\jimage.dll
Event: 0.167 Loaded shared library c:\Users\User\.vscode\extensions\redhat.java-1.46.0-win32-x64\jre\21.0.8-win32-x86_64\bin\verify.dll
Event: 1.621 Loaded shared library C:\Users\User\AppData\Roaming\Code\User\globalStorage\redhat.java\1.46.0\config_win\org.eclipse.equinox.launcher\org.eclipse.equinox.launcher.win32.win32.x86_64_1.2.1400.v20250801-0854\eclipse_11916.dll
Event: 2.767 Loaded shared library C:\Users\User\AppData\Local\Temp\jna-2645995\jna1957744740183714336.dll

Deoptimization events (20 events):
Event: 1021.066 Thread 0x0000027ef71e5ea0 DEOPT PACKING pc=0x0000027ee4e5b9f8 sp=0x000000b869ffd7d0
Event: 1021.066 Thread 0x0000027ef71e5ea0 DEOPT UNPACKING pc=0x0000027ee4053aa2 sp=0x000000b869ffd748 mode 2
Event: 1021.170 Thread 0x0000027ef71e8c90 Uncommon trap: trap_request=0xffffff45 fr.pc=0x0000027ee4f7e124 relative=0x00000000000003c4
Event: 1021.170 Thread 0x0000027ef71e8c90 Uncommon trap: reason=unstable_if action=reinterpret pc=0x0000027ee4f7e124 method=org.eclipse.jdt.internal.core.index.DiskIndex.writeCategoryTable([CLorg/eclipse/jdt/internal/compiler/util/HashtableOfObject;Ljava/io/OutputStream;)V @ 102 c2
Event: 1021.171 Thread 0x0000027ef71e8c90 DEOPT PACKING pc=0x0000027ee4f7e124 sp=0x000000b86a2fea70
Event: 1021.171 Thread 0x0000027ef71e8c90 DEOPT UNPACKING pc=0x0000027ee4053aa2 sp=0x000000b86a2fea50 mode 2
Event: 1021.268 Thread 0x0000027ef71e8c90 DEOPT PACKING pc=0x0000027edea0aa9b sp=0x000000b86a2fea00
Event: 1021.268 Thread 0x0000027ef71e8c90 DEOPT UNPACKING pc=0x0000027ee4054242 sp=0x000000b86a2fdf40 mode 0
Event: 1021.274 Thread 0x0000027ef71e5ea0 Uncommon trap: trap_request=0xffffffc6 fr.pc=0x0000027ee4727d14 relative=0x00000000000001f4
Event: 1021.274 Thread 0x0000027ef71e5ea0 Uncommon trap: reason=bimorphic_or_optimized_type_check action=maybe_recompile pc=0x0000027ee4727d14 method=java.util.Collections.eq(Ljava/lang/Object;Ljava/lang/Object;)Z @ 18 c2
Event: 1021.274 Thread 0x0000027ef71e5ea0 DEOPT PACKING pc=0x0000027ee4727d14 sp=0x000000b869ffe740
Event: 1021.274 Thread 0x0000027ef71e5ea0 DEOPT UNPACKING pc=0x0000027ee4053aa2 sp=0x000000b869ffe680 mode 2
Event: 1021.276 Thread 0x0000027ef71e5ea0 Uncommon trap: trap_request=0xffffffc6 fr.pc=0x0000027ee4727d14 relative=0x00000000000001f4
Event: 1021.277 Thread 0x0000027ef71e5ea0 Uncommon trap: reason=bimorphic_or_optimized_type_check action=maybe_recompile pc=0x0000027ee4727d14 method=java.util.Collections.eq(Ljava/lang/Object;Ljava/lang/Object;)Z @ 18 c2
Event: 1021.277 Thread 0x0000027ef71e5ea0 DEOPT PACKING pc=0x0000027ee4727d14 sp=0x000000b869ffe8a0
Event: 1021.277 Thread 0x0000027ef71e5ea0 DEOPT UNPACKING pc=0x0000027ee4053aa2 sp=0x000000b869ffe7e0 mode 2
Event: 1021.569 Thread 0x0000027ef71e8c90 Uncommon trap: trap_request=0xffffffde fr.pc=0x0000027ee4e87378 relative=0x00000000000043b8
Event: 1021.569 Thread 0x0000027ef71e8c90 Uncommon trap: reason=class_check action=maybe_recompile pc=0x0000027ee4e87378 method=org.eclipse.jdt.internal.compiler.lookup.LookupEnvironment.computePackageFrom([[CZ)Lorg/eclipse/jdt/internal/compiler/lookup/PackageBinding; @ 51 c2
Event: 1021.569 Thread 0x0000027ef71e8c90 DEOPT PACKING pc=0x0000027ee4e87378 sp=0x000000b86a2fca20
Event: 1021.569 Thread 0x0000027ef71e8c90 DEOPT UNPACKING pc=0x0000027ee4053aa2 sp=0x000000b86a2fc9b8 mode 2

Classes loaded (20 events):
Event: 303.444 Loading class java/util/stream/Nodes$ConcNode
Event: 303.444 Loading class java/util/stream/Nodes$AbstractConcNode
Event: 303.445 Loading class java/util/stream/Nodes$AbstractConcNode done
Event: 303.445 Loading class java/util/stream/Nodes$ConcNode done
Event: 303.469 Loading class java/io/ObjectOutputStream$BlockDataOutputStream
Event: 303.470 Loading class java/io/ObjectOutputStream$BlockDataOutputStream done
Event: 303.470 Loading class java/io/ObjectOutputStream$HandleTable
Event: 303.470 Loading class java/io/ObjectOutputStream$HandleTable done
Event: 303.470 Loading class java/io/ObjectOutputStream$ReplaceTable
Event: 303.470 Loading class java/io/ObjectOutputStream$ReplaceTable done
Event: 1020.366 Loading class sun/nio/fs/WindowsFileCopy
Event: 1020.367 Loading class sun/nio/fs/WindowsFileCopy done
Event: 1020.376 Loading class java/util/stream/ReduceOps$5
Event: 1020.377 Loading class java/util/stream/ReduceOps$5 done
Event: 1020.378 Loading class java/util/stream/ReduceOps$CountingSink$OfRef
Event: 1020.379 Loading class java/util/stream/ReduceOps$CountingSink
Event: 1020.379 Loading class java/util/stream/ReduceOps$CountingSink done
Event: 1020.379 Loading class java/util/stream/ReduceOps$CountingSink$OfRef done
Event: 1021.129 Loading class java/nio/BufferMismatch
Event: 1021.130 Loading class java/nio/BufferMismatch done

Classes unloaded (7 events):
Event: 3.270 Thread 0x0000027ed9982b50 Unloading class 0x0000027e811ab000 'java/lang/invoke/LambdaForm$MH+0x0000027e811ab000'
Event: 3.270 Thread 0x0000027ed9982b50 Unloading class 0x0000027e811aac00 'java/lang/invoke/LambdaForm$MH+0x0000027e811aac00'
Event: 3.270 Thread 0x0000027ed9982b50 Unloading class 0x0000027e811aa800 'java/lang/invoke/LambdaForm$MH+0x0000027e811aa800'
Event: 3.270 Thread 0x0000027ed9982b50 Unloading class 0x0000027e811aa400 'java/lang/invoke/LambdaForm$MH+0x0000027e811aa400'
Event: 3.270 Thread 0x0000027ed9982b50 Unloading class 0x0000027e811aa000 'java/lang/invoke/LambdaForm$BMH+0x0000027e811aa000'
Event: 3.270 Thread 0x0000027ed9982b50 Unloading class 0x0000027e811a9c00 'java/lang/invoke/LambdaForm$DMH+0x0000027e811a9c00'
Event: 3.270 Thread 0x0000027ed9982b50 Unloading class 0x0000027e811a8c00 'java/lang/invoke/LambdaForm$DMH+0x0000027e811a8c00'

Classes redefined (0 events):
No events

Internal exceptions (20 events):
Event: 33.968 Thread 0x0000027efa270020 Exception <a 'java/lang/IncompatibleClassChangeError'{0x00000000d576c370}: Found class java.lang.Object, but interface was expected> (0x00000000d576c370) 
thrown [s\src\hotspot\share\interpreter\linkResolver.cpp, line 840]
Event: 33.974 Thread 0x0000027efad94fe0 Exception <a 'java/lang/NoSuchMethodError'{0x00000000d57dd7d0}: 'java.lang.Object java.lang.invoke.DirectMethodHandle$Holder.invokeSpecial(java.lang.Object, java.lang.Object, java.lang.Object, java.lang.Object, int, java.lang.Object, java.lang.Object)'> (0x00000000d57dd7d0) 
thrown [s\src\hotspot\share\interpreter\linkResolver.cpp, line 773]
Event: 34.711 Thread 0x0000027efad921f0 Exception <a 'java/lang/ArrayIndexOutOfBoundsException'{0x00000000d5dea7a0}> (0x00000000d5dea7a0) 
thrown [s\src\hotspot\share\runtime\sharedRuntime.cpp, line 625]
Event: 35.327 Thread 0x0000027efad921f0 Exception <a 'java/lang/NoSuchMethodError'{0x00000000d5e91090}: 'int java.lang.invoke.DirectMethodHandle$Holder.invokeVirtual(java.lang.Object, java.lang.Object, java.lang.Object, int)'> (0x00000000d5e91090) 
thrown [s\src\hotspot\share\interpreter\linkResolver.cpp, line 773]
Event: 35.332 Thread 0x0000027efad921f0 Exception <a 'java/lang/NoSuchMethodError'{0x00000000d5eb5cd0}: 'void java.lang.invoke.DirectMethodHandle$Holder.invokeSpecial(java.lang.Object, java.lang.Object, int)'> (0x00000000d5eb5cd0) 
thrown [s\src\hotspot\share\interpreter\linkResolver.cpp, line 773]
Event: 303.461 Thread 0x0000027ef71e5ea0 Exception <a 'sun/nio/fs/WindowsException'{0x00000000d5ac45f8}> (0x00000000d5ac45f8) 
thrown [s\src\hotspot\share\prims\jni.cpp, line 520]
Event: 303.461 Thread 0x0000027ef71e5ea0 Exception <a 'sun/nio/fs/WindowsException'{0x00000000d5ac5338}> (0x00000000d5ac5338) 
thrown [s\src\hotspot\share\prims\jni.cpp, line 520]
Event: 303.461 Thread 0x0000027ef71e5ea0 Implicit null exception at 0x0000027ee4ba3d24 to 0x0000027ee4ba4078
Event: 303.499 Thread 0x0000027ef71e5ea0 Exception <a 'java/lang/NoSuchMethodError'{0x00000000d5b76000}: static [J.<clinit>()V> (0x00000000d5b76000) 
thrown [s\src\hotspot\share\prims\jni.cpp, line 1111]
Event: 303.508 Thread 0x0000027ef71e5ea0 Exception <a 'java/lang/NoSuchMethodError'{0x00000000d5baff68}: 'java.lang.Object java.lang.invoke.DirectMethodHandle$Holder.newInvokeSpecial(java.lang.Object, java.lang.Object, java.lang.Object, java.lang.Object, java.lang.Object, java.lang.Object, java.lang.Object, java.lang.Object)'> (0x00000000d5baff68) 
thrown [s\src\hotspot\share\interpreter\linkResolver.cpp, line 773]
Event: 655.186 Thread 0x0000027ef7496760 Exception <a 'java/lang/ArrayIndexOutOfBoundsException'{0x00000000d567af68}> (0x00000000d567af68) 
thrown [s\src\hotspot\share\runtime\sharedRuntime.cpp, line 625]
Event: 662.218 Thread 0x0000027ef7496760 Implicit null exception at 0x0000027ee4d37e95 to 0x0000027ee4d38098
Event: 662.311 Thread 0x0000027ef7496760 Exception <a 'java/lang/NoSuchMethodError'{0x00000000d58eb538}: 'java.lang.Object java.lang.invoke.DirectMethodHandle$Holder.newInvokeSpecial(java.lang.Object, java.lang.Object, int, java.lang.Object, java.lang.Object, java.lang.Object, java.lang.Object)'> (0x00000000d58eb538) 
thrown [s\src\hotspot\share\interpreter\linkResolver.cpp, line 773]
Event: 961.736 Thread 0x0000027efa270020 Exception <a 'java/lang/IncompatibleClassChangeError'{0x00000000d5888d00}: Found class java.lang.Object, but interface was expected> (0x00000000d5888d00) 
thrown [s\src\hotspot\share\interpreter\linkResolver.cpp, line 840]
Event: 1019.274 Thread 0x0000027efa270020 Exception <a 'java/lang/NoSuchMethodError'{0x00000000d5c91f90}: 'java.lang.Object java.lang.invoke.DirectMethodHandle$Holder.invokeStatic(java.lang.Object, int, int, java.lang.Object)'> (0x00000000d5c91f90) 
thrown [s\src\hotspot\share\interpreter\linkResolver.cpp, line 773]
Event: 1019.509 Thread 0x0000027ef7496760 Exception <a 'java/lang/ArrayIndexOutOfBoundsException'{0x00000000d58cf878}: Index 3178 out of bounds for length 3177> (0x00000000d58cf878) 
thrown [s\src\hotspot\share\interpreter\interpreterRuntime.cpp, line 439]
Event: 1020.299 Thread 0x0000027efa270020 Exception <a 'java/lang/IncompatibleClassChangeError'{0x00000000d5a11250}: Found class java.lang.Object, but interface was expected> (0x00000000d5a11250) 
thrown [s\src\hotspot\share\interpreter\linkResolver.cpp, line 840]
Event: 1020.300 Thread 0x0000027efa270020 Exception <a 'java/lang/IncompatibleClassChangeError'{0x00000000d5a15328}: Found class java.lang.Object, but interface was expected> (0x00000000d5a15328) 
thrown [s\src\hotspot\share\interpreter\linkResolver.cpp, line 840]
Event: 1020.367 Thread 0x0000027ef71e8c90 Exception <a 'sun/nio/fs/WindowsException'{0x00000000d5c3a068}> (0x00000000d5c3a068) 
thrown [s\src\hotspot\share\prims\jni.cpp, line 520]
Event: 1021.302 Thread 0x0000027ef71e8c90 Exception <a 'sun/nio/fs/WindowsException'{0x00000000d58553f0}> (0x00000000d58553f0) 
thrown [s\src\hotspot\share\prims\jni.cpp, line 520]

ZGC Phase Switch (0 events):
No events

VM Operations (20 events):
Event: 1020.401 Executing VM operation: ParallelGCFailedAllocation (Allocation Failure)
Event: 1020.411 Executing VM operation: ParallelGCFailedAllocation (Allocation Failure) done
Event: 1020.530 Executing VM operation: ParallelGCFailedAllocation (Allocation Failure)
Event: 1020.551 Executing VM operation: ParallelGCFailedAllocation (Allocation Failure) done
Event: 1020.590 Executing VM operation: ParallelGCFailedAllocation (Allocation Failure)
Event: 1020.609 Executing VM operation: ParallelGCFailedAllocation (Allocation Failure) done
Event: 1020.672 Executing VM operation: ParallelGCFailedAllocation (Allocation Failure)
Event: 1020.687 Executing VM operation: ParallelGCFailedAllocation (Allocation Failure) done
Event: 1020.887 Executing VM operation: ParallelGCFailedAllocation (Allocation Failure)
Event: 1020.893 Executing VM operation: ParallelGCFailedAllocation (Allocation Failure) done
Event: 1020.945 Executing VM operation: ParallelGCFailedAllocation (Allocation Failure)
Event: 1020.960 Executing VM operation: ParallelGCFailedAllocation (Allocation Failure) done
Event: 1021.047 Executing VM operation: ParallelGCFailedAllocation (Allocation Failure)
Event: 1021.057 Executing VM operation: ParallelGCFailedAllocation (Allocation Failure) done
Event: 1021.330 Executing VM operation: ParallelGCFailedAllocation (Allocation Failure)
Event: 1021.342 Executing VM operation: ParallelGCFailedAllocation (Allocation Failure) done
Event: 1021.479 Executing VM operation: ParallelGCFailedAllocation (Allocation Failure)
Event: 1021.485 Executing VM operation: ParallelGCFailedAllocation (Allocation Failure) done
Event: 1021.547 Executing VM operation: ParallelGCFailedAllocation (Allocation Failure)
Event: 1021.557 Executing VM operation: ParallelGCFailedAllocation (Allocation Failure) done

Memory protections (0 events):
No events

Nmethod flushes (20 events):
Event: 8.046 Thread 0x0000027ed9982b50 flushing  nmethod 0x0000027edd2a9910
Event: 8.046 Thread 0x0000027ed9982b50 flushing  nmethod 0x0000027edd2aa790
Event: 8.046 Thread 0x0000027ed9982b50 flushing  nmethod 0x0000027edd2b4e90
Event: 8.046 Thread 0x0000027ed9982b50 flushing  nmethod 0x0000027edd2b5390
Event: 8.046 Thread 0x0000027ed9982b50 flushing  nmethod 0x0000027edd2c2990
Event: 8.046 Thread 0x0000027ed9982b50 flushing osr nmethod 0x0000027edd30d810
Event: 8.046 Thread 0x0000027ed9982b50 flushing  nmethod 0x0000027edd339e10
Event: 8.046 Thread 0x0000027ed9982b50 flushing osr nmethod 0x0000027edd341590
Event: 8.046 Thread 0x0000027ed9982b50 flushing  nmethod 0x0000027edd345790
Event: 8.046 Thread 0x0000027ed9982b50 flushing  nmethod 0x0000027edd345d90
Event: 8.046 Thread 0x0000027ed9982b50 flushing  nmethod 0x0000027edd346e10
Event: 8.046 Thread 0x0000027ed9982b50 flushing  nmethod 0x0000027edd347d10
Event: 8.046 Thread 0x0000027ed9982b50 flushing  nmethod 0x0000027edd354a90
Event: 8.046 Thread 0x0000027ed9982b50 flushing  nmethod 0x0000027edd373210
Event: 8.046 Thread 0x0000027ed9982b50 flushing  nmethod 0x0000027edd3a7010
Event: 8.046 Thread 0x0000027ed9982b50 flushing  nmethod 0x0000027edd3a7d90
Event: 8.046 Thread 0x0000027ed9982b50 flushing  nmethod 0x0000027edd3a8210
Event: 8.046 Thread 0x0000027ed9982b50 flushing  nmethod 0x0000027edd3ad110
Event: 8.046 Thread 0x0000027ed9982b50 flushing osr nmethod 0x0000027edd3cf210
Event: 8.046 Thread 0x0000027ed9982b50 flushing  nmethod 0x0000027edd406e90

Events (20 events):
Event: 966.679 Thread 0x0000027efed8c5e0 Thread exited: 0x0000027efed8c5e0
Event: 966.680 Thread 0x0000027efed8b170 Thread exited: 0x0000027efed8b170
Event: 966.687 Thread 0x0000027ef1623640 Thread added: 0x0000027efed8e120
Event: 966.715 Thread 0x0000027ef1623640 Thread added: 0x0000027efed8b170
Event: 972.073 Thread 0x0000027efed8b170 Thread exited: 0x0000027efed8b170
Event: 977.024 Thread 0x0000027efed8e120 Thread exited: 0x0000027efed8e120
Event: 1018.270 Thread 0x0000027ef1622fa0 Thread added: 0x0000027efed8c5e0
Event: 1018.273 Thread 0x0000027ef1623640 Thread added: 0x0000027efed8d380
Event: 1018.881 Thread 0x0000027efed8d380 Thread exited: 0x0000027efed8d380
Event: 1018.883 Thread 0x0000027efed8c5e0 Thread exited: 0x0000027efed8c5e0
Event: 1018.894 Thread 0x0000027ef1623640 Thread added: 0x0000027efed8b170
Event: 1019.262 Thread 0x0000027efed8b170 Thread exited: 0x0000027efed8b170
Event: 1019.279 Thread 0x0000027ef1623640 Thread added: 0x0000027efed8c5e0
Event: 1019.364 Thread 0x0000027ef1623640 Thread added: 0x0000027efed8d380
Event: 1020.100 Thread 0x0000027efed8d380 Thread exited: 0x0000027efed8d380
Event: 1020.307 Thread 0x0000027efed8c5e0 Thread exited: 0x0000027efed8c5e0
Event: 1020.367 Thread 0x0000027ef1623640 Thread added: 0x0000027efed8d380
Event: 1020.523 Thread 0x0000027ef71e5ea0 Thread added: 0x0000027ef749a900
Event: 1020.642 Thread 0x0000027ef71e5ea0 Thread added: 0x0000027ef7497480
Event: 1020.647 Thread 0x0000027ef1623640 Thread added: 0x0000027efed8c5e0


Dynamic libraries:
0x00007ff7470f0000 - 0x00007ff7470fe000 	c:\Users\User\.vscode\extensions\redhat.java-1.46.0-win32-x64\jre\21.0.8-win32-x86_64\bin\java.exe
0x00007ffc99540000 - 0x00007ffc997a8000 	C:\WINDOWS\SYSTEM32\ntdll.dll
0x00007ffc97c60000 - 0x00007ffc97d29000 	C:\WINDOWS\System32\KERNEL32.DLL
0x00007ffc96790000 - 0x00007ffc96b82000 	C:\WINDOWS\System32\KERNELBASE.dll
0x00007ffc96b90000 - 0x00007ffc96cdb000 	C:\WINDOWS\System32\ucrtbase.dll
0x00007ffc78f30000 - 0x00007ffc78f4e000 	c:\Users\User\.vscode\extensions\redhat.java-1.46.0-win32-x64\jre\21.0.8-win32-x86_64\bin\VCRUNTIME140.dll
0x00007ffc79e10000 - 0x00007ffc79e28000 	c:\Users\User\.vscode\extensions\redhat.java-1.46.0-win32-x64\jre\21.0.8-win32-x86_64\bin\jli.dll
0x00007ffc97660000 - 0x00007ffc97825000 	C:\WINDOWS\System32\USER32.dll
0x00007ffc7d290000 - 0x00007ffc7d523000 	C:\WINDOWS\WinSxS\amd64_microsoft.windows.common-controls_6595b64144ccf1df_6.0.26100.6899_none_3e0efeeae32e88c1\COMCTL32.dll
0x00007ffc96d90000 - 0x00007ffc96db7000 	C:\WINDOWS\System32\win32u.dll
0x00007ffc97380000 - 0x00007ffc97429000 	C:\WINDOWS\System32\msvcrt.dll
0x00007ffc97d30000 - 0x00007ffc97d5b000 	C:\WINDOWS\System32\GDI32.dll
0x00007ffc96f40000 - 0x00007ffc9706d000 	C:\WINDOWS\System32\gdi32full.dll
0x00007ffc96ce0000 - 0x00007ffc96d83000 	C:\WINDOWS\System32\msvcp_win.dll
0x00007ffc974d0000 - 0x00007ffc974ff000 	C:\WINDOWS\System32\IMM32.DLL
0x00007ffc8cae0000 - 0x00007ffc8caec000 	c:\Users\User\.vscode\extensions\redhat.java-1.46.0-win32-x64\jre\21.0.8-win32-x86_64\bin\vcruntime140_1.dll
0x00007ffc347e0000 - 0x00007ffc3486d000 	c:\Users\User\.vscode\extensions\redhat.java-1.46.0-win32-x64\jre\21.0.8-win32-x86_64\bin\msvcp140.dll
0x00007ffbc4980000 - 0x00007ffbc5717000 	c:\Users\User\.vscode\extensions\redhat.java-1.46.0-win32-x64\jre\21.0.8-win32-x86_64\bin\server\jvm.dll
0x00007ffc97b00000 - 0x00007ffc97bb4000 	C:\WINDOWS\System32\ADVAPI32.dll
0x00007ffc98cf0000 - 0x00007ffc98d96000 	C:\WINDOWS\System32\sechost.dll
0x00007ffc97540000 - 0x00007ffc97658000 	C:\WINDOWS\System32\RPCRT4.dll
0x00007ffc97d60000 - 0x00007ffc97dd4000 	C:\WINDOWS\System32\WS2_32.dll
0x00007ffc95f40000 - 0x00007ffc95f9e000 	C:\WINDOWS\SYSTEM32\POWRPROF.dll
0x00007ffc8fa90000 - 0x00007ffc8fa9b000 	C:\WINDOWS\SYSTEM32\VERSION.dll
0x00007ffc87750000 - 0x00007ffc87785000 	C:\WINDOWS\SYSTEM32\WINMM.dll
0x00007ffc95f20000 - 0x00007ffc95f34000 	C:\WINDOWS\SYSTEM32\UMPDC.dll
0x00007ffc95460000 - 0x00007ffc9547b000 	C:\WINDOWS\SYSTEM32\kernel.appcore.dll
0x00007ffc79ed0000 - 0x00007ffc79eda000 	c:\Users\User\.vscode\extensions\redhat.java-1.46.0-win32-x64\jre\21.0.8-win32-x86_64\bin\jimage.dll
0x00007ffc93930000 - 0x00007ffc93b72000 	C:\WINDOWS\SYSTEM32\DBGHELP.DLL
0x00007ffc980d0000 - 0x00007ffc9844b000 	C:\WINDOWS\System32\combase.dll
0x00007ffc97f40000 - 0x00007ffc98017000 	C:\WINDOWS\System32\OLEAUT32.dll
0x00007ffc7e620000 - 0x00007ffc7e65c000 	C:\WINDOWS\SYSTEM32\dbgcore.DLL
0x00007ffc97100000 - 0x00007ffc97198000 	C:\WINDOWS\System32\bcryptPrimitives.dll
0x00007ffc79e50000 - 0x00007ffc79e5f000 	c:\Users\User\.vscode\extensions\redhat.java-1.46.0-win32-x64\jre\21.0.8-win32-x86_64\bin\instrument.dll
0x00007ffc74650000 - 0x00007ffc7466f000 	c:\Users\User\.vscode\extensions\redhat.java-1.46.0-win32-x64\jre\21.0.8-win32-x86_64\bin\java.dll
0x00007ffc98da0000 - 0x00007ffc994ed000 	C:\WINDOWS\System32\SHELL32.dll
0x00007ffc971a0000 - 0x00007ffc9730b000 	C:\WINDOWS\System32\wintypes.dll
0x00007ffc942e0000 - 0x00007ffc94b3d000 	C:\WINDOWS\SYSTEM32\windows.storage.dll
0x00007ffc97940000 - 0x00007ffc97a32000 	C:\WINDOWS\System32\SHCORE.dll
0x00007ffc97310000 - 0x00007ffc97372000 	C:\WINDOWS\System32\shlwapi.dll
0x00007ffc965f0000 - 0x00007ffc96619000 	C:\WINDOWS\SYSTEM32\profapi.dll
0x00007ffc743a0000 - 0x00007ffc743b8000 	c:\Users\User\.vscode\extensions\redhat.java-1.46.0-win32-x64\jre\21.0.8-win32-x86_64\bin\zip.dll
0x00007ffc79d20000 - 0x00007ffc79d30000 	C:\Users\User\.vscode\extensions\redhat.java-1.46.0-win32-x64\jre\21.0.8-win32-x86_64\bin\net.dll
0x00007ffc90bf0000 - 0x00007ffc90d0f000 	C:\WINDOWS\SYSTEM32\WINHTTP.dll
0x00007ffc959b0000 - 0x00007ffc95a1b000 	C:\WINDOWS\system32\mswsock.dll
0x00007ffc65ce0000 - 0x00007ffc65cf6000 	C:\Users\User\.vscode\extensions\redhat.java-1.46.0-win32-x64\jre\21.0.8-win32-x86_64\bin\nio.dll
0x00007ffc79b40000 - 0x00007ffc79b50000 	c:\Users\User\.vscode\extensions\redhat.java-1.46.0-win32-x64\jre\21.0.8-win32-x86_64\bin\verify.dll
0x00007ffc34970000 - 0x00007ffc349b4000 	C:\Users\User\AppData\Roaming\Code\User\globalStorage\redhat.java\1.46.0\config_win\org.eclipse.equinox.launcher\org.eclipse.equinox.launcher.win32.win32.x86_64_1.2.1400.v20250801-0854\eclipse_11916.dll
0x00007ffc98b50000 - 0x00007ffc98ce8000 	C:\WINDOWS\System32\ole32.dll
0x00007ffc95d90000 - 0x00007ffc95dab000 	C:\WINDOWS\SYSTEM32\CRYPTSP.dll
0x00007ffc953c0000 - 0x00007ffc953fb000 	C:\WINDOWS\system32\rsaenh.dll
0x00007ffc95a50000 - 0x00007ffc95a7b000 	C:\WINDOWS\SYSTEM32\USERENV.dll
0x00007ffc965c0000 - 0x00007ffc965e6000 	C:\WINDOWS\SYSTEM32\bcrypt.dll
0x00007ffc95bf0000 - 0x00007ffc95bfc000 	C:\WINDOWS\SYSTEM32\CRYPTBASE.dll
0x00007ffc94fb0000 - 0x00007ffc94fe4000 	C:\WINDOWS\SYSTEM32\IPHLPAPI.DLL
0x00007ffc97830000 - 0x00007ffc9783a000 	C:\WINDOWS\System32\NSI.dll
0x00007ffc34920000 - 0x00007ffc34969000 	C:\Users\User\AppData\Local\Temp\jna-2645995\jna1957744740183714336.dll
0x00007ffc98b40000 - 0x00007ffc98b48000 	C:\WINDOWS\System32\PSAPI.DLL
0x00007ffc90e30000 - 0x00007ffc90e4e000 	C:\WINDOWS\SYSTEM32\dhcpcsvc6.DLL
0x00007ffc90d80000 - 0x00007ffc90da3000 	C:\WINDOWS\SYSTEM32\dhcpcsvc.DLL

JVMTI agents:
c:\Users\User\.vscode\extensions\redhat.java-1.46.0-win32-x64\lombok\lombok-1.18.39-4050.jar path:c:\Users\User\.vscode\extensions\redhat.java-1.46.0-win32-x64\jre\21.0.8-win32-x86_64\bin\instrument.dll, loaded, initialized, instrumentlib options:none

dbghelp: loaded successfully - version: 4.0.5 - missing functions: none
symbol engine: initialized successfully - sym options: 0x614 - pdb path: .;c:\Users\User\.vscode\extensions\redhat.java-1.46.0-win32-x64\jre\21.0.8-win32-x86_64\bin;C:\WINDOWS\SYSTEM32;C:\WINDOWS\WinSxS\amd64_microsoft.windows.common-controls_6595b64144ccf1df_6.0.26100.6899_none_3e0efeeae32e88c1;c:\Users\User\.vscode\extensions\redhat.java-1.46.0-win32-x64\jre\21.0.8-win32-x86_64\bin\server;C:\Users\User\AppData\Roaming\Code\User\globalStorage\redhat.java\1.46.0\config_win\org.eclipse.equinox.launcher\org.eclipse.equinox.launcher.win32.win32.x86_64_1.2.1400.v20250801-0854;C:\Users\User\AppData\Local\Temp\jna-2645995

VM Arguments:
jvm_args: --add-modules=ALL-SYSTEM --add-opens=java.base/java.util=ALL-UNNAMED --add-opens=java.base/java.lang=ALL-UNNAMED --add-opens=java.base/sun.nio.fs=ALL-UNNAMED -Declipse.application=org.eclipse.jdt.ls.core.id1 -Dosgi.bundles.defaultStartLevel=4 -Declipse.product=org.eclipse.jdt.ls.core.product -Djava.import.generatesMetadataFilesAtProjectRoot=false -DDetectVMInstallationsJob.disabled=true -Dfile.encoding=utf8 -XX:+UseParallelGC -XX:GCTimeRatio=4 -XX:AdaptiveSizePolicyWeight=90 -Dsun.zip.disableMemoryMapping=true -Xmx2G -Xms100m -Xlog:disable -javaagent:c:\Users\User\.vscode\extensions\redhat.java-1.46.0-win32-x64\lombok\lombok-1.18.39-4050.jar -XX:+HeapDumpOnOutOfMemoryError -XX:HeapDumpPath=c:\Users\User\AppData\Roaming\Code\User\workspaceStorage\89619f1c39d7b59df5f6aae22b052292\redhat.java -Daether.dependencyCollector.impl=bf 
java_command: c:\Users\User\.vscode\extensions\redhat.java-1.46.0-win32-x64\server\plugins\org.eclipse.equinox.launcher_1.7.0.v20250519-0528.jar -configuration c:\Users\User\AppData\Roaming\Code\User\globalStorage\redhat.java\1.46.0\config_win -data c:\Users\User\AppData\Roaming\Code\User\workspaceStorage\89619f1c39d7b59df5f6aae22b052292\redhat.java\jdt_ws --pipe=\\.\pipe\lsp-c78acec53255e53e971da5c96a753576-sock
java_class_path (initial): c:\Users\User\.vscode\extensions\redhat.java-1.46.0-win32-x64\server\plugins\org.eclipse.equinox.launcher_1.7.0.v20250519-0528.jar
Launcher Type: SUN_STANDARD

[Global flags]
    uintx AdaptiveSizePolicyWeight                 = 90                                        {product} {command line}
     intx CICompilerCount                          = 4                                         {product} {ergonomic}
    uintx GCTimeRatio                              = 4                                         {product} {command line}
     bool HeapDumpOnOutOfMemoryError               = true                                   {manageable} {command line}
    ccstr HeapDumpPath                             = c:\Users\User\AppData\Roaming\Code\User\workspaceStorage\89619f1c39d7b59df5f6aae22b052292\redhat.java         {manageable} {command line}
   size_t InitialHeapSize                          = 104857600                                 {product} {command line}
   size_t MaxHeapSize                              = 2147483648                                {product} {command line}
   size_t MaxNewSize                               = 715653120                                 {product} {ergonomic}
   size_t MinHeapDeltaBytes                        = 524288                                    {product} {ergonomic}
   size_t MinHeapSize                              = 104857600                                 {product} {command line}
   size_t NewSize                                  = 34603008                                  {product} {ergonomic}
    uintx NonNMethodCodeHeapSize                   = 5839372                                {pd product} {ergonomic}
    uintx NonProfiledCodeHeapSize                  = 122909434                              {pd product} {ergonomic}
   size_t OldSize                                  = 70254592                                  {product} {ergonomic}
    uintx ProfiledCodeHeapSize                     = 122909434                              {pd product} {ergonomic}
    uintx ReservedCodeCacheSize                    = 251658240                              {pd product} {ergonomic}
     bool SegmentedCodeCache                       = true                                      {product} {ergonomic}
   size_t SoftMaxHeapSize                          = 2147483648                             {manageable} {ergonomic}
     bool UseCompressedOops                        = true                           {product lp64_product} {ergonomic}
     bool UseLargePagesIndividualAllocation        = false                                  {pd product} {ergonomic}
     bool UseParallelGC                            = true                                      {product} {command line}

Logging:
Log output configuration:
 #0: stdout all=off uptime,level,tags foldmultilines=false
 #1: stderr all=off uptime,level,tags foldmultilines=false

Environment Variables:
PATH=C:\Program Files\Eclipse Adoptium\jdk-25.0.0.36-hotspot\bin;C:\Python313\Scripts\;C:\Python313\;C:\oraclexe\app\oracle\product\11.2.0\server\bin;C:\Program Files (x86)\Common Files\Intel\Shared Libraries\redist\intel64\compiler;C:\Users\User\AppData\Local\Programs\Python\Python311\Scripts\;C:\WINDOWS\system32;C:\WINDOWS;C:\WINDOWS\System32\Wbem;C:\WINDOWS\System32\WindowsPowerShell\v1.0\;C:\WINDOWS\System32\OpenSSH\;C:\Program Files\dotnet\;C:\MinGW\bin;C:\Users\User\AppData\Local\Programs\Python\Python311;C:\Program Files\NVIDIA Corporation\NVIDIA app\NvDLISR;C:\Program Files (x86)\NVIDIA Corporation\PhysX\Common;C:\Program Files\nodejs\;C:\ProgramData\chocolatey\bin;C:\Program Files\Git\cmd;F:\apache-maven-3.9.11\bin;C:\Users\User\AppData\Local\Programs\Python\Python311\Scripts\;C:\Users\User\AppData\Local\Programs\Python\Python311\;C:\Users\User\AppData\Local\Microsoft\WindowsApps;;C:\Program Files\JetBrains\PyCharm Community Edition 2022.2.3\bin;;C:\Users\User\AppData\Local\Programs\Microsoft VS Code\bin;F:\IntelliJ IDEA Community Edition 2023.1\bin;;C:\Users\User\AppData\Roaming\npm;C:\Program Files (x86)\Nmap;F:\cursor\resources\app\bin
USERNAME=User
OS=Windows_NT
PROCESSOR_IDENTIFIER=Intel64 Family 6 Model 165 Stepping 2, GenuineIntel
TMP=C:\Users\User\AppData\Local\Temp
TEMP=C:\Users\User\AppData\Local\Temp




Periodic native trim disabled

---------------  S Y S T E M  ---------------

OS:
 Windows 11 , 64 bit Build 26100 (10.0.26100.6725)
OS uptime: 1 days 0:20 hours
Hyper-V role detected

CPU: total 12 (initial active 12) (6 cores per cpu, 2 threads per core) family 6 model 165 stepping 2 microcode 0x100, cx8, cmov, fxsr, ht, mmx, 3dnowpref, sse, sse2, sse3, ssse3, sse4.1, sse4.2, popcnt, lzcnt, tsc, tscinvbit, avx, avx2, aes, erms, clmul, bmi1, bmi2, adx, fma, vzeroupper, clflush, clflushopt, hv, rdtscp, f16c
Processor Information for the first 12 processors :
  Max Mhz: 2496, Current Mhz: 2496, Mhz Limit: 2496

Memory: 4k page, system-wide physical 7967M (1233M free)
TotalPageFile size 16655M (AvailPageFile size 4M)
current process WorkingSet (physical memory assigned to process): 303M, peak: 375M
current process commit charge ("private bytes"): 491M, peak: 493M

vm_info: OpenJDK 64-Bit Server VM (21.0.8+9-LTS) for windows-amd64 JRE (21.0.8+9-LTS), built on 2025-07-15T00:00:00Z by "admin" with MS VC++ 17.7 (VS2022)

END.
