#
# There is insufficient memory for the Java Runtime Environment to continue.
# Native memory allocation (malloc) failed to allocate 1048576 bytes. Error detail: AllocateHeap
# Possible reasons:
#   The system is out of physical RAM or swap space
#   This process is running with CompressedOops enabled, and the Java Heap may be blocking the growth of the native heap
# Possible solutions:
#   Reduce memory load on the system
#   Increase physical memory or swap space
#   Check if swap backing store is full
#   Decrease Java heap size (-Xmx/-Xms)
#   Decrease number of Java threads
#   Decrease Java thread stack sizes (-Xss)
#   Set larger code cache with -XX:ReservedCodeCacheSize=
#   JVM is running with Unscaled Compressed Oops mode in which the Java heap is
#     placed in the first 4GB address space. The Java Heap base address is the
#     maximum limit for the native heap growth. Please use -XX:HeapBaseMinAddress
#     to set the Java Heap base and to place the Java Heap above 4GB virtual address.
# This output file may be truncated or incomplete.
#
#  Out of Memory Error (allocation.cpp:44), pid=1564, tid=18028
#
# JRE version: OpenJDK Runtime Environment Temurin-21.0.8+9 (21.0.8+9) (build 21.0.8+9-LTS)
# Java VM: OpenJDK 64-Bit Server VM Temurin-21.0.8+9 (21.0.8+9-LTS, mixed mode, sharing, tiered, compressed oops, compressed class ptrs, parallel gc, windows-amd64)
# No core dump will be written. Minidumps are not enabled by default on client versions of Windows
#

---------------  S U M M A R Y ------------

Command Line: --add-modules=ALL-SYSTEM --add-opens=java.base/java.util=ALL-UNNAMED --add-opens=java.base/java.lang=ALL-UNNAMED --add-opens=java.base/sun.nio.fs=ALL-UNNAMED -Declipse.application=org.eclipse.jdt.ls.core.id1 -Dosgi.bundles.defaultStartLevel=4 -Declipse.product=org.eclipse.jdt.ls.core.product -Djava.import.generatesMetadataFilesAtProjectRoot=false -DDetectVMInstallationsJob.disabled=true -Dfile.encoding=utf8 -XX:+UseParallelGC -XX:GCTimeRatio=4 -XX:AdaptiveSizePolicyWeight=90 -Dsun.zip.disableMemoryMapping=true -Xmx2G -Xms100m -Xlog:disable -javaagent:c:\Users\User\.vscode\extensions\redhat.java-1.46.0-win32-x64\lombok\lombok-1.18.39-4050.jar -XX:+HeapDumpOnOutOfMemoryError -XX:HeapDumpPath=c:\Users\User\AppData\Roaming\Code\User\workspaceStorage\21c9f70c9e79e474f9d80e2caf38d8ea\redhat.java -Daether.dependencyCollector.impl=bf c:\Users\User\.vscode\extensions\redhat.java-1.46.0-win32-x64\server\plugins\org.eclipse.equinox.launcher_1.7.0.v20250519-0528.jar -configuration c:\Users\User\AppData\Roaming\Code\User\globalStorage\redhat.java\1.46.0\config_win -data c:\Users\User\AppData\Roaming\Code\User\workspaceStorage\21c9f70c9e79e474f9d80e2caf38d8ea\redhat.java\jdt_ws --pipe=\\.\pipe\lsp-111c7a1a4348575b24e224d1d185591c-sock

Host: Intel(R) Core(TM) i5-10500H CPU @ 2.50GHz, 12 cores, 7G,  Windows 11 , 64 bit Build 26100 (10.0.26100.6725)
Time: Wed Oct  8 17:15:31 2025 Egypt Summer Time elapsed time: 2050.452020 seconds (0d 0h 34m 10s)

---------------  T H R E A D  ---------------

Current thread (0x0000017fdbfd8340):  JavaThread "Attach Listener" daemon [_thread_in_vm, id=18028, stack(0x000000034d000000,0x000000034d100000) (1024K)]

Stack: [0x000000034d000000,0x000000034d100000]
Native frames: (J=compiled Java code, j=interpreted, Vv=VM code, C=native code)
V  [jvm.dll+0x6d2449]
V  [jvm.dll+0x8ae341]
V  [jvm.dll+0x8b08be]
V  [jvm.dll+0x8b0fa3]
V  [jvm.dll+0x280c96]
V  [jvm.dll+0xc0347]
V  [jvm.dll+0x6d2cf9]
V  [jvm.dll+0x131116]
V  [jvm.dll+0x3f2d16]
V  [jvm.dll+0x857e6b]
V  [jvm.dll+0x6d0b0d]
C  [ucrtbase.dll+0x37b0]
C  [KERNEL32.DLL+0x2e8d7]
C  [ntdll.dll+0x8c53c]


---------------  P R O C E S S  ---------------

Threads class SMR info:
_java_thread_list=0x0000017ffd128a70, length=53, elements={
0x0000017fdbf329c0, 0x0000017fdbedd8e0, 0x0000017fdbede7e0, 0x0000017fdbfd76f0,
0x0000017fdbfd8340, 0x0000017fdbfda620, 0x0000017fdbfdd080, 0x0000017fdbfe2980,
0x0000017ff3c35500, 0x0000017fdbf9e670, 0x0000017ff3f66d70, 0x0000017ff97ecea0,
0x0000017ff9a1b390, 0x0000017ff9b472a0, 0x0000017ff9b47cd0, 0x0000017ff9f94360,
0x0000017ff9f93cd0, 0x0000017ff9ec5c30, 0x0000017ff9e4fdf0, 0x0000017ff9f9f810,
0x0000017ff9f9d740, 0x0000017ff9f9ddd0, 0x0000017ff9f9e460, 0x0000017ff9f9eaf0,
0x0000017ffc6d1430, 0x0000017ffc6d1ac0, 0x0000017ffc6d2150, 0x0000017ffc6d27e0,
0x0000017ffc6d0da0, 0x0000017ffc6d2e70, 0x0000017ffc6d3500, 0x0000017ffc6d3b90,
0x0000017ffc6d0710, 0x0000017ffc6d5c60, 0x0000017ffc6d7010, 0x0000017ffc6d76a0,
0x0000017ffd138aa0, 0x0000017ffc950350, 0x0000017ffc951700, 0x0000017ffc954b80,
0x0000017ffc953140, 0x0000017ffd135cb0, 0x0000017ffd132830, 0x0000017ffd136340,
0x0000017ffd1376f0, 0x0000017ffd138410, 0x0000017ffd139130, 0x0000017ffd1397c0,
0x0000017ffc94dbf0, 0x0000017ffc94e910, 0x0000017ffc952420, 0x0000017ffc94efa0,
0x0000017ffc952ab0
}

Java Threads: ( => current thread )
  0x0000017fdbf329c0 JavaThread "main"                              [_thread_blocked, id=8728, stack(0x000000034c900000,0x000000034ca00000) (1024K)]
  0x0000017fdbedd8e0 JavaThread "Reference Handler"          daemon [_thread_blocked, id=17952, stack(0x000000034cd00000,0x000000034ce00000) (1024K)]
  0x0000017fdbede7e0 JavaThread "Finalizer"                  daemon [_thread_blocked, id=11268, stack(0x000000034ce00000,0x000000034cf00000) (1024K)]
  0x0000017fdbfd76f0 JavaThread "Signal Dispatcher"          daemon [_thread_blocked, id=9176, stack(0x000000034cf00000,0x000000034d000000) (1024K)]
=>0x0000017fdbfd8340 JavaThread "Attach Listener"            daemon [_thread_in_vm, id=18028, stack(0x000000034d000000,0x000000034d100000) (1024K)]
  0x0000017fdbfda620 JavaThread "Service Thread"             daemon [_thread_blocked, id=3748, stack(0x000000034d100000,0x000000034d200000) (1024K)]
  0x0000017fdbfdd080 JavaThread "Monitor Deflation Thread"   daemon [_thread_blocked, id=18852, stack(0x000000034d200000,0x000000034d300000) (1024K)]
  0x0000017fdbfe2980 JavaThread "C2 CompilerThread0"         daemon [_thread_blocked, id=6796, stack(0x000000034d300000,0x000000034d400000) (1024K)]
  0x0000017ff3c35500 JavaThread "C1 CompilerThread0"         daemon [_thread_blocked, id=5604, stack(0x000000034d400000,0x000000034d500000) (1024K)]
  0x0000017fdbf9e670 JavaThread "Common-Cleaner"             daemon [_thread_blocked, id=2780, stack(0x000000034d500000,0x000000034d600000) (1024K)]
  0x0000017ff3f66d70 JavaThread "Notification Thread"        daemon [_thread_blocked, id=13160, stack(0x000000034d700000,0x000000034d800000) (1024K)]
  0x0000017ff97ecea0 JavaThread "Active Thread: Equinox Container: 292926ba-72d4-4e60-b549-5378cb97b101"        [_thread_blocked, id=5276, stack(0x000000034df00000,0x000000034e000000) (1024K)]
  0x0000017ff9a1b390 JavaThread "Refresh Thread: Equinox Container: 292926ba-72d4-4e60-b549-5378cb97b101" daemon [_thread_blocked, id=2752, stack(0x000000034e100000,0x000000034e200000) (1024K)]
  0x0000017ff9b472a0 JavaThread "Framework Event Dispatcher: Equinox Container: 292926ba-72d4-4e60-b549-5378cb97b101" daemon [_thread_blocked, id=12400, stack(0x000000034e200000,0x000000034e300000) (1024K)]
  0x0000017ff9b47cd0 JavaThread "Start Level: Equinox Container: 292926ba-72d4-4e60-b549-5378cb97b101" daemon [_thread_blocked, id=10652, stack(0x000000034e300000,0x000000034e400000) (1024K)]
  0x0000017ff9f94360 JavaThread "Bundle File Closer"         daemon [_thread_blocked, id=14436, stack(0x000000034e600000,0x000000034e700000) (1024K)]
  0x0000017ff9f93cd0 JavaThread "SCR Component Actor"        daemon [_thread_blocked, id=14012, stack(0x000000034e700000,0x000000034e800000) (1024K)]
  0x0000017ff9ec5c30 JavaThread "Worker-JM"                         [_thread_blocked, id=11868, stack(0x000000034e800000,0x000000034e900000) (1024K)]
  0x0000017ff9e4fdf0 JavaThread "JNA Cleaner"                daemon [_thread_blocked, id=1928, stack(0x000000034e900000,0x000000034ea00000) (1024K)]
  0x0000017ff9f9f810 JavaThread "Java indexing"              daemon [_thread_blocked, id=2000, stack(0x000000034ec00000,0x000000034ed00000) (1024K)]
  0x0000017ff9f9d740 JavaThread "Thread-1"                   daemon [_thread_in_native, id=8160, stack(0x000000034f200000,0x000000034f300000) (1024K)]
  0x0000017ff9f9ddd0 JavaThread "Thread-2"                   daemon [_thread_in_native, id=11208, stack(0x000000034f300000,0x000000034f400000) (1024K)]
  0x0000017ff9f9e460 JavaThread "Thread-3"                   daemon [_thread_in_native, id=6960, stack(0x000000034f400000,0x000000034f500000) (1024K)]
  0x0000017ff9f9eaf0 JavaThread "Thread-4"                   daemon [_thread_in_native, id=16268, stack(0x000000034f500000,0x000000034f600000) (1024K)]
  0x0000017ffc6d1430 JavaThread "Thread-5"                   daemon [_thread_in_native, id=5080, stack(0x000000034f600000,0x000000034f700000) (1024K)]
  0x0000017ffc6d1ac0 JavaThread "Thread-6"                   daemon [_thread_in_native, id=13172, stack(0x000000034f700000,0x000000034f800000) (1024K)]
  0x0000017ffc6d2150 JavaThread "Thread-7"                   daemon [_thread_in_native, id=3828, stack(0x000000034f800000,0x000000034f900000) (1024K)]
  0x0000017ffc6d27e0 JavaThread "Thread-8"                   daemon [_thread_in_native, id=15184, stack(0x000000034f900000,0x000000034fa00000) (1024K)]
  0x0000017ffc6d0da0 JavaThread "Thread-9"                   daemon [_thread_in_native, id=3956, stack(0x000000034fa00000,0x000000034fb00000) (1024K)]
  0x0000017ffc6d2e70 JavaThread "Thread-10"                  daemon [_thread_in_native, id=10340, stack(0x000000034fb00000,0x000000034fc00000) (1024K)]
  0x0000017ffc6d3500 JavaThread "Thread-11"                  daemon [_thread_in_native, id=11600, stack(0x000000034fc00000,0x000000034fd00000) (1024K)]
  0x0000017ffc6d3b90 JavaThread "Thread-12"                  daemon [_thread_in_native, id=8956, stack(0x000000034fd00000,0x000000034fe00000) (1024K)]
  0x0000017ffc6d0710 JavaThread "Thread-13"                  daemon [_thread_in_native, id=5108, stack(0x000000034fe00000,0x000000034ff00000) (1024K)]
  0x0000017ffc6d5c60 JavaThread "pool-2-thread-1"                   [_thread_blocked, id=18956, stack(0x000000034ff00000,0x0000000350000000) (1024K)]
  0x0000017ffc6d7010 JavaThread "WorkspaceEventsHandler"            [_thread_blocked, id=15796, stack(0x0000000350000000,0x0000000350100000) (1024K)]
  0x0000017ffc6d76a0 JavaThread "pool-1-thread-1"                   [_thread_blocked, id=18068, stack(0x0000000350100000,0x0000000350200000) (1024K)]
  0x0000017ffd138aa0 JavaThread "Cleaner-0"                  daemon [_thread_blocked, id=1996, stack(0x000000034ee00000,0x000000034ef00000) (1024K)]
  0x0000017ffc950350 JavaThread "Worker-8"                          [_thread_blocked, id=5992, stack(0x000000034d800000,0x000000034d900000) (1024K)]
  0x0000017ffc951700 JavaThread "Worker-9"                          [_thread_blocked, id=18508, stack(0x000000034c600000,0x000000034c700000) (1024K)]
  0x0000017ffc954b80 JavaThread "Compiler Source File Reader" daemon [_thread_blocked, id=13476, stack(0x000000034f100000,0x000000034f200000) (1024K)]
  0x0000017ffc953140 JavaThread "Compiler Source File Reader" daemon [_thread_blocked, id=13000, stack(0x0000000350300000,0x0000000350400000) (1024K)]
  0x0000017ffd135cb0 JavaThread "ForkJoinPool.commonPool-worker-20" daemon [_thread_blocked, id=19416, stack(0x000000034c700000,0x000000034c800000) (1024K)]
  0x0000017ffd132830 JavaThread "Compiler Source File Reader" daemon [_thread_blocked, id=4032, stack(0x000000034ea00000,0x000000034eb00000) (1024K)]
  0x0000017ffd136340 JavaThread "Compiler Source File Reader" daemon [_thread_blocked, id=7256, stack(0x0000000350200000,0x0000000350300000) (1024K)]
  0x0000017ffd1376f0 JavaThread "Compiler Source File Reader" daemon [_thread_blocked, id=18408, stack(0x000000034c800000,0x000000034c900000) (1024K)]
  0x0000017ffd138410 JavaThread "Compiler Source File Reader" daemon [_thread_blocked, id=18672, stack(0x000000034ed00000,0x000000034ee00000) (1024K)]
  0x0000017ffd139130 JavaThread "Compiler Source File Reader" daemon [_thread_blocked, id=18204, stack(0x000000034f000000,0x000000034f100000) (1024K)]
  0x0000017ffd1397c0 JavaThread "Compiler Source File Reader" daemon [_thread_blocked, id=6772, stack(0x0000000350500000,0x0000000350600000) (1024K)]
  0x0000017ffc94dbf0 JavaThread "Compiler Source File Reader" daemon [_thread_blocked, id=11204, stack(0x0000000350600000,0x0000000350700000) (1024K)]
  0x0000017ffc94e910 JavaThread "ForkJoinPool.commonPool-worker-21" daemon [_thread_blocked, id=6684, stack(0x000000034d600000,0x000000034d700000) (1024K)]
  0x0000017ffc952420 JavaThread "ForkJoinPool.commonPool-worker-22" daemon [_thread_blocked, id=6524, stack(0x000000034eb00000,0x000000034ec00000) (1024K)]
  0x0000017ffc94efa0 JavaThread "Compiler Source File Reader" daemon [_thread_blocked, id=13884, stack(0x000000034ef00000,0x000000034f000000) (1024K)]
  0x0000017ffc952ab0 JavaThread "Compiler Processing Task"   daemon [_thread_blocked, id=2588, stack(0x0000000350400000,0x0000000350500000) (1024K)]
Total: 53

Other Threads:
  0x0000017fd9b20a50 VMThread "VM Thread"                           [id=3732, stack(0x000000034cc00000,0x000000034cd00000) (1024K)]
  0x0000017fdbdbca10 WatcherThread "VM Periodic Task Thread"        [id=10320, stack(0x000000034cb00000,0x000000034cc00000) (1024K)]
  0x0000017fd9b1fbd0 WorkerThread "GC Thread#0"                     [id=2520, stack(0x000000034ca00000,0x000000034cb00000) (1024K)]
  0x0000017fd9b20df0 WorkerThread "GC Thread#1"                     [id=10736, stack(0x000000034d900000,0x000000034da00000) (1024K)]
  0x0000017fd9b1f490 WorkerThread "GC Thread#2"                     [id=3220, stack(0x000000034da00000,0x000000034db00000) (1024K)]
  0x0000017ff902b360 WorkerThread "GC Thread#3"                     [id=4188, stack(0x000000034db00000,0x000000034dc00000) (1024K)]
  0x0000017ff9029660 WorkerThread "GC Thread#4"                     [id=16088, stack(0x000000034dc00000,0x000000034dd00000) (1024K)]
  0x0000017ff902b700 WorkerThread "GC Thread#5"                     [id=11144, stack(0x000000034dd00000,0x000000034de00000) (1024K)]
  0x0000017ff902c580 WorkerThread "GC Thread#6"                     [id=10764, stack(0x000000034de00000,0x000000034df00000) (1024K)]
  0x0000017ff902baa0 WorkerThread "GC Thread#7"                     [id=10476, stack(0x000000034e000000,0x000000034e100000) (1024K)]
  0x0000017ff902be40 WorkerThread "GC Thread#8"                     [id=11740, stack(0x000000034e400000,0x000000034e500000) (1024K)]
  0x0000017ff902c920 WorkerThread "GC Thread#9"                     [id=5484, stack(0x000000034e500000,0x000000034e600000) (1024K)]
Total: 12

Threads with active compile tasks:
Total: 0

VM state: not at safepoint (normal execution)

VM Mutex/Monitor currently owned by a thread: None

Heap address: 0x0000000080000000, size: 2048 MB, Compressed Oops mode: 32-bit

CDS archive(s) mapped at: [0x0000017f80000000-0x0000017f80ba0000-0x0000017f80ba0000), size 12189696, SharedBaseAddress: 0x0000017f80000000, ArchiveRelocationMode: 1.
Compressed class space mapped at: 0x0000017f81000000-0x0000017fc1000000, reserved size: 1073741824
Narrow klass base: 0x0000017f80000000, Narrow klass shift: 0, Narrow klass range: 0x100000000

GC Precious Log:
 CardTable entry size: 512
 CPUs: 12 total, 12 available
 Memory: 7967M
 Large Page Support: Disabled
 NUMA Support: Disabled
 Compressed Oops: Enabled (32-bit)
 Alignments: Space 512K, Generation 512K, Heap 2M
 Heap Min Capacity: 100M
 Heap Initial Capacity: 100M
 Heap Max Capacity: 2G
 Pre-touch: Disabled
 Parallel Workers: 10

Heap:
 PSYoungGen      total 2048K, used 1476K [0x00000000d5580000, 0x00000000d5c00000, 0x0000000100000000)
  eden space 1536K, 64% used [0x00000000d5580000,0x00000000d5679230,0x00000000d5700000)
  from space 512K, 93% used [0x00000000d5700000,0x00000000d5778000,0x00000000d5780000)
  to   space 2048K, 0% used [0x00000000d5a00000,0x00000000d5a00000,0x00000000d5c00000)
 ParOldGen       total 1177088K, used 1177034K [0x0000000080000000, 0x00000000c7d80000, 0x00000000d5580000)
  object space 1177088K, 99% used [0x0000000080000000,0x00000000c7d72880,0x00000000c7d80000)
 Metaspace       used 75261K, committed 76992K, reserved 1179648K
  class space    used 7682K, committed 8448K, reserved 1048576K

Card table byte_map: [0x0000017fdb8d0000,0x0000017fdbce0000] _byte_map_base: 0x0000017fdb4d0000

Marking Bits: (ParMarkBitMap*) 0x00007ffcde34a340
 Begin Bits: [0x0000017fee3d0000, 0x0000017ff03d0000)
 End Bits:   [0x0000017ff03d0000, 0x0000017ff23d0000)

Polling page: 0x0000017fd9dc0000

Metaspace:

Usage:
  Non-class:     66.00 MB used.
      Class:      7.50 MB used.
       Both:     73.50 MB used.

Virtual space:
  Non-class space:      128.00 MB reserved,      66.94 MB ( 52%) committed,  2 nodes.
      Class space:        1.00 GB reserved,       8.25 MB ( <1%) committed,  1 nodes.
             Both:        1.12 GB reserved,      75.19 MB (  7%) committed. 

Chunk freelists:
   Non-Class:  13.05 MB
       Class:  7.72 MB
        Both:  20.76 MB

MaxMetaspaceSize: unlimited
CompressedClassSpaceSize: 1.00 GB
Initial GC threshold: 21.00 MB
Current GC threshold: 97.31 MB
CDS: on
 - commit_granule_bytes: 65536.
 - commit_granule_words: 8192.
 - virtual_space_node_default_size: 8388608.
 - enlarge_chunks_in_place: 1.
 - use_allocation_guard: 0.


Internal statistics:

num_allocs_failed_limit: 9.
num_arena_births: 1476.
num_arena_deaths: 22.
num_vsnodes_births: 3.
num_vsnodes_deaths: 0.
num_space_committed: 1203.
num_space_uncommitted: 0.
num_chunks_returned_to_freelist: 34.
num_chunks_taken_from_freelist: 5129.
num_chunk_merges: 17.
num_chunk_splits: 3135.
num_chunks_enlarged: 1779.
num_inconsistent_stats: 0.

CodeHeap 'non-profiled nmethods': size=120000Kb used=13797Kb max_used=13797Kb free=106202Kb
 bounds [0x0000017fe6bf0000, 0x0000017fe7970000, 0x0000017fee120000]
CodeHeap 'profiled nmethods': size=120000Kb used=38034Kb max_used=38034Kb free=81965Kb
 bounds [0x0000017fdf120000, 0x0000017fe1650000, 0x0000017fe6650000]
CodeHeap 'non-nmethods': size=5760Kb used=1475Kb max_used=1571Kb free=4284Kb
 bounds [0x0000017fe6650000, 0x0000017fe68c0000, 0x0000017fe6bf0000]
CodeCache: size=245760Kb, used=53306Kb, max_used=53402Kb, free=192451Kb
 total_blobs=16335, nmethods=15538, adapters=698, full_count=0
Compilation: enabled, stopped_count=0, restarted_count=0

Compilation events (20 events):
Event: 2015.145 Thread 0x0000017ff3c35500 16285       3       org.eclipse.jdt.internal.compiler.lookup.TypeSystem::getRawType (279 bytes)
Event: 2015.145 Thread 0x0000017ff3c35500 nmethod 16285 0x0000017fe1642290 code [0x0000017fe16425a0, 0x0000017fe1643e68]
Event: 2015.146 Thread 0x0000017ff3c35500 16287  s    3       org.eclipse.jdt.internal.core.search.processing.JobManager::awaitingJobsCount (21 bytes)
Event: 2015.146 Thread 0x0000017ff3c35500 nmethod 16287 0x0000017fe1644610 code [0x0000017fe16447c0, 0x0000017fe1644aa8]
Event: 2015.146 Thread 0x0000017ff3c35500 16286       1       org.eclipse.jdt.internal.compiler.ast.LambdaExpression::argumentTypes (5 bytes)
Event: 2015.146 Thread 0x0000017ff3c35500 nmethod 16286 0x0000017fe7957890 code [0x0000017fe7957a20, 0x0000017fe7957ae8]
Event: 2015.149 Thread 0x0000017ffba6c280 nmethod 16223 0x0000017fe7957b90 code [0x0000017fe79580e0, 0x0000017fe795b768]
Event: 2015.150 Thread 0x0000017ffba6c280 16282       4       org.eclipse.jdt.internal.compiler.lookup.Scope::enclosingSourceType (31 bytes)
Event: 2015.151 Thread 0x0000017ffba6c280 nmethod 16282 0x0000017fe795ea10 code [0x0000017fe795eba0, 0x0000017fe795ecc0]
Event: 2015.151 Thread 0x0000017ffba6c280 16263       4       java.util.StringTokenizer::hasMoreTokens (29 bytes)
Event: 2015.155 Thread 0x0000017ffba6c280 nmethod 16263 0x0000017fe795ee10 code [0x0000017fe795efe0, 0x0000017fe795f440]
Event: 2015.155 Thread 0x0000017ffba6c280 16280       4       java.util.Collections$UnmodifiableCollection::stream (10 bytes)
Event: 2015.155 Thread 0x0000017fdbfe2980 nmethod 16264 0x0000017fe795f810 code [0x0000017fe795fb80, 0x0000017fe7960f70]
Event: 2015.155 Thread 0x0000017fdbfe2980 16237       4       java.util.WeakHashMap::isEmpty (13 bytes)
Event: 2015.156 Thread 0x0000017fdbfe2980 nmethod 16237 0x0000017fe7962190 code [0x0000017fe7962320, 0x0000017fe79623f0]
Event: 2015.156 Thread 0x0000017fdbfe2980 16224       4       org.eclipse.jdt.internal.compiler.lookup.BinaryTypeBinding$ExternalAnnotationStatus::isPotentiallyUnannotatedLib (44 bytes)
Event: 2015.157 Thread 0x0000017fdbfe2980 nmethod 16224 0x0000017fe7962490 code [0x0000017fe7962620, 0x0000017fe7962720]
Event: 2015.157 Thread 0x0000017ffba6c280 nmethod 16280 0x0000017fe7962810 code [0x0000017fe79629c0, 0x0000017fe7962ba8]
Event: 2015.524 Thread 0x0000017ffba6c280 16288   !   4       org.eclipse.jdt.internal.core.JavaProject::getOptions (362 bytes)
Event: 2015.599 Thread 0x0000017ffba6c280 nmethod 16288 0x0000017fe7962d90 code [0x0000017fe79632c0, 0x0000017fe7966f18]

GC Heap History (20 events):
Event: 2014.960 GC heap before
{Heap before GC invocations=445 (full 3):
 PSYoungGen      total 3584K, used 3558K [0x00000000d5580000, 0x00000000d5c00000, 0x0000000100000000)
  eden space 2560K, 100% used [0x00000000d5580000,0x00000000d5800000,0x00000000d5800000)
  from space 1024K, 97% used [0x00000000d5880000,0x00000000d5979920,0x00000000d5980000)
  to   space 2048K, 0% used [0x00000000d5a00000,0x00000000d5a00000,0x00000000d5c00000)
 ParOldGen       total 1161728K, used 1160714K [0x0000000080000000, 0x00000000c6e80000, 0x00000000d5580000)
  object space 1161728K, 99% used [0x0000000080000000,0x00000000c6d82848,0x00000000c6e80000)
 Metaspace       used 75249K, committed 76992K, reserved 1179648K
  class space    used 7682K, committed 8448K, reserved 1048576K
}
Event: 2014.965 GC heap after
{Heap after GC invocations=445 (full 3):
 PSYoungGen      total 3072K, used 2048K [0x00000000d5580000, 0x00000000d5f80000, 0x0000000100000000)
  eden space 1024K, 0% used [0x00000000d5580000,0x00000000d5580000,0x00000000d5680000)
  from space 2048K, 100% used [0x00000000d5a00000,0x00000000d5c00000,0x00000000d5c00000)
  to   space 3584K, 0% used [0x00000000d5680000,0x00000000d5680000,0x00000000d5a00000)
 ParOldGen       total 1162240K, used 1161760K [0x0000000080000000, 0x00000000c6f00000, 0x00000000d5580000)
  object space 1162240K, 99% used [0x0000000080000000,0x00000000c6e88168,0x00000000c6f00000)
 Metaspace       used 75249K, committed 76992K, reserved 1179648K
  class space    used 7682K, committed 8448K, reserved 1048576K
}
Event: 2014.968 GC heap before
{Heap before GC invocations=446 (full 3):
 PSYoungGen      total 3072K, used 3072K [0x00000000d5580000, 0x00000000d5f80000, 0x0000000100000000)
  eden space 1024K, 100% used [0x00000000d5580000,0x00000000d5680000,0x00000000d5680000)
  from space 2048K, 100% used [0x00000000d5a00000,0x00000000d5c00000,0x00000000d5c00000)
  to   space 3584K, 0% used [0x00000000d5680000,0x00000000d5680000,0x00000000d5a00000)
 ParOldGen       total 1162240K, used 1161760K [0x0000000080000000, 0x00000000c6f00000, 0x00000000d5580000)
  object space 1162240K, 99% used [0x0000000080000000,0x00000000c6e88168,0x00000000c6f00000)
 Metaspace       used 75249K, committed 76992K, reserved 1179648K
  class space    used 7682K, committed 8448K, reserved 1048576K
}
Event: 2014.974 GC heap after
{Heap after GC invocations=446 (full 3):
 PSYoungGen      total 2560K, used 1120K [0x00000000d5580000, 0x00000000d5b00000, 0x0000000100000000)
  eden space 1024K, 0% used [0x00000000d5580000,0x00000000d5580000,0x00000000d5680000)
  from space 1536K, 72% used [0x00000000d5680000,0x00000000d5798000,0x00000000d5800000)
  to   space 2048K, 0% used [0x00000000d5900000,0x00000000d5900000,0x00000000d5b00000)
 ParOldGen       total 1164288K, used 1163792K [0x0000000080000000, 0x00000000c7100000, 0x00000000d5580000)
  object space 1164288K, 99% used [0x0000000080000000,0x00000000c7084168,0x00000000c7100000)
 Metaspace       used 75249K, committed 76992K, reserved 1179648K
  class space    used 7682K, committed 8448K, reserved 1048576K
}
Event: 2014.978 GC heap before
{Heap before GC invocations=447 (full 3):
 PSYoungGen      total 2560K, used 2144K [0x00000000d5580000, 0x00000000d5b00000, 0x0000000100000000)
  eden space 1024K, 100% used [0x00000000d5580000,0x00000000d5680000,0x00000000d5680000)
  from space 1536K, 72% used [0x00000000d5680000,0x00000000d5798000,0x00000000d5800000)
  to   space 2048K, 0% used [0x00000000d5900000,0x00000000d5900000,0x00000000d5b00000)
 ParOldGen       total 1164288K, used 1163792K [0x0000000080000000, 0x00000000c7100000, 0x00000000d5580000)
  object space 1164288K, 99% used [0x0000000080000000,0x00000000c7084168,0x00000000c7100000)
 Metaspace       used 75249K, committed 76992K, reserved 1179648K
  class space    used 7682K, committed 8448K, reserved 1048576K
}
Event: 2014.983 GC heap after
{Heap after GC invocations=447 (full 3):
 PSYoungGen      total 3072K, used 1056K [0x00000000d5580000, 0x00000000d5a80000, 0x0000000100000000)
  eden space 1536K, 0% used [0x00000000d5580000,0x00000000d5580000,0x00000000d5700000)
  from space 1536K, 68% used [0x00000000d5900000,0x00000000d5a08000,0x00000000d5a80000)
  to   space 1536K, 0% used [0x00000000d5780000,0x00000000d5780000,0x00000000d5900000)
 ParOldGen       total 1164800K, used 1164776K [0x0000000080000000, 0x00000000c7180000, 0x00000000d5580000)
  object space 1164800K, 99% used [0x0000000080000000,0x00000000c717a168,0x00000000c7180000)
 Metaspace       used 75249K, committed 76992K, reserved 1179648K
  class space    used 7682K, committed 8448K, reserved 1048576K
}
Event: 2014.989 GC heap before
{Heap before GC invocations=448 (full 3):
 PSYoungGen      total 3072K, used 2592K [0x00000000d5580000, 0x00000000d5a80000, 0x0000000100000000)
  eden space 1536K, 100% used [0x00000000d5580000,0x00000000d5700000,0x00000000d5700000)
  from space 1536K, 68% used [0x00000000d5900000,0x00000000d5a08000,0x00000000d5a80000)
  to   space 1536K, 0% used [0x00000000d5780000,0x00000000d5780000,0x00000000d5900000)
 ParOldGen       total 1164800K, used 1164776K [0x0000000080000000, 0x00000000c7180000, 0x00000000d5580000)
  object space 1164800K, 99% used [0x0000000080000000,0x00000000c717a168,0x00000000c7180000)
 Metaspace       used 75249K, committed 76992K, reserved 1179648K
  class space    used 7682K, committed 8448K, reserved 1048576K
}
Event: 2014.993 GC heap after
{Heap after GC invocations=448 (full 3):
 PSYoungGen      total 3584K, used 1536K [0x00000000d5580000, 0x00000000d5d80000, 0x0000000100000000)
  eden space 2048K, 0% used [0x00000000d5580000,0x00000000d5580000,0x00000000d5780000)
  from space 1536K, 100% used [0x00000000d5780000,0x00000000d5900000,0x00000000d5900000)
  to   space 3072K, 0% used [0x00000000d5a80000,0x00000000d5a80000,0x00000000d5d80000)
 ParOldGen       total 1165824K, used 1165784K [0x0000000080000000, 0x00000000c7280000, 0x00000000d5580000)
  object space 1165824K, 99% used [0x0000000080000000,0x00000000c7276168,0x00000000c7280000)
 Metaspace       used 75249K, committed 76992K, reserved 1179648K
  class space    used 7682K, committed 8448K, reserved 1048576K
}
Event: 2015.002 GC heap before
{Heap before GC invocations=449 (full 3):
 PSYoungGen      total 3584K, used 3584K [0x00000000d5580000, 0x00000000d5d80000, 0x0000000100000000)
  eden space 2048K, 100% used [0x00000000d5580000,0x00000000d5780000,0x00000000d5780000)
  from space 1536K, 100% used [0x00000000d5780000,0x00000000d5900000,0x00000000d5900000)
  to   space 3072K, 0% used [0x00000000d5a80000,0x00000000d5a80000,0x00000000d5d80000)
 ParOldGen       total 1165824K, used 1165784K [0x0000000080000000, 0x00000000c7280000, 0x00000000d5580000)
  object space 1165824K, 99% used [0x0000000080000000,0x00000000c7276168,0x00000000c7280000)
 Metaspace       used 75249K, committed 76992K, reserved 1179648K
  class space    used 7682K, committed 8448K, reserved 1048576K
}
Event: 2015.007 GC heap after
{Heap after GC invocations=449 (full 3):
 PSYoungGen      total 4608K, used 1704K [0x00000000d5580000, 0x00000000d5c80000, 0x0000000100000000)
  eden space 2560K, 0% used [0x00000000d5580000,0x00000000d5580000,0x00000000d5800000)
  from space 2048K, 83% used [0x00000000d5a80000,0x00000000d5c2a000,0x00000000d5c80000)
  to   space 2048K, 0% used [0x00000000d5880000,0x00000000d5880000,0x00000000d5a80000)
 ParOldGen       total 1167360K, used 1167296K [0x0000000080000000, 0x00000000c7400000, 0x00000000d5580000)
  object space 1167360K, 99% used [0x0000000080000000,0x00000000c73f0168,0x00000000c7400000)
 Metaspace       used 75249K, committed 76992K, reserved 1179648K
  class space    used 7682K, committed 8448K, reserved 1048576K
}
Event: 2015.068 GC heap before
{Heap before GC invocations=450 (full 3):
 PSYoungGen      total 4608K, used 4264K [0x00000000d5580000, 0x00000000d5c80000, 0x0000000100000000)
  eden space 2560K, 100% used [0x00000000d5580000,0x00000000d5800000,0x00000000d5800000)
  from space 2048K, 83% used [0x00000000d5a80000,0x00000000d5c2a000,0x00000000d5c80000)
  to   space 2048K, 0% used [0x00000000d5880000,0x00000000d5880000,0x00000000d5a80000)
 ParOldGen       total 1167360K, used 1167296K [0x0000000080000000, 0x00000000c7400000, 0x00000000d5580000)
  object space 1167360K, 99% used [0x0000000080000000,0x00000000c73f0168,0x00000000c7400000)
 Metaspace       used 75251K, committed 76992K, reserved 1179648K
  class space    used 7682K, committed 8448K, reserved 1048576K
}
Event: 2015.075 GC heap after
{Heap after GC invocations=450 (full 3):
 PSYoungGen      total 5120K, used 1760K [0x00000000d5580000, 0x00000000d5c80000, 0x0000000100000000)
  eden space 3072K, 0% used [0x00000000d5580000,0x00000000d5580000,0x00000000d5880000)
  from space 2048K, 85% used [0x00000000d5880000,0x00000000d5a38000,0x00000000d5a80000)
  to   space 2048K, 0% used [0x00000000d5a80000,0x00000000d5a80000,0x00000000d5c80000)
 ParOldGen       total 1168896K, used 1168720K [0x0000000080000000, 0x00000000c7580000, 0x00000000d5580000)
  object space 1168896K, 99% used [0x0000000080000000,0x00000000c7554168,0x00000000c7580000)
 Metaspace       used 75251K, committed 76992K, reserved 1179648K
  class space    used 7682K, committed 8448K, reserved 1048576K
}
Event: 2015.087 GC heap before
{Heap before GC invocations=451 (full 3):
 PSYoungGen      total 5120K, used 4685K [0x00000000d5580000, 0x00000000d5c80000, 0x0000000100000000)
  eden space 3072K, 95% used [0x00000000d5580000,0x00000000d585b768,0x00000000d5880000)
  from space 2048K, 85% used [0x00000000d5880000,0x00000000d5a38000,0x00000000d5a80000)
  to   space 2048K, 0% used [0x00000000d5a80000,0x00000000d5a80000,0x00000000d5c80000)
 ParOldGen       total 1168896K, used 1168720K [0x0000000080000000, 0x00000000c7580000, 0x00000000d5580000)
  object space 1168896K, 99% used [0x0000000080000000,0x00000000c7554168,0x00000000c7580000)
 Metaspace       used 75253K, committed 76992K, reserved 1179648K
  class space    used 7682K, committed 8448K, reserved 1048576K
}
Event: 2015.091 GC heap after
{Heap after GC invocations=451 (full 3):
 PSYoungGen      total 5120K, used 1814K [0x00000000d5580000, 0x00000000d5d80000, 0x0000000100000000)
  eden space 3072K, 0% used [0x00000000d5580000,0x00000000d5580000,0x00000000d5880000)
  from space 2048K, 88% used [0x00000000d5a80000,0x00000000d5c45a70,0x00000000d5c80000)
  to   space 2048K, 0% used [0x00000000d5880000,0x00000000d5880000,0x00000000d5a80000)
 ParOldGen       total 1170432K, used 1170392K [0x0000000080000000, 0x00000000c7700000, 0x00000000d5580000)
  object space 1170432K, 99% used [0x0000000080000000,0x00000000c76f6168,0x00000000c7700000)
 Metaspace       used 75253K, committed 76992K, reserved 1179648K
  class space    used 7682K, committed 8448K, reserved 1048576K
}
Event: 2015.107 GC heap before
{Heap before GC invocations=452 (full 3):
 PSYoungGen      total 5120K, used 4885K [0x00000000d5580000, 0x00000000d5d80000, 0x0000000100000000)
  eden space 3072K, 99% used [0x00000000d5580000,0x00000000d587fc68,0x00000000d5880000)
  from space 2048K, 88% used [0x00000000d5a80000,0x00000000d5c45a70,0x00000000d5c80000)
  to   space 2048K, 0% used [0x00000000d5880000,0x00000000d5880000,0x00000000d5a80000)
 ParOldGen       total 1170432K, used 1170392K [0x0000000080000000, 0x00000000c7700000, 0x00000000d5580000)
  object space 1170432K, 99% used [0x0000000080000000,0x00000000c76f6168,0x00000000c7700000)
 Metaspace       used 75253K, committed 76992K, reserved 1179648K
  class space    used 7682K, committed 8448K, reserved 1048576K
}
Event: 2015.113 GC heap after
{Heap after GC invocations=452 (full 3):
 PSYoungGen      total 5120K, used 1923K [0x00000000d5580000, 0x00000000d5d80000, 0x0000000100000000)
  eden space 3072K, 0% used [0x00000000d5580000,0x00000000d5580000,0x00000000d5880000)
  from space 2048K, 93% used [0x00000000d5880000,0x00000000d5a60e88,0x00000000d5a80000)
  to   space 2048K, 0% used [0x00000000d5b80000,0x00000000d5b80000,0x00000000d5d80000)
 ParOldGen       total 1172992K, used 1172821K [0x0000000080000000, 0x00000000c7980000, 0x00000000d5580000)
  object space 1172992K, 99% used [0x0000000080000000,0x00000000c79554e8,0x00000000c7980000)
 Metaspace       used 75253K, committed 76992K, reserved 1179648K
  class space    used 7682K, committed 8448K, reserved 1048576K
}
Event: 2015.125 GC heap before
{Heap before GC invocations=453 (full 3):
 PSYoungGen      total 5120K, used 4995K [0x00000000d5580000, 0x00000000d5d80000, 0x0000000100000000)
  eden space 3072K, 100% used [0x00000000d5580000,0x00000000d5880000,0x00000000d5880000)
  from space 2048K, 93% used [0x00000000d5880000,0x00000000d5a60e88,0x00000000d5a80000)
  to   space 2048K, 0% used [0x00000000d5b80000,0x00000000d5b80000,0x00000000d5d80000)
 ParOldGen       total 1172992K, used 1172821K [0x0000000080000000, 0x00000000c7980000, 0x00000000d5580000)
  object space 1172992K, 99% used [0x0000000080000000,0x00000000c79554e8,0x00000000c7980000)
 Metaspace       used 75253K, committed 76992K, reserved 1179648K
  class space    used 7682K, committed 8448K, reserved 1048576K
}
Event: 2015.129 GC heap after
{Heap after GC invocations=453 (full 3):
 PSYoungGen      total 3584K, used 2027K [0x00000000d5580000, 0x00000000d6280000, 0x0000000100000000)
  eden space 1536K, 0% used [0x00000000d5580000,0x00000000d5580000,0x00000000d5700000)
  from space 2048K, 98% used [0x00000000d5b80000,0x00000000d5d7ac70,0x00000000d5d80000)
  to   space 4608K, 0% used [0x00000000d5700000,0x00000000d5700000,0x00000000d5b80000)
 ParOldGen       total 1175040K, used 1174967K [0x0000000080000000, 0x00000000c7b80000, 0x00000000d5580000)
  object space 1175040K, 99% used [0x0000000080000000,0x00000000c7b6dc68,0x00000000c7b80000)
 Metaspace       used 75253K, committed 76992K, reserved 1179648K
  class space    used 7682K, committed 8448K, reserved 1048576K
}
Event: 2015.137 GC heap before
{Heap before GC invocations=454 (full 3):
 PSYoungGen      total 3584K, used 3563K [0x00000000d5580000, 0x00000000d6280000, 0x0000000100000000)
  eden space 1536K, 100% used [0x00000000d5580000,0x00000000d5700000,0x00000000d5700000)
  from space 2048K, 98% used [0x00000000d5b80000,0x00000000d5d7ac70,0x00000000d5d80000)
  to   space 4608K, 0% used [0x00000000d5700000,0x00000000d5700000,0x00000000d5b80000)
 ParOldGen       total 1175040K, used 1174967K [0x0000000080000000, 0x00000000c7b80000, 0x00000000d5580000)
  object space 1175040K, 99% used [0x0000000080000000,0x00000000c7b6dc68,0x00000000c7b80000)
 Metaspace       used 75256K, committed 76992K, reserved 1179648K
  class space    used 7682K, committed 8448K, reserved 1048576K
}
Event: 2015.140 GC heap after
{Heap after GC invocations=454 (full 3):
 PSYoungGen      total 2048K, used 480K [0x00000000d5580000, 0x00000000d5c00000, 0x0000000100000000)
  eden space 1536K, 0% used [0x00000000d5580000,0x00000000d5580000,0x00000000d5700000)
  from space 512K, 93% used [0x00000000d5700000,0x00000000d5778000,0x00000000d5780000)
  to   space 2048K, 0% used [0x00000000d5a00000,0x00000000d5a00000,0x00000000d5c00000)
 ParOldGen       total 1177088K, used 1177034K [0x0000000080000000, 0x00000000c7d80000, 0x00000000d5580000)
  object space 1177088K, 99% used [0x0000000080000000,0x00000000c7d72880,0x00000000c7d80000)
 Metaspace       used 75256K, committed 76992K, reserved 1179648K
  class space    used 7682K, committed 8448K, reserved 1048576K
}

Dll operation events (10 events):
Event: 0.015 Loaded shared library c:\Users\User\.vscode\extensions\redhat.java-1.46.0-win32-x64\jre\21.0.8-win32-x86_64\bin\java.dll
Event: 0.055 Loaded shared library c:\Users\User\.vscode\extensions\redhat.java-1.46.0-win32-x64\jre\21.0.8-win32-x86_64\bin\zip.dll
Event: 0.147 Loaded shared library C:\Users\User\.vscode\extensions\redhat.java-1.46.0-win32-x64\jre\21.0.8-win32-x86_64\bin\instrument.dll
Event: 0.155 Loaded shared library C:\Users\User\.vscode\extensions\redhat.java-1.46.0-win32-x64\jre\21.0.8-win32-x86_64\bin\net.dll
Event: 0.159 Loaded shared library C:\Users\User\.vscode\extensions\redhat.java-1.46.0-win32-x64\jre\21.0.8-win32-x86_64\bin\nio.dll
Event: 0.170 Loaded shared library C:\Users\User\.vscode\extensions\redhat.java-1.46.0-win32-x64\jre\21.0.8-win32-x86_64\bin\zip.dll
Event: 0.209 Loaded shared library C:\Users\User\.vscode\extensions\redhat.java-1.46.0-win32-x64\jre\21.0.8-win32-x86_64\bin\jimage.dll
Event: 0.336 Loaded shared library c:\Users\User\.vscode\extensions\redhat.java-1.46.0-win32-x64\jre\21.0.8-win32-x86_64\bin\verify.dll
Event: 1.777 Loaded shared library C:\Users\User\AppData\Roaming\Code\User\globalStorage\redhat.java\1.46.0\config_win\org.eclipse.equinox.launcher\org.eclipse.equinox.launcher.win32.win32.x86_64_1.2.1400.v20250801-0854\eclipse_11916.dll
Event: 3.253 Loaded shared library C:\Users\User\AppData\Local\Temp\jna-2645995\jna10928634034781680502.dll

Deoptimization events (20 events):
Event: 2013.801 Thread 0x0000017ffd135cb0 Uncommon trap: trap_request=0xffffff45 fr.pc=0x0000017fe75fb0cc relative=0x000000000000028c
Event: 2013.801 Thread 0x0000017ffd135cb0 Uncommon trap: reason=unstable_if action=reinterpret pc=0x0000017fe75fb0cc method=org.eclipse.jdt.internal.core.SourceRefElement.equals(Ljava/lang/Object;)Z @ 33 c2
Event: 2013.801 Thread 0x0000017ffd135cb0 DEOPT PACKING pc=0x0000017fe75fb0cc sp=0x000000034c7fe040
Event: 2013.801 Thread 0x0000017ffd135cb0 DEOPT UNPACKING pc=0x0000017fe66a3aa2 sp=0x000000034c7fdfd8 mode 2
Event: 2013.801 Thread 0x0000017ffd135cb0 Uncommon trap: trap_request=0xffffff45 fr.pc=0x0000017fe75fb11c relative=0x00000000000002dc
Event: 2013.801 Thread 0x0000017ffd135cb0 Uncommon trap: reason=unstable_if action=reinterpret pc=0x0000017fe75fb11c method=org.eclipse.jdt.internal.core.JavaElement.equals(Ljava/lang/Object;)Z @ 50 c2
Event: 2013.801 Thread 0x0000017ffd135cb0 DEOPT PACKING pc=0x0000017fe75fb11c sp=0x000000034c7fe0f0
Event: 2013.801 Thread 0x0000017ffd135cb0 DEOPT UNPACKING pc=0x0000017fe66a3aa2 sp=0x000000034c7fe008 mode 2
Event: 2013.801 Thread 0x0000017ffd135cb0 Uncommon trap: trap_request=0xffffff45 fr.pc=0x0000017fe75cfdac relative=0x000000000000026c
Event: 2013.801 Thread 0x0000017ffd135cb0 Uncommon trap: reason=unstable_if action=reinterpret pc=0x0000017fe75cfdac method=org.eclipse.jdt.internal.core.JavaElement.equals(Ljava/lang/Object;)Z @ 50 c2
Event: 2013.801 Thread 0x0000017ffd135cb0 DEOPT PACKING pc=0x0000017fe75cfdac sp=0x000000034c7fe020
Event: 2013.801 Thread 0x0000017ffd135cb0 DEOPT UNPACKING pc=0x0000017fe66a3aa2 sp=0x000000034c7fdfb8 mode 2
Event: 2014.684 Thread 0x0000017ffc6d76a0 DEOPT PACKING pc=0x0000017fe14bc752 sp=0x00000003501fd830
Event: 2014.684 Thread 0x0000017ffc6d76a0 DEOPT UNPACKING pc=0x0000017fe66a4242 sp=0x00000003501fcd48 mode 0
Event: 2014.686 Thread 0x0000017ffc6d76a0 Uncommon trap: trap_request=0xffffffde fr.pc=0x0000017fe73cd3cc relative=0x00000000000005ec
Event: 2014.686 Thread 0x0000017ffc6d76a0 Uncommon trap: reason=class_check action=maybe_recompile pc=0x0000017fe73cd3cc method=java.util.HashMap.removeNode(ILjava/lang/Object;Ljava/lang/Object;ZZ)Ljava/util/HashMap$Node; @ 143 c2
Event: 2014.686 Thread 0x0000017ffc6d76a0 DEOPT PACKING pc=0x0000017fe73cd3cc sp=0x00000003501fde70
Event: 2014.687 Thread 0x0000017ffc6d76a0 DEOPT UNPACKING pc=0x0000017fe66a3aa2 sp=0x00000003501fdd78 mode 2
Event: 2014.949 Thread 0x0000017ffc950350 DEOPT PACKING pc=0x0000017fdfbc8069 sp=0x000000034d8fd5b0
Event: 2014.949 Thread 0x0000017ffc950350 DEOPT UNPACKING pc=0x0000017fe66a4242 sp=0x000000034d8fca98 mode 0

Classes loaded (20 events):
Event: 562.283 Loading class java/util/stream/ReduceOps$CountingSink$OfRef
Event: 562.283 Loading class java/util/stream/ReduceOps$CountingSink
Event: 562.283 Loading class java/util/stream/ReduceOps$CountingSink done
Event: 562.283 Loading class java/util/stream/ReduceOps$CountingSink$OfRef done
Event: 562.298 Loading class sun/nio/fs/WindowsFileCopy
Event: 562.300 Loading class sun/nio/fs/WindowsFileCopy done
Event: 669.873 Loading class java/util/stream/ReferencePipeline$4
Event: 669.873 Loading class java/util/stream/ReferencePipeline$4 done
Event: 669.874 Loading class java/util/stream/Nodes$IntFixedNodeBuilder
Event: 669.875 Loading class java/util/stream/Node$Builder$OfInt
Event: 669.875 Loading class java/util/stream/Node$Builder$OfInt done
Event: 669.875 Loading class java/util/stream/Nodes$IntArrayNode
Event: 669.875 Loading class java/util/stream/Nodes$IntArrayNode done
Event: 669.876 Loading class java/util/stream/Nodes$IntFixedNodeBuilder done
Event: 669.876 Loading class java/util/stream/ReferencePipeline$4$1
Event: 669.877 Loading class java/util/stream/ReferencePipeline$4$1 done
Event: 1576.491 Loading class java/lang/Throwable$WrappedPrintWriter
Event: 1576.491 Loading class java/lang/Throwable$PrintStreamOrWriter
Event: 1576.492 Loading class java/lang/Throwable$PrintStreamOrWriter done
Event: 1576.492 Loading class java/lang/Throwable$WrappedPrintWriter done

Classes unloaded (11 events):
Event: 4.023 Thread 0x0000017fd9b20a50 Unloading class 0x0000017f811ab000 'java/lang/invoke/LambdaForm$MH+0x0000017f811ab000'
Event: 4.023 Thread 0x0000017fd9b20a50 Unloading class 0x0000017f811aac00 'java/lang/invoke/LambdaForm$MH+0x0000017f811aac00'
Event: 4.023 Thread 0x0000017fd9b20a50 Unloading class 0x0000017f811aa800 'java/lang/invoke/LambdaForm$MH+0x0000017f811aa800'
Event: 4.023 Thread 0x0000017fd9b20a50 Unloading class 0x0000017f811aa400 'java/lang/invoke/LambdaForm$MH+0x0000017f811aa400'
Event: 4.023 Thread 0x0000017fd9b20a50 Unloading class 0x0000017f811aa000 'java/lang/invoke/LambdaForm$BMH+0x0000017f811aa000'
Event: 4.023 Thread 0x0000017fd9b20a50 Unloading class 0x0000017f811a9c00 'java/lang/invoke/LambdaForm$DMH+0x0000017f811a9c00'
Event: 4.023 Thread 0x0000017fd9b20a50 Unloading class 0x0000017f811a8c00 'java/lang/invoke/LambdaForm$DMH+0x0000017f811a8c00'
Event: 126.707 Thread 0x0000017fd9b20a50 Unloading class 0x0000017f8160d400 'java/lang/invoke/LambdaForm$DMH+0x0000017f8160d400'
Event: 126.707 Thread 0x0000017fd9b20a50 Unloading class 0x0000017f8160cc00 'java/lang/invoke/LambdaForm$DMH+0x0000017f8160cc00'
Event: 126.707 Thread 0x0000017fd9b20a50 Unloading class 0x0000017f8160d000 'java/lang/invoke/LambdaForm$DMH+0x0000017f8160d000'
Event: 126.707 Thread 0x0000017fd9b20a50 Unloading class 0x0000017f8160c800 'java/lang/invoke/LambdaForm$DMH+0x0000017f8160c800'

Classes redefined (0 events):
No events

Internal exceptions (20 events):
Event: 1560.671 Thread 0x0000017ffc94efa0 Exception <a 'java/lang/ArrayIndexOutOfBoundsException'{0x00000000d57902c0}> (0x00000000d57902c0) 
thrown [s\src\hotspot\share\runtime\sharedRuntime.cpp, line 625]
Event: 1561.497 Thread 0x0000017ff9f9f810 Exception <a 'sun/nio/fs/WindowsException'{0x00000000d5ad0c88}> (0x00000000d5ad0c88) 
thrown [s\src\hotspot\share\prims\jni.cpp, line 520]
Event: 1561.678 Thread 0x0000017ff9f9f810 Exception <a 'sun/nio/fs/WindowsException'{0x00000000d567f5c0}> (0x00000000d567f5c0) 
thrown [s\src\hotspot\share\prims\jni.cpp, line 520]
Event: 1576.659 Thread 0x0000017ffc94efa0 Exception <a 'java/lang/ArrayIndexOutOfBoundsException'{0x00000000d5856310}> (0x00000000d5856310) 
thrown [s\src\hotspot\share\runtime\sharedRuntime.cpp, line 625]
Event: 1603.465 Thread 0x0000017ff9f9d0b0 Exception <a 'sun/nio/fs/WindowsException'{0x00000000d5870e10}> (0x00000000d5870e10) 
thrown [s\src\hotspot\share\prims\jni.cpp, line 520]
Event: 1603.465 Thread 0x0000017ff9f9d0b0 Exception <a 'sun/nio/fs/WindowsException'{0x00000000d5871a18}> (0x00000000d5871a18) 
thrown [s\src\hotspot\share\prims\jni.cpp, line 520]
Event: 1787.114 Thread 0x0000017ffc6d62f0 Exception <a 'java/lang/ArrayIndexOutOfBoundsException'{0x00000000d559abb8}> (0x00000000d559abb8) 
thrown [s\src\hotspot\share\runtime\sharedRuntime.cpp, line 625]
Event: 1791.073 Thread 0x0000017ffc6d62f0 Exception <a 'java/lang/ArrayIndexOutOfBoundsException'{0x00000000d568d918}> (0x00000000d568d918) 
thrown [s\src\hotspot\share\runtime\sharedRuntime.cpp, line 625]
Event: 1791.912 Thread 0x0000017ff9f9f810 Exception <a 'sun/nio/fs/WindowsException'{0x00000000d563cd28}> (0x00000000d563cd28) 
thrown [s\src\hotspot\share\prims\jni.cpp, line 520]
Event: 1792.262 Thread 0x0000017ff9f9f810 Exception <a 'sun/nio/fs/WindowsException'{0x00000000d575f780}> (0x00000000d575f780) 
thrown [s\src\hotspot\share\prims\jni.cpp, line 520]
Event: 1800.712 Thread 0x0000017ffd135cb0 Exception <a 'java/lang/ArrayIndexOutOfBoundsException'{0x00000000d56effd8}> (0x00000000d56effd8) 
thrown [s\src\hotspot\share\runtime\sharedRuntime.cpp, line 625]
Event: 1833.985 Thread 0x0000017ffc6d76a0 Exception <a 'java/lang/IncompatibleClassChangeError'{0x00000000d58bdd50}: Found class java.lang.Object, but interface was expected> (0x00000000d58bdd50) 
thrown [s\src\hotspot\share\interpreter\linkResolver.cpp, line 840]
Event: 1834.184 Thread 0x0000017ffc6d62f0 Implicit null exception at 0x0000017fe75a06d7 to 0x0000017fe75a09c5
Event: 1834.184 Thread 0x0000017ffc6d62f0 Implicit null exception at 0x0000017fe754fa00 to 0x0000017fe754fcc5
Event: 1837.133 Thread 0x0000017ffc6d62f0 Implicit null exception at 0x0000017fe78124da to 0x0000017fe7812da4
Event: 1837.257 Thread 0x0000017ffc6d62f0 Exception <a 'java/lang/ArrayIndexOutOfBoundsException'{0x00000000d565daa0}> (0x00000000d565daa0) 
thrown [s\src\hotspot\share\runtime\sharedRuntime.cpp, line 625]
Event: 1838.113 Thread 0x0000017ff9f9f810 Exception <a 'sun/nio/fs/WindowsException'{0x00000000d5587480}> (0x00000000d5587480) 
thrown [s\src\hotspot\share\prims\jni.cpp, line 520]
Event: 1838.414 Thread 0x0000017ff9f9f810 Exception <a 'sun/nio/fs/WindowsException'{0x00000000d571d5d0}> (0x00000000d571d5d0) 
thrown [s\src\hotspot\share\prims\jni.cpp, line 520]
Event: 2014.685 Thread 0x0000017ff9f9f810 Exception <a 'sun/nio/fs/WindowsException'{0x00000000d56a4b68}> (0x00000000d56a4b68) 
thrown [s\src\hotspot\share\prims\jni.cpp, line 520]
Event: 2015.064 Thread 0x0000017ff9f9f810 Exception <a 'sun/nio/fs/WindowsException'{0x00000000d57e9810}> (0x00000000d57e9810) 
thrown [s\src\hotspot\share\prims\jni.cpp, line 520]

ZGC Phase Switch (0 events):
No events

VM Operations (20 events):
Event: 2014.989 Executing VM operation: ParallelGCFailedAllocation (Allocation Failure)
Event: 2014.993 Executing VM operation: ParallelGCFailedAllocation (Allocation Failure) done
Event: 2015.002 Executing VM operation: ParallelGCFailedAllocation (Allocation Failure)
Event: 2015.007 Executing VM operation: ParallelGCFailedAllocation (Allocation Failure) done
Event: 2015.068 Executing VM operation: ParallelGCFailedAllocation (Allocation Failure)
Event: 2015.075 Executing VM operation: ParallelGCFailedAllocation (Allocation Failure) done
Event: 2015.087 Executing VM operation: ParallelGCFailedAllocation (Allocation Failure)
Event: 2015.091 Executing VM operation: ParallelGCFailedAllocation (Allocation Failure) done
Event: 2015.107 Executing VM operation: ParallelGCFailedAllocation (Allocation Failure)
Event: 2015.113 Executing VM operation: ParallelGCFailedAllocation (Allocation Failure) done
Event: 2015.125 Executing VM operation: ParallelGCFailedAllocation (Allocation Failure)
Event: 2015.129 Executing VM operation: ParallelGCFailedAllocation (Allocation Failure) done
Event: 2015.137 Executing VM operation: ParallelGCFailedAllocation (Allocation Failure)
Event: 2015.140 Executing VM operation: ParallelGCFailedAllocation (Allocation Failure) done
Event: 2016.154 Executing VM operation: Cleanup
Event: 2016.154 Executing VM operation: Cleanup done
Event: 2044.812 Executing VM operation: HandshakeAllThreads (HandshakeForDeflation)
Event: 2044.812 Executing VM operation: HandshakeAllThreads (HandshakeForDeflation) done
Event: 2044.812 Executing VM operation: RendezvousGCThreads
Event: 2044.812 Executing VM operation: RendezvousGCThreads done

Memory protections (0 events):
No events

Nmethod flushes (20 events):
Event: 126.720 Thread 0x0000017fd9b20a50 flushing  nmethod 0x0000017fdf8b7990
Event: 126.720 Thread 0x0000017fd9b20a50 flushing  nmethod 0x0000017fdf8ba390
Event: 126.720 Thread 0x0000017fd9b20a50 flushing  nmethod 0x0000017fdf8c1490
Event: 126.720 Thread 0x0000017fd9b20a50 flushing  nmethod 0x0000017fdf8c2590
Event: 126.720 Thread 0x0000017fd9b20a50 flushing  nmethod 0x0000017fdf8e6b10
Event: 126.720 Thread 0x0000017fd9b20a50 flushing  nmethod 0x0000017fdf939110
Event: 126.720 Thread 0x0000017fd9b20a50 flushing  nmethod 0x0000017fdf956f10
Event: 126.720 Thread 0x0000017fd9b20a50 flushing  nmethod 0x0000017fdf968e10
Event: 126.720 Thread 0x0000017fd9b20a50 flushing  nmethod 0x0000017fdf969410
Event: 126.720 Thread 0x0000017fd9b20a50 flushing  nmethod 0x0000017fdf96c910
Event: 126.720 Thread 0x0000017fd9b20a50 flushing  nmethod 0x0000017fdf96cc90
Event: 126.720 Thread 0x0000017fd9b20a50 flushing  nmethod 0x0000017fdf96dd10
Event: 126.720 Thread 0x0000017fd9b20a50 flushing  nmethod 0x0000017fdf987810
Event: 126.720 Thread 0x0000017fd9b20a50 flushing  nmethod 0x0000017fdf987e10
Event: 126.720 Thread 0x0000017fd9b20a50 flushing  nmethod 0x0000017fdf988690
Event: 126.720 Thread 0x0000017fd9b20a50 flushing  nmethod 0x0000017fdf98b210
Event: 126.720 Thread 0x0000017fd9b20a50 flushing  nmethod 0x0000017fdf995490
Event: 126.720 Thread 0x0000017fd9b20a50 flushing  nmethod 0x0000017fdf9a4710
Event: 126.720 Thread 0x0000017fd9b20a50 flushing  nmethod 0x0000017fdf9a6410
Event: 126.720 Thread 0x0000017fd9b20a50 flushing osr nmethod 0x0000017fdf9c5210

Events (20 events):
Event: 1838.919 Thread 0x0000017ff3c8c310 Thread exited: 0x0000017ff3c8c310
Event: 1838.988 Thread 0x0000017ff3c35500 Thread added: 0x0000017ff3c8c310
Event: 1844.244 Thread 0x0000017ff3c8c310 Thread exited: 0x0000017ff3c8c310
Event: 1861.647 Thread 0x0000017ffd133550 Thread exited: 0x0000017ffd133550
Event: 1898.123 Thread 0x0000017ffc6d62f0 Thread exited: 0x0000017ffc6d62f0
Event: 1898.376 Thread 0x0000017ffd134900 Thread exited: 0x0000017ffd134900
Event: 1898.933 Thread 0x0000017ffd134f90 Thread exited: 0x0000017ffd134f90
Event: 1908.954 Thread 0x0000017ff3c35500 Thread added: 0x0000017ffba6bbb0
Event: 1910.560 Thread 0x0000017ffba6bbb0 Thread exited: 0x0000017ffba6bbb0
Event: 1913.098 Thread 0x0000017ff3c35500 Thread added: 0x0000017ffba6a740
Event: 1913.313 Thread 0x0000017ffba6a740 Thread exited: 0x0000017ffba6a740
Event: 1923.258 Thread 0x0000017ffc6d76a0 Thread added: 0x0000017ffc94e910
Event: 1923.272 Thread 0x0000017ffc953e60 Thread added: 0x0000017ffc952420
Event: 1923.287 Thread 0x0000017ff3c35500 Thread added: 0x0000017ffba6a740
Event: 1923.696 Thread 0x0000017ffba6a740 Thread exited: 0x0000017ffba6a740
Event: 1983.550 Thread 0x0000017ffc953e60 Thread exited: 0x0000017ffc953e60
Event: 2014.807 Thread 0x0000017ffc950350 Thread added: 0x0000017ffc94efa0
Event: 2014.846 Thread 0x0000017ffc950350 Thread added: 0x0000017ffc952ab0
Event: 2014.920 Thread 0x0000017ff3c35500 Thread added: 0x0000017ffba6c280
Event: 2020.611 Thread 0x0000017ffba6c280 Thread exited: 0x0000017ffba6c280


Dynamic libraries:
0x00007ff6c4330000 - 0x00007ff6c433e000 	c:\Users\User\.vscode\extensions\redhat.java-1.46.0-win32-x64\jre\21.0.8-win32-x86_64\bin\java.exe
0x00007ffdd47e0000 - 0x00007ffdd4a48000 	C:\WINDOWS\SYSTEM32\ntdll.dll
0x00007ffdd35b0000 - 0x00007ffdd3679000 	C:\WINDOWS\System32\KERNEL32.DLL
0x00007ffdd1970000 - 0x00007ffdd1d62000 	C:\WINDOWS\System32\KERNELBASE.dll
0x00007ffdd2240000 - 0x00007ffdd238b000 	C:\WINDOWS\System32\ucrtbase.dll
0x00007ffdb5090000 - 0x00007ffdb50ae000 	c:\Users\User\.vscode\extensions\redhat.java-1.46.0-win32-x64\jre\21.0.8-win32-x86_64\bin\VCRUNTIME140.dll
0x00007ffdb5250000 - 0x00007ffdb5268000 	c:\Users\User\.vscode\extensions\redhat.java-1.46.0-win32-x64\jre\21.0.8-win32-x86_64\bin\jli.dll
0x00007ffdd3270000 - 0x00007ffdd3435000 	C:\WINDOWS\System32\USER32.dll
0x00007ffdb44d0000 - 0x00007ffdb4763000 	C:\WINDOWS\WinSxS\amd64_microsoft.windows.common-controls_6595b64144ccf1df_6.0.26100.6725_none_3e085828e334708b\COMCTL32.dll
0x00007ffdd1ee0000 - 0x00007ffdd1f07000 	C:\WINDOWS\System32\win32u.dll
0x00007ffdd4620000 - 0x00007ffdd46c9000 	C:\WINDOWS\System32\msvcrt.dll
0x00007ffdd3580000 - 0x00007ffdd35ab000 	C:\WINDOWS\System32\GDI32.dll
0x00007ffdd1f10000 - 0x00007ffdd203d000 	C:\WINDOWS\System32\gdi32full.dll
0x00007ffdd2190000 - 0x00007ffdd2233000 	C:\WINDOWS\System32\msvcp_win.dll
0x00007ffdd45e0000 - 0x00007ffdd460f000 	C:\WINDOWS\System32\IMM32.DLL
0x00007ffdbe640000 - 0x00007ffdbe64c000 	c:\Users\User\.vscode\extensions\redhat.java-1.46.0-win32-x64\jre\21.0.8-win32-x86_64\bin\vcruntime140_1.dll
0x00007ffd8fd30000 - 0x00007ffd8fdbd000 	c:\Users\User\.vscode\extensions\redhat.java-1.46.0-win32-x64\jre\21.0.8-win32-x86_64\bin\msvcp140.dll
0x00007ffcdd690000 - 0x00007ffcde427000 	c:\Users\User\.vscode\extensions\redhat.java-1.46.0-win32-x64\jre\21.0.8-win32-x86_64\bin\server\jvm.dll
0x00007ffdd4450000 - 0x00007ffdd4504000 	C:\WINDOWS\System32\ADVAPI32.dll
0x00007ffdd3440000 - 0x00007ffdd34e6000 	C:\WINDOWS\System32\sechost.dll
0x00007ffdd2b40000 - 0x00007ffdd2c58000 	C:\WINDOWS\System32\RPCRT4.dll
0x00007ffdd31f0000 - 0x00007ffdd3264000 	C:\WINDOWS\System32\WS2_32.dll
0x00007ffdd11e0000 - 0x00007ffdd123e000 	C:\WINDOWS\SYSTEM32\POWRPROF.dll
0x00007ffdc8e10000 - 0x00007ffdc8e1b000 	C:\WINDOWS\SYSTEM32\VERSION.dll
0x00007ffdbafd0000 - 0x00007ffdbb005000 	C:\WINDOWS\SYSTEM32\WINMM.dll
0x00007ffdd11c0000 - 0x00007ffdd11d4000 	C:\WINDOWS\SYSTEM32\UMPDC.dll
0x00007ffdd0700000 - 0x00007ffdd071b000 	C:\WINDOWS\SYSTEM32\kernel.appcore.dll
0x00007ffdb9190000 - 0x00007ffdb919a000 	c:\Users\User\.vscode\extensions\redhat.java-1.46.0-win32-x64\jre\21.0.8-win32-x86_64\bin\jimage.dll
0x00007ffdce7c0000 - 0x00007ffdcea02000 	C:\WINDOWS\SYSTEM32\DBGHELP.DLL
0x00007ffdd2e70000 - 0x00007ffdd31eb000 	C:\WINDOWS\System32\combase.dll
0x00007ffdd2940000 - 0x00007ffdd2a17000 	C:\WINDOWS\System32\OLEAUT32.dll
0x00007ffdbb060000 - 0x00007ffdbb09c000 	C:\WINDOWS\SYSTEM32\dbgcore.DLL
0x00007ffdd2390000 - 0x00007ffdd2428000 	C:\WINDOWS\System32\bcryptPrimitives.dll
0x00007ffdb8e90000 - 0x00007ffdb8e9f000 	c:\Users\User\.vscode\extensions\redhat.java-1.46.0-win32-x64\jre\21.0.8-win32-x86_64\bin\instrument.dll
0x00007ffdb4f00000 - 0x00007ffdb4f1f000 	c:\Users\User\.vscode\extensions\redhat.java-1.46.0-win32-x64\jre\21.0.8-win32-x86_64\bin\java.dll
0x00007ffdd3cf0000 - 0x00007ffdd443c000 	C:\WINDOWS\System32\SHELL32.dll
0x00007ffdd1d70000 - 0x00007ffdd1edb000 	C:\WINDOWS\System32\wintypes.dll
0x00007ffdcf580000 - 0x00007ffdcfddd000 	C:\WINDOWS\SYSTEM32\windows.storage.dll
0x00007ffdd2a20000 - 0x00007ffdd2b12000 	C:\WINDOWS\System32\SHCORE.dll
0x00007ffdd4510000 - 0x00007ffdd4572000 	C:\WINDOWS\System32\shlwapi.dll
0x00007ffdd1890000 - 0x00007ffdd18b9000 	C:\WINDOWS\SYSTEM32\profapi.dll
0x00007ffdb18f0000 - 0x00007ffdb1908000 	c:\Users\User\.vscode\extensions\redhat.java-1.46.0-win32-x64\jre\21.0.8-win32-x86_64\bin\zip.dll
0x00007ffdb6800000 - 0x00007ffdb6810000 	C:\Users\User\.vscode\extensions\redhat.java-1.46.0-win32-x64\jre\21.0.8-win32-x86_64\bin\net.dll
0x00007ffdcabb0000 - 0x00007ffdcaccf000 	C:\WINDOWS\SYSTEM32\WINHTTP.dll
0x00007ffdd0c50000 - 0x00007ffdd0cbb000 	C:\WINDOWS\system32\mswsock.dll
0x00007ffdb33c0000 - 0x00007ffdb33d6000 	C:\Users\User\.vscode\extensions\redhat.java-1.46.0-win32-x64\jre\21.0.8-win32-x86_64\bin\nio.dll
0x00007ffdb5950000 - 0x00007ffdb5960000 	c:\Users\User\.vscode\extensions\redhat.java-1.46.0-win32-x64\jre\21.0.8-win32-x86_64\bin\verify.dll
0x00007ffd8c5b0000 - 0x00007ffd8c5f4000 	C:\Users\User\AppData\Roaming\Code\User\globalStorage\redhat.java\1.46.0\config_win\org.eclipse.equinox.launcher\org.eclipse.equinox.launcher.win32.win32.x86_64_1.2.1400.v20250801-0854\eclipse_11916.dll
0x00007ffdd26a0000 - 0x00007ffdd2838000 	C:\WINDOWS\System32\ole32.dll
0x00007ffdd1030000 - 0x00007ffdd104b000 	C:\WINDOWS\SYSTEM32\CRYPTSP.dll
0x00007ffdd0660000 - 0x00007ffdd069b000 	C:\WINDOWS\system32\rsaenh.dll
0x00007ffdd0cf0000 - 0x00007ffdd0d1b000 	C:\WINDOWS\SYSTEM32\USERENV.dll
0x00007ffdd1860000 - 0x00007ffdd1886000 	C:\WINDOWS\SYSTEM32\bcrypt.dll
0x00007ffdd0e90000 - 0x00007ffdd0e9c000 	C:\WINDOWS\SYSTEM32\CRYPTBASE.dll
0x00007ffdd0100000 - 0x00007ffdd0134000 	C:\WINDOWS\SYSTEM32\IPHLPAPI.DLL
0x00007ffdd25b0000 - 0x00007ffdd25ba000 	C:\WINDOWS\System32\NSI.dll
0x00007ffd8c560000 - 0x00007ffd8c5a9000 	C:\Users\User\AppData\Local\Temp\jna-2645995\jna10928634034781680502.dll
0x00007ffdd4440000 - 0x00007ffdd4448000 	C:\WINDOWS\System32\PSAPI.DLL
0x00007ffdcab80000 - 0x00007ffdcab9e000 	C:\WINDOWS\SYSTEM32\dhcpcsvc6.DLL
0x00007ffdcab50000 - 0x00007ffdcab73000 	C:\WINDOWS\SYSTEM32\dhcpcsvc.DLL

JVMTI agents:
c:\Users\User\.vscode\extensions\redhat.java-1.46.0-win32-x64\lombok\lombok-1.18.39-4050.jar path:c:\Users\User\.vscode\extensions\redhat.java-1.46.0-win32-x64\jre\21.0.8-win32-x86_64\bin\instrument.dll, loaded, initialized, instrumentlib options:none

dbghelp: loaded successfully - version: 4.0.5 - missing functions: none
symbol engine: initialized successfully - sym options: 0x614 - pdb path: .;c:\Users\User\.vscode\extensions\redhat.java-1.46.0-win32-x64\jre\21.0.8-win32-x86_64\bin;C:\WINDOWS\SYSTEM32;C:\WINDOWS\WinSxS\amd64_microsoft.windows.common-controls_6595b64144ccf1df_6.0.26100.6725_none_3e085828e334708b;c:\Users\User\.vscode\extensions\redhat.java-1.46.0-win32-x64\jre\21.0.8-win32-x86_64\bin\server;C:\Users\User\AppData\Roaming\Code\User\globalStorage\redhat.java\1.46.0\config_win\org.eclipse.equinox.launcher\org.eclipse.equinox.launcher.win32.win32.x86_64_1.2.1400.v20250801-0854;C:\Users\User\AppData\Local\Temp\jna-2645995

VM Arguments:
jvm_args: --add-modules=ALL-SYSTEM --add-opens=java.base/java.util=ALL-UNNAMED --add-opens=java.base/java.lang=ALL-UNNAMED --add-opens=java.base/sun.nio.fs=ALL-UNNAMED -Declipse.application=org.eclipse.jdt.ls.core.id1 -Dosgi.bundles.defaultStartLevel=4 -Declipse.product=org.eclipse.jdt.ls.core.product -Djava.import.generatesMetadataFilesAtProjectRoot=false -DDetectVMInstallationsJob.disabled=true -Dfile.encoding=utf8 -XX:+UseParallelGC -XX:GCTimeRatio=4 -XX:AdaptiveSizePolicyWeight=90 -Dsun.zip.disableMemoryMapping=true -Xmx2G -Xms100m -Xlog:disable -javaagent:c:\Users\User\.vscode\extensions\redhat.java-1.46.0-win32-x64\lombok\lombok-1.18.39-4050.jar -XX:+HeapDumpOnOutOfMemoryError -XX:HeapDumpPath=c:\Users\User\AppData\Roaming\Code\User\workspaceStorage\21c9f70c9e79e474f9d80e2caf38d8ea\redhat.java -Daether.dependencyCollector.impl=bf 
java_command: c:\Users\User\.vscode\extensions\redhat.java-1.46.0-win32-x64\server\plugins\org.eclipse.equinox.launcher_1.7.0.v20250519-0528.jar -configuration c:\Users\User\AppData\Roaming\Code\User\globalStorage\redhat.java\1.46.0\config_win -data c:\Users\User\AppData\Roaming\Code\User\workspaceStorage\21c9f70c9e79e474f9d80e2caf38d8ea\redhat.java\jdt_ws --pipe=\\.\pipe\lsp-111c7a1a4348575b24e224d1d185591c-sock
java_class_path (initial): c:\Users\User\.vscode\extensions\redhat.java-1.46.0-win32-x64\server\plugins\org.eclipse.equinox.launcher_1.7.0.v20250519-0528.jar
Launcher Type: SUN_STANDARD

[Global flags]
    uintx AdaptiveSizePolicyWeight                 = 90                                        {product} {command line}
     intx CICompilerCount                          = 4                                         {product} {ergonomic}
    uintx GCTimeRatio                              = 4                                         {product} {command line}
     bool HeapDumpOnOutOfMemoryError               = true                                   {manageable} {command line}
    ccstr HeapDumpPath                             = c:\Users\User\AppData\Roaming\Code\User\workspaceStorage\21c9f70c9e79e474f9d80e2caf38d8ea\redhat.java         {manageable} {command line}
   size_t InitialHeapSize                          = 104857600                                 {product} {command line}
   size_t MaxHeapSize                              = 2147483648                                {product} {command line}
   size_t MaxNewSize                               = 715653120                                 {product} {ergonomic}
   size_t MinHeapDeltaBytes                        = 524288                                    {product} {ergonomic}
   size_t MinHeapSize                              = 104857600                                 {product} {command line}
   size_t NewSize                                  = 34603008                                  {product} {ergonomic}
    uintx NonNMethodCodeHeapSize                   = 5839372                                {pd product} {ergonomic}
    uintx NonProfiledCodeHeapSize                  = 122909434                              {pd product} {ergonomic}
   size_t OldSize                                  = 70254592                                  {product} {ergonomic}
    uintx ProfiledCodeHeapSize                     = 122909434                              {pd product} {ergonomic}
    uintx ReservedCodeCacheSize                    = 251658240                              {pd product} {ergonomic}
     bool SegmentedCodeCache                       = true                                      {product} {ergonomic}
   size_t SoftMaxHeapSize                          = 2147483648                             {manageable} {ergonomic}
     bool UseCompressedOops                        = true                           {product lp64_product} {ergonomic}
     bool UseLargePagesIndividualAllocation        = false                                  {pd product} {ergonomic}
     bool UseParallelGC                            = true                                      {product} {command line}

Logging:
Log output configuration:
 #0: stdout all=off uptime,level,tags foldmultilines=false
 #1: stderr all=off uptime,level,tags foldmultilines=false

Environment Variables:
PATH=C:\Program Files\Eclipse Adoptium\jdk-25.0.0.36-hotspot\bin;C:\Python313\Scripts\;C:\Python313\;C:\oraclexe\app\oracle\product\11.2.0\server\bin;C:\Program Files (x86)\Common Files\Intel\Shared Libraries\redist\intel64\compiler;C:\Users\User\AppData\Local\Programs\Python\Python311\Scripts\;C:\WINDOWS\system32;C:\WINDOWS;C:\WINDOWS\System32\Wbem;C:\WINDOWS\System32\WindowsPowerShell\v1.0\;C:\WINDOWS\System32\OpenSSH\;C:\Program Files\dotnet\;C:\MinGW\bin;C:\Users\User\AppData\Local\Programs\Python\Python311;C:\Program Files\NVIDIA Corporation\NVIDIA app\NvDLISR;C:\Program Files (x86)\NVIDIA Corporation\PhysX\Common;C:\Program Files\nodejs\;C:\ProgramData\chocolatey\bin;C:\Program Files\Git\cmd;F:\apache-maven-3.9.11\bin;C:\Users\User\AppData\Local\Programs\Python\Python311\Scripts\;C:\Users\User\AppData\Local\Programs\Python\Python311\;C:\Users\User\AppData\Local\Microsoft\WindowsApps;;C:\Program Files\JetBrains\PyCharm Community Edition 2022.2.3\bin;;C:\Users\User\AppData\Local\Programs\Microsoft VS Code\bin;F:\IntelliJ IDEA Community Edition 2023.1\bin;;C:\Users\User\AppData\Roaming\npm;C:\Program Files (x86)\Nmap;F:\cursor\resources\app\bin
USERNAME=User
OS=Windows_NT
PROCESSOR_IDENTIFIER=Intel64 Family 6 Model 165 Stepping 2, GenuineIntel
TMP=C:\Users\User\AppData\Local\Temp
TEMP=C:\Users\User\AppData\Local\Temp




Periodic native trim disabled

---------------  S Y S T E M  ---------------

OS:
 Windows 11 , 64 bit Build 26100 (10.0.26100.6725)
OS uptime: 0 days 2:27 hours
Hyper-V role detected

CPU: total 12 (initial active 12) (6 cores per cpu, 2 threads per core) family 6 model 165 stepping 2 microcode 0x100, cx8, cmov, fxsr, ht, mmx, 3dnowpref, sse, sse2, sse3, ssse3, sse4.1, sse4.2, popcnt, lzcnt, tsc, tscinvbit, avx, avx2, aes, erms, clmul, bmi1, bmi2, adx, fma, vzeroupper, clflush, clflushopt, hv, rdtscp, f16c
Processor Information for the first 12 processors :
  Max Mhz: 2496, Current Mhz: 2496, Mhz Limit: 2496

Memory: 4k page, system-wide physical 7967M (388M free)
TotalPageFile size 14826M (AvailPageFile size 2M)
current process WorkingSet (physical memory assigned to process): 838M, peak: 1140M
current process commit charge ("private bytes"): 1499M, peak: 1505M

vm_info: OpenJDK 64-Bit Server VM (21.0.8+9-LTS) for windows-amd64 JRE (21.0.8+9-LTS), built on 2025-07-15T00:00:00Z by "admin" with MS VC++ 17.7 (VS2022)

END.
